TimeQuest Timing Analyzer report for two_d_dct
Tue Mar 31 14:49:04 2009
Quartus II Version 8.0 Build 215 05/29/2008 SJ Full Version


---------------------
; Table of Contents ;
---------------------
  1. Legal Notice
  2. TimeQuest Timing Analyzer Summary
  3. SDC File List
  4. Clocks
  5. Slow Model Fmax Summary
  6. Slow Model Setup Summary
  7. Slow Model Hold Summary
  8. Slow Model Recovery Summary
  9. Slow Model Removal Summary
 10. Slow Model Minimum Pulse Width
 11. Setup Times
 12. Hold Times
 13. Clock to Output Times
 14. Minimum Clock to Output Times
 15. Fast Model Setup Summary
 16. Fast Model Hold Summary
 17. Fast Model Recovery Summary
 18. Fast Model Removal Summary
 19. Fast Model Minimum Pulse Width
 20. Setup Times
 21. Hold Times
 22. Clock to Output Times
 23. Minimum Clock to Output Times
 24. Multicorner Timing Analysis Summary
 25. Setup Transfers
 26. Hold Transfers
 27. Recovery Transfers
 28. Removal Transfers
 29. Report TCCS
 30. Report RSKM
 31. Unconstrained Paths
 32. TimeQuest Timing Analyzer Messages



----------------
; Legal Notice ;
----------------
Copyright (C) 1991-2008 Altera Corporation
Your use of Altera Corporation's design tools, logic functions 
and other software and tools, and its AMPP partner logic 
functions, and any output files from any of the foregoing 
(including device programming or simulation files), and any 
associated documentation or information are expressly subject 
to the terms and conditions of the Altera Program License 
Subscription Agreement, Altera MegaCore Function License 
Agreement, or other applicable license agreement, including, 
without limitation, that your use is for the sole purpose of 
programming logic devices manufactured by Altera and sold by 
Altera or its authorized distributors.  Please refer to the 
applicable agreement for further details.



+-----------------------------------------------------------------------+
; TimeQuest Timing Analyzer Summary                                     ;
+--------------------+--------------------------------------------------+
; Quartus II Version ; Version 8.0 Build 215 05/29/2008 SJ Full Version ;
; Revision Name      ; two_d_dct                                        ;
; Device Family      ; Stratix II                                       ;
; Device Name        ; EP2S15F484C3                                     ;
; Timing Models      ; Final                                            ;
; Delay Model        ; Combined                                         ;
; Rise/Fall Delays   ; Unavailable                                      ;
+--------------------+--------------------------------------------------+


+---------------------------------------------------+
; SDC File List                                     ;
+---------------+--------+--------------------------+
; SDC File Path ; Status ; Read at                  ;
+---------------+--------+--------------------------+
; two_d_dct.sdc ; OK     ; Tue Mar 31 14:48:59 2009 ;
+---------------+--------+--------------------------+


+--------------------------------------------------------------------------------------------------------------------------------------------------------------------------------+
; Clocks                                                                                                                                                                         ;
+------------+------+--------+-----------+-------+-------+------------+-----------+-------------+-------+--------+-----------+------------+----------+--------+--------+---------+
; Clock Name ; Type ; Period ; Frequency ; Rise  ; Fall  ; Duty Cycle ; Divide by ; Multiply by ; Phase ; Offset ; Edge List ; Edge Shift ; Inverted ; Master ; Source ; Targets ;
+------------+------+--------+-----------+-------+-------+------------+-----------+-------------+-------+--------+-----------+------------+----------+--------+--------+---------+
; clk        ; Base ; 4.000  ; 250.0 MHz ; 0.000 ; 2.000 ;            ;           ;             ;       ;        ;           ;            ;          ;        ;        ; { clk } ;
+------------+------+--------+-----------+-------+-------+------------+-----------+-------------+-------+--------+-----------+------------+----------+--------+--------+---------+


+--------------------------------------------------+
; Slow Model Fmax Summary                          ;
+------------+-----------------+------------+------+
; Fmax       ; Restricted Fmax ; Clock Name ; Note ;
+------------+-----------------+------------+------+
; 184.37 MHz ; 184.37 MHz      ; clk        ;      ;
+------------+-----------------+------------+------+
This panel reports FMAX for every clock in the design, regardless of the user-specified clock periods.  FMAX is only computed for paths where the source and destination registers or ports are driven by the same clock.  Paths of different clocks, including generated clocks, are ignored.  For paths between a clock and its inversion, FMAX is computed as if the rising and falling edges are scaled along with FMAX, such that the duty cycle (in terms of a percentage) is maintained. Altera recommends that you always use clock constraints and other slack reports for sign-off analysis.


+--------------------------------+
; Slow Model Setup Summary       ;
+-------+--------+---------------+
; Clock ; Slack  ; End Point TNS ;
+-------+--------+---------------+
; clk   ; -1.424 ; -28.445       ;
+-------+--------+---------------+


+-------------------------------+
; Slow Model Hold Summary       ;
+-------+-------+---------------+
; Clock ; Slack ; End Point TNS ;
+-------+-------+---------------+
; clk   ; 0.341 ; 0.000         ;
+-------+-------+---------------+


+-------------------------------+
; Slow Model Recovery Summary   ;
+-------+-------+---------------+
; Clock ; Slack ; End Point TNS ;
+-------+-------+---------------+
; clk   ; 1.034 ; 0.000         ;
+-------+-------+---------------+


+-------------------------------+
; Slow Model Removal Summary    ;
+-------+-------+---------------+
; Clock ; Slack ; End Point TNS ;
+-------+-------+---------------+
; clk   ; 1.156 ; 0.000         ;
+-------+-------+---------------+


+------------------------------------------------------------------------------------------------------------------------------------------------------------------------------------------------------------------------------------------------------------------------------------------+
; Slow Model Minimum Pulse Width                                                                                                                                                                                                                                                           ;
+-------+--------------+----------------+------------------+-------+------------+----------------------------------------------------------------------------------------------------------------------------------------------------------------------------------------------------------+
; Slack ; Actual Width ; Required Width ; Type             ; Clock ; Clock Edge ; Target                                                                                                                                                                                                   ;
+-------+--------------+----------------+------------------+-------+------------+----------------------------------------------------------------------------------------------------------------------------------------------------------------------------------------------------------+
; 0.781 ; 2.000        ; 1.219          ; High Pulse Width ; clk   ; Rise       ; row_dct:row_dct_inst|dct:u1|four_mult_add_blk:four_mult_add_blk_inst0|four_mult_add:four_mult_add_inst|altmult_add:ALTMULT_ADD_component|mult_add_tc05:auto_generated|mac_mult1                          ;
; 0.781 ; 2.000        ; 1.219          ; Low Pulse Width  ; clk   ; Rise       ; row_dct:row_dct_inst|dct:u1|four_mult_add_blk:four_mult_add_blk_inst0|four_mult_add:four_mult_add_inst|altmult_add:ALTMULT_ADD_component|mult_add_tc05:auto_generated|mac_mult1                          ;
; 0.781 ; 2.000        ; 1.219          ; High Pulse Width ; clk   ; Rise       ; row_dct:row_dct_inst|dct:u1|four_mult_add_blk:four_mult_add_blk_inst0|four_mult_add:four_mult_add_inst|altmult_add:ALTMULT_ADD_component|mult_add_tc05:auto_generated|mac_mult1~DATAOUT1                 ;
; 0.781 ; 2.000        ; 1.219          ; Low Pulse Width  ; clk   ; Rise       ; row_dct:row_dct_inst|dct:u1|four_mult_add_blk:four_mult_add_blk_inst0|four_mult_add:four_mult_add_inst|altmult_add:ALTMULT_ADD_component|mult_add_tc05:auto_generated|mac_mult1~DATAOUT1                 ;
; 0.781 ; 2.000        ; 1.219          ; High Pulse Width ; clk   ; Rise       ; row_dct:row_dct_inst|dct:u1|four_mult_add_blk:four_mult_add_blk_inst0|four_mult_add:four_mult_add_inst|altmult_add:ALTMULT_ADD_component|mult_add_tc05:auto_generated|mac_mult1~DATAOUT10                ;
; 0.781 ; 2.000        ; 1.219          ; Low Pulse Width  ; clk   ; Rise       ; row_dct:row_dct_inst|dct:u1|four_mult_add_blk:four_mult_add_blk_inst0|four_mult_add:four_mult_add_inst|altmult_add:ALTMULT_ADD_component|mult_add_tc05:auto_generated|mac_mult1~DATAOUT10                ;
; 0.781 ; 2.000        ; 1.219          ; High Pulse Width ; clk   ; Rise       ; row_dct:row_dct_inst|dct:u1|four_mult_add_blk:four_mult_add_blk_inst0|four_mult_add:four_mult_add_inst|altmult_add:ALTMULT_ADD_component|mult_add_tc05:auto_generated|mac_mult1~DATAOUT11                ;
; 0.781 ; 2.000        ; 1.219          ; Low Pulse Width  ; clk   ; Rise       ; row_dct:row_dct_inst|dct:u1|four_mult_add_blk:four_mult_add_blk_inst0|four_mult_add:four_mult_add_inst|altmult_add:ALTMULT_ADD_component|mult_add_tc05:auto_generated|mac_mult1~DATAOUT11                ;
; 0.781 ; 2.000        ; 1.219          ; High Pulse Width ; clk   ; Rise       ; row_dct:row_dct_inst|dct:u1|four_mult_add_blk:four_mult_add_blk_inst0|four_mult_add:four_mult_add_inst|altmult_add:ALTMULT_ADD_component|mult_add_tc05:auto_generated|mac_mult1~DATAOUT12                ;
; 0.781 ; 2.000        ; 1.219          ; Low Pulse Width  ; clk   ; Rise       ; row_dct:row_dct_inst|dct:u1|four_mult_add_blk:four_mult_add_blk_inst0|four_mult_add:four_mult_add_inst|altmult_add:ALTMULT_ADD_component|mult_add_tc05:auto_generated|mac_mult1~DATAOUT12                ;
; 0.781 ; 2.000        ; 1.219          ; High Pulse Width ; clk   ; Rise       ; row_dct:row_dct_inst|dct:u1|four_mult_add_blk:four_mult_add_blk_inst0|four_mult_add:four_mult_add_inst|altmult_add:ALTMULT_ADD_component|mult_add_tc05:auto_generated|mac_mult1~DATAOUT13                ;
; 0.781 ; 2.000        ; 1.219          ; Low Pulse Width  ; clk   ; Rise       ; row_dct:row_dct_inst|dct:u1|four_mult_add_blk:four_mult_add_blk_inst0|four_mult_add:four_mult_add_inst|altmult_add:ALTMULT_ADD_component|mult_add_tc05:auto_generated|mac_mult1~DATAOUT13                ;
; 0.781 ; 2.000        ; 1.219          ; High Pulse Width ; clk   ; Rise       ; row_dct:row_dct_inst|dct:u1|four_mult_add_blk:four_mult_add_blk_inst0|four_mult_add:four_mult_add_inst|altmult_add:ALTMULT_ADD_component|mult_add_tc05:auto_generated|mac_mult1~DATAOUT14                ;
; 0.781 ; 2.000        ; 1.219          ; Low Pulse Width  ; clk   ; Rise       ; row_dct:row_dct_inst|dct:u1|four_mult_add_blk:four_mult_add_blk_inst0|four_mult_add:four_mult_add_inst|altmult_add:ALTMULT_ADD_component|mult_add_tc05:auto_generated|mac_mult1~DATAOUT14                ;
; 0.781 ; 2.000        ; 1.219          ; High Pulse Width ; clk   ; Rise       ; row_dct:row_dct_inst|dct:u1|four_mult_add_blk:four_mult_add_blk_inst0|four_mult_add:four_mult_add_inst|altmult_add:ALTMULT_ADD_component|mult_add_tc05:auto_generated|mac_mult1~DATAOUT15                ;
; 0.781 ; 2.000        ; 1.219          ; Low Pulse Width  ; clk   ; Rise       ; row_dct:row_dct_inst|dct:u1|four_mult_add_blk:four_mult_add_blk_inst0|four_mult_add:four_mult_add_inst|altmult_add:ALTMULT_ADD_component|mult_add_tc05:auto_generated|mac_mult1~DATAOUT15                ;
; 0.781 ; 2.000        ; 1.219          ; High Pulse Width ; clk   ; Rise       ; row_dct:row_dct_inst|dct:u1|four_mult_add_blk:four_mult_add_blk_inst0|four_mult_add:four_mult_add_inst|altmult_add:ALTMULT_ADD_component|mult_add_tc05:auto_generated|mac_mult1~DATAOUT16                ;
; 0.781 ; 2.000        ; 1.219          ; Low Pulse Width  ; clk   ; Rise       ; row_dct:row_dct_inst|dct:u1|four_mult_add_blk:four_mult_add_blk_inst0|four_mult_add:four_mult_add_inst|altmult_add:ALTMULT_ADD_component|mult_add_tc05:auto_generated|mac_mult1~DATAOUT16                ;
; 0.781 ; 2.000        ; 1.219          ; High Pulse Width ; clk   ; Rise       ; row_dct:row_dct_inst|dct:u1|four_mult_add_blk:four_mult_add_blk_inst0|four_mult_add:four_mult_add_inst|altmult_add:ALTMULT_ADD_component|mult_add_tc05:auto_generated|mac_mult1~DATAOUT17                ;
; 0.781 ; 2.000        ; 1.219          ; Low Pulse Width  ; clk   ; Rise       ; row_dct:row_dct_inst|dct:u1|four_mult_add_blk:four_mult_add_blk_inst0|four_mult_add:four_mult_add_inst|altmult_add:ALTMULT_ADD_component|mult_add_tc05:auto_generated|mac_mult1~DATAOUT17                ;
; 0.781 ; 2.000        ; 1.219          ; High Pulse Width ; clk   ; Rise       ; row_dct:row_dct_inst|dct:u1|four_mult_add_blk:four_mult_add_blk_inst0|four_mult_add:four_mult_add_inst|altmult_add:ALTMULT_ADD_component|mult_add_tc05:auto_generated|mac_mult1~DATAOUT18                ;
; 0.781 ; 2.000        ; 1.219          ; Low Pulse Width  ; clk   ; Rise       ; row_dct:row_dct_inst|dct:u1|four_mult_add_blk:four_mult_add_blk_inst0|four_mult_add:four_mult_add_inst|altmult_add:ALTMULT_ADD_component|mult_add_tc05:auto_generated|mac_mult1~DATAOUT18                ;
; 0.781 ; 2.000        ; 1.219          ; High Pulse Width ; clk   ; Rise       ; row_dct:row_dct_inst|dct:u1|four_mult_add_blk:four_mult_add_blk_inst0|four_mult_add:four_mult_add_inst|altmult_add:ALTMULT_ADD_component|mult_add_tc05:auto_generated|mac_mult1~DATAOUT19                ;
; 0.781 ; 2.000        ; 1.219          ; Low Pulse Width  ; clk   ; Rise       ; row_dct:row_dct_inst|dct:u1|four_mult_add_blk:four_mult_add_blk_inst0|four_mult_add:four_mult_add_inst|altmult_add:ALTMULT_ADD_component|mult_add_tc05:auto_generated|mac_mult1~DATAOUT19                ;
; 0.781 ; 2.000        ; 1.219          ; High Pulse Width ; clk   ; Rise       ; row_dct:row_dct_inst|dct:u1|four_mult_add_blk:four_mult_add_blk_inst0|four_mult_add:four_mult_add_inst|altmult_add:ALTMULT_ADD_component|mult_add_tc05:auto_generated|mac_mult1~DATAOUT2                 ;
; 0.781 ; 2.000        ; 1.219          ; Low Pulse Width  ; clk   ; Rise       ; row_dct:row_dct_inst|dct:u1|four_mult_add_blk:four_mult_add_blk_inst0|four_mult_add:four_mult_add_inst|altmult_add:ALTMULT_ADD_component|mult_add_tc05:auto_generated|mac_mult1~DATAOUT2                 ;
; 0.781 ; 2.000        ; 1.219          ; High Pulse Width ; clk   ; Rise       ; row_dct:row_dct_inst|dct:u1|four_mult_add_blk:four_mult_add_blk_inst0|four_mult_add:four_mult_add_inst|altmult_add:ALTMULT_ADD_component|mult_add_tc05:auto_generated|mac_mult1~DATAOUT20                ;
; 0.781 ; 2.000        ; 1.219          ; Low Pulse Width  ; clk   ; Rise       ; row_dct:row_dct_inst|dct:u1|four_mult_add_blk:four_mult_add_blk_inst0|four_mult_add:four_mult_add_inst|altmult_add:ALTMULT_ADD_component|mult_add_tc05:auto_generated|mac_mult1~DATAOUT20                ;
; 0.781 ; 2.000        ; 1.219          ; High Pulse Width ; clk   ; Rise       ; row_dct:row_dct_inst|dct:u1|four_mult_add_blk:four_mult_add_blk_inst0|four_mult_add:four_mult_add_inst|altmult_add:ALTMULT_ADD_component|mult_add_tc05:auto_generated|mac_mult1~DATAOUT21                ;
; 0.781 ; 2.000        ; 1.219          ; Low Pulse Width  ; clk   ; Rise       ; row_dct:row_dct_inst|dct:u1|four_mult_add_blk:four_mult_add_blk_inst0|four_mult_add:four_mult_add_inst|altmult_add:ALTMULT_ADD_component|mult_add_tc05:auto_generated|mac_mult1~DATAOUT21                ;
; 0.781 ; 2.000        ; 1.219          ; High Pulse Width ; clk   ; Rise       ; row_dct:row_dct_inst|dct:u1|four_mult_add_blk:four_mult_add_blk_inst0|four_mult_add:four_mult_add_inst|altmult_add:ALTMULT_ADD_component|mult_add_tc05:auto_generated|mac_mult1~DATAOUT22                ;
; 0.781 ; 2.000        ; 1.219          ; Low Pulse Width  ; clk   ; Rise       ; row_dct:row_dct_inst|dct:u1|four_mult_add_blk:four_mult_add_blk_inst0|four_mult_add:four_mult_add_inst|altmult_add:ALTMULT_ADD_component|mult_add_tc05:auto_generated|mac_mult1~DATAOUT22                ;
; 0.781 ; 2.000        ; 1.219          ; High Pulse Width ; clk   ; Rise       ; row_dct:row_dct_inst|dct:u1|four_mult_add_blk:four_mult_add_blk_inst0|four_mult_add:four_mult_add_inst|altmult_add:ALTMULT_ADD_component|mult_add_tc05:auto_generated|mac_mult1~DATAOUT23                ;
; 0.781 ; 2.000        ; 1.219          ; Low Pulse Width  ; clk   ; Rise       ; row_dct:row_dct_inst|dct:u1|four_mult_add_blk:four_mult_add_blk_inst0|four_mult_add:four_mult_add_inst|altmult_add:ALTMULT_ADD_component|mult_add_tc05:auto_generated|mac_mult1~DATAOUT23                ;
; 0.781 ; 2.000        ; 1.219          ; High Pulse Width ; clk   ; Rise       ; row_dct:row_dct_inst|dct:u1|four_mult_add_blk:four_mult_add_blk_inst0|four_mult_add:four_mult_add_inst|altmult_add:ALTMULT_ADD_component|mult_add_tc05:auto_generated|mac_mult1~DATAOUT24                ;
; 0.781 ; 2.000        ; 1.219          ; Low Pulse Width  ; clk   ; Rise       ; row_dct:row_dct_inst|dct:u1|four_mult_add_blk:four_mult_add_blk_inst0|four_mult_add:four_mult_add_inst|altmult_add:ALTMULT_ADD_component|mult_add_tc05:auto_generated|mac_mult1~DATAOUT24                ;
; 0.781 ; 2.000        ; 1.219          ; High Pulse Width ; clk   ; Rise       ; row_dct:row_dct_inst|dct:u1|four_mult_add_blk:four_mult_add_blk_inst0|four_mult_add:four_mult_add_inst|altmult_add:ALTMULT_ADD_component|mult_add_tc05:auto_generated|mac_mult1~DATAOUT25                ;
; 0.781 ; 2.000        ; 1.219          ; Low Pulse Width  ; clk   ; Rise       ; row_dct:row_dct_inst|dct:u1|four_mult_add_blk:four_mult_add_blk_inst0|four_mult_add:four_mult_add_inst|altmult_add:ALTMULT_ADD_component|mult_add_tc05:auto_generated|mac_mult1~DATAOUT25                ;
; 0.781 ; 2.000        ; 1.219          ; High Pulse Width ; clk   ; Rise       ; row_dct:row_dct_inst|dct:u1|four_mult_add_blk:four_mult_add_blk_inst0|four_mult_add:four_mult_add_inst|altmult_add:ALTMULT_ADD_component|mult_add_tc05:auto_generated|mac_mult1~DATAOUT26                ;
; 0.781 ; 2.000        ; 1.219          ; Low Pulse Width  ; clk   ; Rise       ; row_dct:row_dct_inst|dct:u1|four_mult_add_blk:four_mult_add_blk_inst0|four_mult_add:four_mult_add_inst|altmult_add:ALTMULT_ADD_component|mult_add_tc05:auto_generated|mac_mult1~DATAOUT26                ;
; 0.781 ; 2.000        ; 1.219          ; High Pulse Width ; clk   ; Rise       ; row_dct:row_dct_inst|dct:u1|four_mult_add_blk:four_mult_add_blk_inst0|four_mult_add:four_mult_add_inst|altmult_add:ALTMULT_ADD_component|mult_add_tc05:auto_generated|mac_mult1~DATAOUT27                ;
; 0.781 ; 2.000        ; 1.219          ; Low Pulse Width  ; clk   ; Rise       ; row_dct:row_dct_inst|dct:u1|four_mult_add_blk:four_mult_add_blk_inst0|four_mult_add:four_mult_add_inst|altmult_add:ALTMULT_ADD_component|mult_add_tc05:auto_generated|mac_mult1~DATAOUT27                ;
; 0.781 ; 2.000        ; 1.219          ; High Pulse Width ; clk   ; Rise       ; row_dct:row_dct_inst|dct:u1|four_mult_add_blk:four_mult_add_blk_inst0|four_mult_add:four_mult_add_inst|altmult_add:ALTMULT_ADD_component|mult_add_tc05:auto_generated|mac_mult1~DATAOUT28                ;
; 0.781 ; 2.000        ; 1.219          ; Low Pulse Width  ; clk   ; Rise       ; row_dct:row_dct_inst|dct:u1|four_mult_add_blk:four_mult_add_blk_inst0|four_mult_add:four_mult_add_inst|altmult_add:ALTMULT_ADD_component|mult_add_tc05:auto_generated|mac_mult1~DATAOUT28                ;
; 0.781 ; 2.000        ; 1.219          ; High Pulse Width ; clk   ; Rise       ; row_dct:row_dct_inst|dct:u1|four_mult_add_blk:four_mult_add_blk_inst0|four_mult_add:four_mult_add_inst|altmult_add:ALTMULT_ADD_component|mult_add_tc05:auto_generated|mac_mult1~DATAOUT29                ;
; 0.781 ; 2.000        ; 1.219          ; Low Pulse Width  ; clk   ; Rise       ; row_dct:row_dct_inst|dct:u1|four_mult_add_blk:four_mult_add_blk_inst0|four_mult_add:four_mult_add_inst|altmult_add:ALTMULT_ADD_component|mult_add_tc05:auto_generated|mac_mult1~DATAOUT29                ;
; 0.781 ; 2.000        ; 1.219          ; High Pulse Width ; clk   ; Rise       ; row_dct:row_dct_inst|dct:u1|four_mult_add_blk:four_mult_add_blk_inst0|four_mult_add:four_mult_add_inst|altmult_add:ALTMULT_ADD_component|mult_add_tc05:auto_generated|mac_mult1~DATAOUT3                 ;
; 0.781 ; 2.000        ; 1.219          ; Low Pulse Width  ; clk   ; Rise       ; row_dct:row_dct_inst|dct:u1|four_mult_add_blk:four_mult_add_blk_inst0|four_mult_add:four_mult_add_inst|altmult_add:ALTMULT_ADD_component|mult_add_tc05:auto_generated|mac_mult1~DATAOUT3                 ;
; 0.781 ; 2.000        ; 1.219          ; High Pulse Width ; clk   ; Rise       ; row_dct:row_dct_inst|dct:u1|four_mult_add_blk:four_mult_add_blk_inst0|four_mult_add:four_mult_add_inst|altmult_add:ALTMULT_ADD_component|mult_add_tc05:auto_generated|mac_mult1~DATAOUT30                ;
; 0.781 ; 2.000        ; 1.219          ; Low Pulse Width  ; clk   ; Rise       ; row_dct:row_dct_inst|dct:u1|four_mult_add_blk:four_mult_add_blk_inst0|four_mult_add:four_mult_add_inst|altmult_add:ALTMULT_ADD_component|mult_add_tc05:auto_generated|mac_mult1~DATAOUT30                ;
; 0.781 ; 2.000        ; 1.219          ; High Pulse Width ; clk   ; Rise       ; row_dct:row_dct_inst|dct:u1|four_mult_add_blk:four_mult_add_blk_inst0|four_mult_add:four_mult_add_inst|altmult_add:ALTMULT_ADD_component|mult_add_tc05:auto_generated|mac_mult1~DATAOUT31                ;
; 0.781 ; 2.000        ; 1.219          ; Low Pulse Width  ; clk   ; Rise       ; row_dct:row_dct_inst|dct:u1|four_mult_add_blk:four_mult_add_blk_inst0|four_mult_add:four_mult_add_inst|altmult_add:ALTMULT_ADD_component|mult_add_tc05:auto_generated|mac_mult1~DATAOUT31                ;
; 0.781 ; 2.000        ; 1.219          ; High Pulse Width ; clk   ; Rise       ; row_dct:row_dct_inst|dct:u1|four_mult_add_blk:four_mult_add_blk_inst0|four_mult_add:four_mult_add_inst|altmult_add:ALTMULT_ADD_component|mult_add_tc05:auto_generated|mac_mult1~DATAOUT32                ;
; 0.781 ; 2.000        ; 1.219          ; Low Pulse Width  ; clk   ; Rise       ; row_dct:row_dct_inst|dct:u1|four_mult_add_blk:four_mult_add_blk_inst0|four_mult_add:four_mult_add_inst|altmult_add:ALTMULT_ADD_component|mult_add_tc05:auto_generated|mac_mult1~DATAOUT32                ;
; 0.781 ; 2.000        ; 1.219          ; High Pulse Width ; clk   ; Rise       ; row_dct:row_dct_inst|dct:u1|four_mult_add_blk:four_mult_add_blk_inst0|four_mult_add:four_mult_add_inst|altmult_add:ALTMULT_ADD_component|mult_add_tc05:auto_generated|mac_mult1~DATAOUT33                ;
; 0.781 ; 2.000        ; 1.219          ; Low Pulse Width  ; clk   ; Rise       ; row_dct:row_dct_inst|dct:u1|four_mult_add_blk:four_mult_add_blk_inst0|four_mult_add:four_mult_add_inst|altmult_add:ALTMULT_ADD_component|mult_add_tc05:auto_generated|mac_mult1~DATAOUT33                ;
; 0.781 ; 2.000        ; 1.219          ; High Pulse Width ; clk   ; Rise       ; row_dct:row_dct_inst|dct:u1|four_mult_add_blk:four_mult_add_blk_inst0|four_mult_add:four_mult_add_inst|altmult_add:ALTMULT_ADD_component|mult_add_tc05:auto_generated|mac_mult1~DATAOUT34                ;
; 0.781 ; 2.000        ; 1.219          ; Low Pulse Width  ; clk   ; Rise       ; row_dct:row_dct_inst|dct:u1|four_mult_add_blk:four_mult_add_blk_inst0|four_mult_add:four_mult_add_inst|altmult_add:ALTMULT_ADD_component|mult_add_tc05:auto_generated|mac_mult1~DATAOUT34                ;
; 0.781 ; 2.000        ; 1.219          ; High Pulse Width ; clk   ; Rise       ; row_dct:row_dct_inst|dct:u1|four_mult_add_blk:four_mult_add_blk_inst0|four_mult_add:four_mult_add_inst|altmult_add:ALTMULT_ADD_component|mult_add_tc05:auto_generated|mac_mult1~DATAOUT35                ;
; 0.781 ; 2.000        ; 1.219          ; Low Pulse Width  ; clk   ; Rise       ; row_dct:row_dct_inst|dct:u1|four_mult_add_blk:four_mult_add_blk_inst0|four_mult_add:four_mult_add_inst|altmult_add:ALTMULT_ADD_component|mult_add_tc05:auto_generated|mac_mult1~DATAOUT35                ;
; 0.781 ; 2.000        ; 1.219          ; High Pulse Width ; clk   ; Rise       ; row_dct:row_dct_inst|dct:u1|four_mult_add_blk:four_mult_add_blk_inst0|four_mult_add:four_mult_add_inst|altmult_add:ALTMULT_ADD_component|mult_add_tc05:auto_generated|mac_mult1~DATAOUT4                 ;
; 0.781 ; 2.000        ; 1.219          ; Low Pulse Width  ; clk   ; Rise       ; row_dct:row_dct_inst|dct:u1|four_mult_add_blk:four_mult_add_blk_inst0|four_mult_add:four_mult_add_inst|altmult_add:ALTMULT_ADD_component|mult_add_tc05:auto_generated|mac_mult1~DATAOUT4                 ;
; 0.781 ; 2.000        ; 1.219          ; High Pulse Width ; clk   ; Rise       ; row_dct:row_dct_inst|dct:u1|four_mult_add_blk:four_mult_add_blk_inst0|four_mult_add:four_mult_add_inst|altmult_add:ALTMULT_ADD_component|mult_add_tc05:auto_generated|mac_mult1~DATAOUT5                 ;
; 0.781 ; 2.000        ; 1.219          ; Low Pulse Width  ; clk   ; Rise       ; row_dct:row_dct_inst|dct:u1|four_mult_add_blk:four_mult_add_blk_inst0|four_mult_add:four_mult_add_inst|altmult_add:ALTMULT_ADD_component|mult_add_tc05:auto_generated|mac_mult1~DATAOUT5                 ;
; 0.781 ; 2.000        ; 1.219          ; High Pulse Width ; clk   ; Rise       ; row_dct:row_dct_inst|dct:u1|four_mult_add_blk:four_mult_add_blk_inst0|four_mult_add:four_mult_add_inst|altmult_add:ALTMULT_ADD_component|mult_add_tc05:auto_generated|mac_mult1~DATAOUT6                 ;
; 0.781 ; 2.000        ; 1.219          ; Low Pulse Width  ; clk   ; Rise       ; row_dct:row_dct_inst|dct:u1|four_mult_add_blk:four_mult_add_blk_inst0|four_mult_add:four_mult_add_inst|altmult_add:ALTMULT_ADD_component|mult_add_tc05:auto_generated|mac_mult1~DATAOUT6                 ;
; 0.781 ; 2.000        ; 1.219          ; High Pulse Width ; clk   ; Rise       ; row_dct:row_dct_inst|dct:u1|four_mult_add_blk:four_mult_add_blk_inst0|four_mult_add:four_mult_add_inst|altmult_add:ALTMULT_ADD_component|mult_add_tc05:auto_generated|mac_mult1~DATAOUT7                 ;
; 0.781 ; 2.000        ; 1.219          ; Low Pulse Width  ; clk   ; Rise       ; row_dct:row_dct_inst|dct:u1|four_mult_add_blk:four_mult_add_blk_inst0|four_mult_add:four_mult_add_inst|altmult_add:ALTMULT_ADD_component|mult_add_tc05:auto_generated|mac_mult1~DATAOUT7                 ;
; 0.781 ; 2.000        ; 1.219          ; High Pulse Width ; clk   ; Rise       ; row_dct:row_dct_inst|dct:u1|four_mult_add_blk:four_mult_add_blk_inst0|four_mult_add:four_mult_add_inst|altmult_add:ALTMULT_ADD_component|mult_add_tc05:auto_generated|mac_mult1~DATAOUT8                 ;
; 0.781 ; 2.000        ; 1.219          ; Low Pulse Width  ; clk   ; Rise       ; row_dct:row_dct_inst|dct:u1|four_mult_add_blk:four_mult_add_blk_inst0|four_mult_add:four_mult_add_inst|altmult_add:ALTMULT_ADD_component|mult_add_tc05:auto_generated|mac_mult1~DATAOUT8                 ;
; 0.781 ; 2.000        ; 1.219          ; High Pulse Width ; clk   ; Rise       ; row_dct:row_dct_inst|dct:u1|four_mult_add_blk:four_mult_add_blk_inst0|four_mult_add:four_mult_add_inst|altmult_add:ALTMULT_ADD_component|mult_add_tc05:auto_generated|mac_mult1~DATAOUT9                 ;
; 0.781 ; 2.000        ; 1.219          ; Low Pulse Width  ; clk   ; Rise       ; row_dct:row_dct_inst|dct:u1|four_mult_add_blk:four_mult_add_blk_inst0|four_mult_add:four_mult_add_inst|altmult_add:ALTMULT_ADD_component|mult_add_tc05:auto_generated|mac_mult1~DATAOUT9                 ;
; 0.781 ; 2.000        ; 1.219          ; High Pulse Width ; clk   ; Rise       ; row_dct:row_dct_inst|dct:u1|four_mult_add_blk:four_mult_add_blk_inst0|four_mult_add:four_mult_add_inst|altmult_add:ALTMULT_ADD_component|mult_add_tc05:auto_generated|mac_mult1~OBSERVABLEDATAA_REGOUT0  ;
; 0.781 ; 2.000        ; 1.219          ; Low Pulse Width  ; clk   ; Rise       ; row_dct:row_dct_inst|dct:u1|four_mult_add_blk:four_mult_add_blk_inst0|four_mult_add:four_mult_add_inst|altmult_add:ALTMULT_ADD_component|mult_add_tc05:auto_generated|mac_mult1~OBSERVABLEDATAA_REGOUT0  ;
; 0.781 ; 2.000        ; 1.219          ; High Pulse Width ; clk   ; Rise       ; row_dct:row_dct_inst|dct:u1|four_mult_add_blk:four_mult_add_blk_inst0|four_mult_add:four_mult_add_inst|altmult_add:ALTMULT_ADD_component|mult_add_tc05:auto_generated|mac_mult1~OBSERVABLEDATAA_REGOUT1  ;
; 0.781 ; 2.000        ; 1.219          ; Low Pulse Width  ; clk   ; Rise       ; row_dct:row_dct_inst|dct:u1|four_mult_add_blk:four_mult_add_blk_inst0|four_mult_add:four_mult_add_inst|altmult_add:ALTMULT_ADD_component|mult_add_tc05:auto_generated|mac_mult1~OBSERVABLEDATAA_REGOUT1  ;
; 0.781 ; 2.000        ; 1.219          ; High Pulse Width ; clk   ; Rise       ; row_dct:row_dct_inst|dct:u1|four_mult_add_blk:four_mult_add_blk_inst0|four_mult_add:four_mult_add_inst|altmult_add:ALTMULT_ADD_component|mult_add_tc05:auto_generated|mac_mult1~OBSERVABLEDATAA_REGOUT10 ;
; 0.781 ; 2.000        ; 1.219          ; Low Pulse Width  ; clk   ; Rise       ; row_dct:row_dct_inst|dct:u1|four_mult_add_blk:four_mult_add_blk_inst0|four_mult_add:four_mult_add_inst|altmult_add:ALTMULT_ADD_component|mult_add_tc05:auto_generated|mac_mult1~OBSERVABLEDATAA_REGOUT10 ;
; 0.781 ; 2.000        ; 1.219          ; High Pulse Width ; clk   ; Rise       ; row_dct:row_dct_inst|dct:u1|four_mult_add_blk:four_mult_add_blk_inst0|four_mult_add:four_mult_add_inst|altmult_add:ALTMULT_ADD_component|mult_add_tc05:auto_generated|mac_mult1~OBSERVABLEDATAA_REGOUT11 ;
; 0.781 ; 2.000        ; 1.219          ; Low Pulse Width  ; clk   ; Rise       ; row_dct:row_dct_inst|dct:u1|four_mult_add_blk:four_mult_add_blk_inst0|four_mult_add:four_mult_add_inst|altmult_add:ALTMULT_ADD_component|mult_add_tc05:auto_generated|mac_mult1~OBSERVABLEDATAA_REGOUT11 ;
; 0.781 ; 2.000        ; 1.219          ; High Pulse Width ; clk   ; Rise       ; row_dct:row_dct_inst|dct:u1|four_mult_add_blk:four_mult_add_blk_inst0|four_mult_add:four_mult_add_inst|altmult_add:ALTMULT_ADD_component|mult_add_tc05:auto_generated|mac_mult1~OBSERVABLEDATAA_REGOUT12 ;
; 0.781 ; 2.000        ; 1.219          ; Low Pulse Width  ; clk   ; Rise       ; row_dct:row_dct_inst|dct:u1|four_mult_add_blk:four_mult_add_blk_inst0|four_mult_add:four_mult_add_inst|altmult_add:ALTMULT_ADD_component|mult_add_tc05:auto_generated|mac_mult1~OBSERVABLEDATAA_REGOUT12 ;
; 0.781 ; 2.000        ; 1.219          ; High Pulse Width ; clk   ; Rise       ; row_dct:row_dct_inst|dct:u1|four_mult_add_blk:four_mult_add_blk_inst0|four_mult_add:four_mult_add_inst|altmult_add:ALTMULT_ADD_component|mult_add_tc05:auto_generated|mac_mult1~OBSERVABLEDATAA_REGOUT13 ;
; 0.781 ; 2.000        ; 1.219          ; Low Pulse Width  ; clk   ; Rise       ; row_dct:row_dct_inst|dct:u1|four_mult_add_blk:four_mult_add_blk_inst0|four_mult_add:four_mult_add_inst|altmult_add:ALTMULT_ADD_component|mult_add_tc05:auto_generated|mac_mult1~OBSERVABLEDATAA_REGOUT13 ;
; 0.781 ; 2.000        ; 1.219          ; High Pulse Width ; clk   ; Rise       ; row_dct:row_dct_inst|dct:u1|four_mult_add_blk:four_mult_add_blk_inst0|four_mult_add:four_mult_add_inst|altmult_add:ALTMULT_ADD_component|mult_add_tc05:auto_generated|mac_mult1~OBSERVABLEDATAA_REGOUT14 ;
; 0.781 ; 2.000        ; 1.219          ; Low Pulse Width  ; clk   ; Rise       ; row_dct:row_dct_inst|dct:u1|four_mult_add_blk:four_mult_add_blk_inst0|four_mult_add:four_mult_add_inst|altmult_add:ALTMULT_ADD_component|mult_add_tc05:auto_generated|mac_mult1~OBSERVABLEDATAA_REGOUT14 ;
; 0.781 ; 2.000        ; 1.219          ; High Pulse Width ; clk   ; Rise       ; row_dct:row_dct_inst|dct:u1|four_mult_add_blk:four_mult_add_blk_inst0|four_mult_add:four_mult_add_inst|altmult_add:ALTMULT_ADD_component|mult_add_tc05:auto_generated|mac_mult1~OBSERVABLEDATAA_REGOUT15 ;
; 0.781 ; 2.000        ; 1.219          ; Low Pulse Width  ; clk   ; Rise       ; row_dct:row_dct_inst|dct:u1|four_mult_add_blk:four_mult_add_blk_inst0|four_mult_add:four_mult_add_inst|altmult_add:ALTMULT_ADD_component|mult_add_tc05:auto_generated|mac_mult1~OBSERVABLEDATAA_REGOUT15 ;
; 0.781 ; 2.000        ; 1.219          ; High Pulse Width ; clk   ; Rise       ; row_dct:row_dct_inst|dct:u1|four_mult_add_blk:four_mult_add_blk_inst0|four_mult_add:four_mult_add_inst|altmult_add:ALTMULT_ADD_component|mult_add_tc05:auto_generated|mac_mult1~OBSERVABLEDATAA_REGOUT16 ;
; 0.781 ; 2.000        ; 1.219          ; Low Pulse Width  ; clk   ; Rise       ; row_dct:row_dct_inst|dct:u1|four_mult_add_blk:four_mult_add_blk_inst0|four_mult_add:four_mult_add_inst|altmult_add:ALTMULT_ADD_component|mult_add_tc05:auto_generated|mac_mult1~OBSERVABLEDATAA_REGOUT16 ;
; 0.781 ; 2.000        ; 1.219          ; High Pulse Width ; clk   ; Rise       ; row_dct:row_dct_inst|dct:u1|four_mult_add_blk:four_mult_add_blk_inst0|four_mult_add:four_mult_add_inst|altmult_add:ALTMULT_ADD_component|mult_add_tc05:auto_generated|mac_mult1~OBSERVABLEDATAA_REGOUT17 ;
; 0.781 ; 2.000        ; 1.219          ; Low Pulse Width  ; clk   ; Rise       ; row_dct:row_dct_inst|dct:u1|four_mult_add_blk:four_mult_add_blk_inst0|four_mult_add:four_mult_add_inst|altmult_add:ALTMULT_ADD_component|mult_add_tc05:auto_generated|mac_mult1~OBSERVABLEDATAA_REGOUT17 ;
; 0.781 ; 2.000        ; 1.219          ; High Pulse Width ; clk   ; Rise       ; row_dct:row_dct_inst|dct:u1|four_mult_add_blk:four_mult_add_blk_inst0|four_mult_add:four_mult_add_inst|altmult_add:ALTMULT_ADD_component|mult_add_tc05:auto_generated|mac_mult1~OBSERVABLEDATAA_REGOUT2  ;
; 0.781 ; 2.000        ; 1.219          ; Low Pulse Width  ; clk   ; Rise       ; row_dct:row_dct_inst|dct:u1|four_mult_add_blk:four_mult_add_blk_inst0|four_mult_add:four_mult_add_inst|altmult_add:ALTMULT_ADD_component|mult_add_tc05:auto_generated|mac_mult1~OBSERVABLEDATAA_REGOUT2  ;
; 0.781 ; 2.000        ; 1.219          ; High Pulse Width ; clk   ; Rise       ; row_dct:row_dct_inst|dct:u1|four_mult_add_blk:four_mult_add_blk_inst0|four_mult_add:four_mult_add_inst|altmult_add:ALTMULT_ADD_component|mult_add_tc05:auto_generated|mac_mult1~OBSERVABLEDATAA_REGOUT3  ;
; 0.781 ; 2.000        ; 1.219          ; Low Pulse Width  ; clk   ; Rise       ; row_dct:row_dct_inst|dct:u1|four_mult_add_blk:four_mult_add_blk_inst0|four_mult_add:four_mult_add_inst|altmult_add:ALTMULT_ADD_component|mult_add_tc05:auto_generated|mac_mult1~OBSERVABLEDATAA_REGOUT3  ;
; 0.781 ; 2.000        ; 1.219          ; High Pulse Width ; clk   ; Rise       ; row_dct:row_dct_inst|dct:u1|four_mult_add_blk:four_mult_add_blk_inst0|four_mult_add:four_mult_add_inst|altmult_add:ALTMULT_ADD_component|mult_add_tc05:auto_generated|mac_mult1~OBSERVABLEDATAA_REGOUT4  ;
; 0.781 ; 2.000        ; 1.219          ; Low Pulse Width  ; clk   ; Rise       ; row_dct:row_dct_inst|dct:u1|four_mult_add_blk:four_mult_add_blk_inst0|four_mult_add:four_mult_add_inst|altmult_add:ALTMULT_ADD_component|mult_add_tc05:auto_generated|mac_mult1~OBSERVABLEDATAA_REGOUT4  ;
; 0.781 ; 2.000        ; 1.219          ; High Pulse Width ; clk   ; Rise       ; row_dct:row_dct_inst|dct:u1|four_mult_add_blk:four_mult_add_blk_inst0|four_mult_add:four_mult_add_inst|altmult_add:ALTMULT_ADD_component|mult_add_tc05:auto_generated|mac_mult1~OBSERVABLEDATAA_REGOUT5  ;
; 0.781 ; 2.000        ; 1.219          ; Low Pulse Width  ; clk   ; Rise       ; row_dct:row_dct_inst|dct:u1|four_mult_add_blk:four_mult_add_blk_inst0|four_mult_add:four_mult_add_inst|altmult_add:ALTMULT_ADD_component|mult_add_tc05:auto_generated|mac_mult1~OBSERVABLEDATAA_REGOUT5  ;
+-------+--------------+----------------+------------------+-------+------------+----------------------------------------------------------------------------------------------------------------------------------------------------------------------------------------------------------+


+-----------------------------------------------------------------------------+
; Setup Times                                                                 ;
+-----------------+------------+-------+-------+------------+-----------------+
; Data Port       ; Clock Port ; Rise  ; Fall  ; Clock Edge ; Clock Reference ;
+-----------------+------------+-------+-------+------------+-----------------+
; clken           ; clk        ; 1.405 ; 1.405 ; Rise       ; clk             ;
; serial_data[*]  ; clk        ; 1.019 ; 1.019 ; Rise       ; clk             ;
;  serial_data[0] ; clk        ; 1.007 ; 1.007 ; Rise       ; clk             ;
;  serial_data[1] ; clk        ; 0.920 ; 0.920 ; Rise       ; clk             ;
;  serial_data[2] ; clk        ; 0.974 ; 0.974 ; Rise       ; clk             ;
;  serial_data[3] ; clk        ; 0.905 ; 0.905 ; Rise       ; clk             ;
;  serial_data[4] ; clk        ; 1.019 ; 1.019 ; Rise       ; clk             ;
;  serial_data[5] ; clk        ; 0.893 ; 0.893 ; Rise       ; clk             ;
;  serial_data[6] ; clk        ; 0.696 ; 0.696 ; Rise       ; clk             ;
;  serial_data[7] ; clk        ; 1.006 ; 1.006 ; Rise       ; clk             ;
+-----------------+------------+-------+-------+------------+-----------------+


+-------------------------------------------------------------------------------+
; Hold Times                                                                    ;
+-----------------+------------+--------+--------+------------+-----------------+
; Data Port       ; Clock Port ; Rise   ; Fall   ; Clock Edge ; Clock Reference ;
+-----------------+------------+--------+--------+------------+-----------------+
; clken           ; clk        ; -0.222 ; -0.222 ; Rise       ; clk             ;
; serial_data[*]  ; clk        ; -0.457 ; -0.457 ; Rise       ; clk             ;
;  serial_data[0] ; clk        ; -0.768 ; -0.768 ; Rise       ; clk             ;
;  serial_data[1] ; clk        ; -0.681 ; -0.681 ; Rise       ; clk             ;
;  serial_data[2] ; clk        ; -0.735 ; -0.735 ; Rise       ; clk             ;
;  serial_data[3] ; clk        ; -0.666 ; -0.666 ; Rise       ; clk             ;
;  serial_data[4] ; clk        ; -0.780 ; -0.780 ; Rise       ; clk             ;
;  serial_data[5] ; clk        ; -0.654 ; -0.654 ; Rise       ; clk             ;
;  serial_data[6] ; clk        ; -0.457 ; -0.457 ; Rise       ; clk             ;
;  serial_data[7] ; clk        ; -0.767 ; -0.767 ; Rise       ; clk             ;
+-----------------+------------+--------+--------+------------+-----------------+


+--------------------------------------------------------------------------+
; Clock to Output Times                                                    ;
+--------------+------------+-------+-------+------------+-----------------+
; Data Port    ; Clock Port ; Rise  ; Fall  ; Clock Edge ; Clock Reference ;
+--------------+------------+-------+-------+------------+-----------------+
; data_valid   ; clk        ; 4.424 ; 4.424 ; Rise       ; clk             ;
; dct_out[*]   ; clk        ; 4.269 ; 4.269 ; Rise       ; clk             ;
;  dct_out[0]  ; clk        ; 4.249 ; 4.249 ; Rise       ; clk             ;
;  dct_out[1]  ; clk        ; 4.213 ; 4.213 ; Rise       ; clk             ;
;  dct_out[2]  ; clk        ; 4.211 ; 4.211 ; Rise       ; clk             ;
;  dct_out[3]  ; clk        ; 4.222 ; 4.222 ; Rise       ; clk             ;
;  dct_out[4]  ; clk        ; 4.240 ; 4.240 ; Rise       ; clk             ;
;  dct_out[5]  ; clk        ; 4.242 ; 4.242 ; Rise       ; clk             ;
;  dct_out[6]  ; clk        ; 4.242 ; 4.242 ; Rise       ; clk             ;
;  dct_out[7]  ; clk        ; 4.209 ; 4.209 ; Rise       ; clk             ;
;  dct_out[8]  ; clk        ; 4.269 ; 4.269 ; Rise       ; clk             ;
;  dct_out[9]  ; clk        ; 4.229 ; 4.229 ; Rise       ; clk             ;
;  dct_out[10] ; clk        ; 4.250 ; 4.250 ; Rise       ; clk             ;
;  dct_out[11] ; clk        ; 4.260 ; 4.260 ; Rise       ; clk             ;
;  dct_out[12] ; clk        ; 4.222 ; 4.222 ; Rise       ; clk             ;
;  dct_out[13] ; clk        ; 4.240 ; 4.240 ; Rise       ; clk             ;
;  dct_out[14] ; clk        ; 4.240 ; 4.240 ; Rise       ; clk             ;
;  dct_out[15] ; clk        ; 4.211 ; 4.211 ; Rise       ; clk             ;
;  dct_out[16] ; clk        ; 4.213 ; 4.213 ; Rise       ; clk             ;
;  dct_out[17] ; clk        ; 4.221 ; 4.221 ; Rise       ; clk             ;
;  dct_out[18] ; clk        ; 4.203 ; 4.203 ; Rise       ; clk             ;
;  dct_out[19] ; clk        ; 4.222 ; 4.222 ; Rise       ; clk             ;
;  dct_out[20] ; clk        ; 4.211 ; 4.211 ; Rise       ; clk             ;
;  dct_out[21] ; clk        ; 4.202 ; 4.202 ; Rise       ; clk             ;
+--------------+------------+-------+-------+------------+-----------------+


+--------------------------------------------------------------------------+
; Minimum Clock to Output Times                                            ;
+--------------+------------+-------+-------+------------+-----------------+
; Data Port    ; Clock Port ; Rise  ; Fall  ; Clock Edge ; Clock Reference ;
+--------------+------------+-------+-------+------------+-----------------+
; data_valid   ; clk        ; 4.424 ; 4.424 ; Rise       ; clk             ;
; dct_out[*]   ; clk        ; 4.202 ; 4.202 ; Rise       ; clk             ;
;  dct_out[0]  ; clk        ; 4.249 ; 4.249 ; Rise       ; clk             ;
;  dct_out[1]  ; clk        ; 4.213 ; 4.213 ; Rise       ; clk             ;
;  dct_out[2]  ; clk        ; 4.211 ; 4.211 ; Rise       ; clk             ;
;  dct_out[3]  ; clk        ; 4.222 ; 4.222 ; Rise       ; clk             ;
;  dct_out[4]  ; clk        ; 4.240 ; 4.240 ; Rise       ; clk             ;
;  dct_out[5]  ; clk        ; 4.242 ; 4.242 ; Rise       ; clk             ;
;  dct_out[6]  ; clk        ; 4.242 ; 4.242 ; Rise       ; clk             ;
;  dct_out[7]  ; clk        ; 4.209 ; 4.209 ; Rise       ; clk             ;
;  dct_out[8]  ; clk        ; 4.269 ; 4.269 ; Rise       ; clk             ;
;  dct_out[9]  ; clk        ; 4.229 ; 4.229 ; Rise       ; clk             ;
;  dct_out[10] ; clk        ; 4.250 ; 4.250 ; Rise       ; clk             ;
;  dct_out[11] ; clk        ; 4.260 ; 4.260 ; Rise       ; clk             ;
;  dct_out[12] ; clk        ; 4.222 ; 4.222 ; Rise       ; clk             ;
;  dct_out[13] ; clk        ; 4.240 ; 4.240 ; Rise       ; clk             ;
;  dct_out[14] ; clk        ; 4.240 ; 4.240 ; Rise       ; clk             ;
;  dct_out[15] ; clk        ; 4.211 ; 4.211 ; Rise       ; clk             ;
;  dct_out[16] ; clk        ; 4.213 ; 4.213 ; Rise       ; clk             ;
;  dct_out[17] ; clk        ; 4.221 ; 4.221 ; Rise       ; clk             ;
;  dct_out[18] ; clk        ; 4.203 ; 4.203 ; Rise       ; clk             ;
;  dct_out[19] ; clk        ; 4.222 ; 4.222 ; Rise       ; clk             ;
;  dct_out[20] ; clk        ; 4.211 ; 4.211 ; Rise       ; clk             ;
;  dct_out[21] ; clk        ; 4.202 ; 4.202 ; Rise       ; clk             ;
+--------------+------------+-------+-------+------------+-----------------+


+-------------------------------+
; Fast Model Setup Summary      ;
+-------+-------+---------------+
; Clock ; Slack ; End Point TNS ;
+-------+-------+---------------+
; clk   ; 0.425 ; 0.000         ;
+-------+-------+---------------+


+-------------------------------+
; Fast Model Hold Summary       ;
+-------+-------+---------------+
; Clock ; Slack ; End Point TNS ;
+-------+-------+---------------+
; clk   ; 0.213 ; 0.000         ;
+-------+-------+---------------+


+-------------------------------+
; Fast Model Recovery Summary   ;
+-------+-------+---------------+
; Clock ; Slack ; End Point TNS ;
+-------+-------+---------------+
; clk   ; 1.583 ; 0.000         ;
+-------+-------+---------------+


+-------------------------------+
; Fast Model Removal Summary    ;
+-------+-------+---------------+
; Clock ; Slack ; End Point TNS ;
+-------+-------+---------------+
; clk   ; 0.735 ; 0.000         ;
+-------+-------+---------------+


+------------------------------------------------------------------------------------------------------------------------------------------------------------------------------------------------------------------------------------------------------------------------------------------+
; Fast Model Minimum Pulse Width                                                                                                                                                                                                                                                           ;
+-------+--------------+----------------+------------------+-------+------------+----------------------------------------------------------------------------------------------------------------------------------------------------------------------------------------------------------+
; Slack ; Actual Width ; Required Width ; Type             ; Clock ; Clock Edge ; Target                                                                                                                                                                                                   ;
+-------+--------------+----------------+------------------+-------+------------+----------------------------------------------------------------------------------------------------------------------------------------------------------------------------------------------------------+
; 0.781 ; 2.000        ; 1.219          ; High Pulse Width ; clk   ; Rise       ; row_dct:row_dct_inst|dct:u1|four_mult_add_blk:four_mult_add_blk_inst0|four_mult_add:four_mult_add_inst|altmult_add:ALTMULT_ADD_component|mult_add_tc05:auto_generated|mac_mult1                          ;
; 0.781 ; 2.000        ; 1.219          ; Low Pulse Width  ; clk   ; Rise       ; row_dct:row_dct_inst|dct:u1|four_mult_add_blk:four_mult_add_blk_inst0|four_mult_add:four_mult_add_inst|altmult_add:ALTMULT_ADD_component|mult_add_tc05:auto_generated|mac_mult1                          ;
; 0.781 ; 2.000        ; 1.219          ; High Pulse Width ; clk   ; Rise       ; row_dct:row_dct_inst|dct:u1|four_mult_add_blk:four_mult_add_blk_inst0|four_mult_add:four_mult_add_inst|altmult_add:ALTMULT_ADD_component|mult_add_tc05:auto_generated|mac_mult1~DATAOUT1                 ;
; 0.781 ; 2.000        ; 1.219          ; Low Pulse Width  ; clk   ; Rise       ; row_dct:row_dct_inst|dct:u1|four_mult_add_blk:four_mult_add_blk_inst0|four_mult_add:four_mult_add_inst|altmult_add:ALTMULT_ADD_component|mult_add_tc05:auto_generated|mac_mult1~DATAOUT1                 ;
; 0.781 ; 2.000        ; 1.219          ; High Pulse Width ; clk   ; Rise       ; row_dct:row_dct_inst|dct:u1|four_mult_add_blk:four_mult_add_blk_inst0|four_mult_add:four_mult_add_inst|altmult_add:ALTMULT_ADD_component|mult_add_tc05:auto_generated|mac_mult1~DATAOUT10                ;
; 0.781 ; 2.000        ; 1.219          ; Low Pulse Width  ; clk   ; Rise       ; row_dct:row_dct_inst|dct:u1|four_mult_add_blk:four_mult_add_blk_inst0|four_mult_add:four_mult_add_inst|altmult_add:ALTMULT_ADD_component|mult_add_tc05:auto_generated|mac_mult1~DATAOUT10                ;
; 0.781 ; 2.000        ; 1.219          ; High Pulse Width ; clk   ; Rise       ; row_dct:row_dct_inst|dct:u1|four_mult_add_blk:four_mult_add_blk_inst0|four_mult_add:four_mult_add_inst|altmult_add:ALTMULT_ADD_component|mult_add_tc05:auto_generated|mac_mult1~DATAOUT11                ;
; 0.781 ; 2.000        ; 1.219          ; Low Pulse Width  ; clk   ; Rise       ; row_dct:row_dct_inst|dct:u1|four_mult_add_blk:four_mult_add_blk_inst0|four_mult_add:four_mult_add_inst|altmult_add:ALTMULT_ADD_component|mult_add_tc05:auto_generated|mac_mult1~DATAOUT11                ;
; 0.781 ; 2.000        ; 1.219          ; High Pulse Width ; clk   ; Rise       ; row_dct:row_dct_inst|dct:u1|four_mult_add_blk:four_mult_add_blk_inst0|four_mult_add:four_mult_add_inst|altmult_add:ALTMULT_ADD_component|mult_add_tc05:auto_generated|mac_mult1~DATAOUT12                ;
; 0.781 ; 2.000        ; 1.219          ; Low Pulse Width  ; clk   ; Rise       ; row_dct:row_dct_inst|dct:u1|four_mult_add_blk:four_mult_add_blk_inst0|four_mult_add:four_mult_add_inst|altmult_add:ALTMULT_ADD_component|mult_add_tc05:auto_generated|mac_mult1~DATAOUT12                ;
; 0.781 ; 2.000        ; 1.219          ; High Pulse Width ; clk   ; Rise       ; row_dct:row_dct_inst|dct:u1|four_mult_add_blk:four_mult_add_blk_inst0|four_mult_add:four_mult_add_inst|altmult_add:ALTMULT_ADD_component|mult_add_tc05:auto_generated|mac_mult1~DATAOUT13                ;
; 0.781 ; 2.000        ; 1.219          ; Low Pulse Width  ; clk   ; Rise       ; row_dct:row_dct_inst|dct:u1|four_mult_add_blk:four_mult_add_blk_inst0|four_mult_add:four_mult_add_inst|altmult_add:ALTMULT_ADD_component|mult_add_tc05:auto_generated|mac_mult1~DATAOUT13                ;
; 0.781 ; 2.000        ; 1.219          ; High Pulse Width ; clk   ; Rise       ; row_dct:row_dct_inst|dct:u1|four_mult_add_blk:four_mult_add_blk_inst0|four_mult_add:four_mult_add_inst|altmult_add:ALTMULT_ADD_component|mult_add_tc05:auto_generated|mac_mult1~DATAOUT14                ;
; 0.781 ; 2.000        ; 1.219          ; Low Pulse Width  ; clk   ; Rise       ; row_dct:row_dct_inst|dct:u1|four_mult_add_blk:four_mult_add_blk_inst0|four_mult_add:four_mult_add_inst|altmult_add:ALTMULT_ADD_component|mult_add_tc05:auto_generated|mac_mult1~DATAOUT14                ;
; 0.781 ; 2.000        ; 1.219          ; High Pulse Width ; clk   ; Rise       ; row_dct:row_dct_inst|dct:u1|four_mult_add_blk:four_mult_add_blk_inst0|four_mult_add:four_mult_add_inst|altmult_add:ALTMULT_ADD_component|mult_add_tc05:auto_generated|mac_mult1~DATAOUT15                ;
; 0.781 ; 2.000        ; 1.219          ; Low Pulse Width  ; clk   ; Rise       ; row_dct:row_dct_inst|dct:u1|four_mult_add_blk:four_mult_add_blk_inst0|four_mult_add:four_mult_add_inst|altmult_add:ALTMULT_ADD_component|mult_add_tc05:auto_generated|mac_mult1~DATAOUT15                ;
; 0.781 ; 2.000        ; 1.219          ; High Pulse Width ; clk   ; Rise       ; row_dct:row_dct_inst|dct:u1|four_mult_add_blk:four_mult_add_blk_inst0|four_mult_add:four_mult_add_inst|altmult_add:ALTMULT_ADD_component|mult_add_tc05:auto_generated|mac_mult1~DATAOUT16                ;
; 0.781 ; 2.000        ; 1.219          ; Low Pulse Width  ; clk   ; Rise       ; row_dct:row_dct_inst|dct:u1|four_mult_add_blk:four_mult_add_blk_inst0|four_mult_add:four_mult_add_inst|altmult_add:ALTMULT_ADD_component|mult_add_tc05:auto_generated|mac_mult1~DATAOUT16                ;
; 0.781 ; 2.000        ; 1.219          ; High Pulse Width ; clk   ; Rise       ; row_dct:row_dct_inst|dct:u1|four_mult_add_blk:four_mult_add_blk_inst0|four_mult_add:four_mult_add_inst|altmult_add:ALTMULT_ADD_component|mult_add_tc05:auto_generated|mac_mult1~DATAOUT17                ;
; 0.781 ; 2.000        ; 1.219          ; Low Pulse Width  ; clk   ; Rise       ; row_dct:row_dct_inst|dct:u1|four_mult_add_blk:four_mult_add_blk_inst0|four_mult_add:four_mult_add_inst|altmult_add:ALTMULT_ADD_component|mult_add_tc05:auto_generated|mac_mult1~DATAOUT17                ;
; 0.781 ; 2.000        ; 1.219          ; High Pulse Width ; clk   ; Rise       ; row_dct:row_dct_inst|dct:u1|four_mult_add_blk:four_mult_add_blk_inst0|four_mult_add:four_mult_add_inst|altmult_add:ALTMULT_ADD_component|mult_add_tc05:auto_generated|mac_mult1~DATAOUT18                ;
; 0.781 ; 2.000        ; 1.219          ; Low Pulse Width  ; clk   ; Rise       ; row_dct:row_dct_inst|dct:u1|four_mult_add_blk:four_mult_add_blk_inst0|four_mult_add:four_mult_add_inst|altmult_add:ALTMULT_ADD_component|mult_add_tc05:auto_generated|mac_mult1~DATAOUT18                ;
; 0.781 ; 2.000        ; 1.219          ; High Pulse Width ; clk   ; Rise       ; row_dct:row_dct_inst|dct:u1|four_mult_add_blk:four_mult_add_blk_inst0|four_mult_add:four_mult_add_inst|altmult_add:ALTMULT_ADD_component|mult_add_tc05:auto_generated|mac_mult1~DATAOUT19                ;
; 0.781 ; 2.000        ; 1.219          ; Low Pulse Width  ; clk   ; Rise       ; row_dct:row_dct_inst|dct:u1|four_mult_add_blk:four_mult_add_blk_inst0|four_mult_add:four_mult_add_inst|altmult_add:ALTMULT_ADD_component|mult_add_tc05:auto_generated|mac_mult1~DATAOUT19                ;
; 0.781 ; 2.000        ; 1.219          ; High Pulse Width ; clk   ; Rise       ; row_dct:row_dct_inst|dct:u1|four_mult_add_blk:four_mult_add_blk_inst0|four_mult_add:four_mult_add_inst|altmult_add:ALTMULT_ADD_component|mult_add_tc05:auto_generated|mac_mult1~DATAOUT2                 ;
; 0.781 ; 2.000        ; 1.219          ; Low Pulse Width  ; clk   ; Rise       ; row_dct:row_dct_inst|dct:u1|four_mult_add_blk:four_mult_add_blk_inst0|four_mult_add:four_mult_add_inst|altmult_add:ALTMULT_ADD_component|mult_add_tc05:auto_generated|mac_mult1~DATAOUT2                 ;
; 0.781 ; 2.000        ; 1.219          ; High Pulse Width ; clk   ; Rise       ; row_dct:row_dct_inst|dct:u1|four_mult_add_blk:four_mult_add_blk_inst0|four_mult_add:four_mult_add_inst|altmult_add:ALTMULT_ADD_component|mult_add_tc05:auto_generated|mac_mult1~DATAOUT20                ;
; 0.781 ; 2.000        ; 1.219          ; Low Pulse Width  ; clk   ; Rise       ; row_dct:row_dct_inst|dct:u1|four_mult_add_blk:four_mult_add_blk_inst0|four_mult_add:four_mult_add_inst|altmult_add:ALTMULT_ADD_component|mult_add_tc05:auto_generated|mac_mult1~DATAOUT20                ;
; 0.781 ; 2.000        ; 1.219          ; High Pulse Width ; clk   ; Rise       ; row_dct:row_dct_inst|dct:u1|four_mult_add_blk:four_mult_add_blk_inst0|four_mult_add:four_mult_add_inst|altmult_add:ALTMULT_ADD_component|mult_add_tc05:auto_generated|mac_mult1~DATAOUT21                ;
; 0.781 ; 2.000        ; 1.219          ; Low Pulse Width  ; clk   ; Rise       ; row_dct:row_dct_inst|dct:u1|four_mult_add_blk:four_mult_add_blk_inst0|four_mult_add:four_mult_add_inst|altmult_add:ALTMULT_ADD_component|mult_add_tc05:auto_generated|mac_mult1~DATAOUT21                ;
; 0.781 ; 2.000        ; 1.219          ; High Pulse Width ; clk   ; Rise       ; row_dct:row_dct_inst|dct:u1|four_mult_add_blk:four_mult_add_blk_inst0|four_mult_add:four_mult_add_inst|altmult_add:ALTMULT_ADD_component|mult_add_tc05:auto_generated|mac_mult1~DATAOUT22                ;
; 0.781 ; 2.000        ; 1.219          ; Low Pulse Width  ; clk   ; Rise       ; row_dct:row_dct_inst|dct:u1|four_mult_add_blk:four_mult_add_blk_inst0|four_mult_add:four_mult_add_inst|altmult_add:ALTMULT_ADD_component|mult_add_tc05:auto_generated|mac_mult1~DATAOUT22                ;
; 0.781 ; 2.000        ; 1.219          ; High Pulse Width ; clk   ; Rise       ; row_dct:row_dct_inst|dct:u1|four_mult_add_blk:four_mult_add_blk_inst0|four_mult_add:four_mult_add_inst|altmult_add:ALTMULT_ADD_component|mult_add_tc05:auto_generated|mac_mult1~DATAOUT23                ;
; 0.781 ; 2.000        ; 1.219          ; Low Pulse Width  ; clk   ; Rise       ; row_dct:row_dct_inst|dct:u1|four_mult_add_blk:four_mult_add_blk_inst0|four_mult_add:four_mult_add_inst|altmult_add:ALTMULT_ADD_component|mult_add_tc05:auto_generated|mac_mult1~DATAOUT23                ;
; 0.781 ; 2.000        ; 1.219          ; High Pulse Width ; clk   ; Rise       ; row_dct:row_dct_inst|dct:u1|four_mult_add_blk:four_mult_add_blk_inst0|four_mult_add:four_mult_add_inst|altmult_add:ALTMULT_ADD_component|mult_add_tc05:auto_generated|mac_mult1~DATAOUT24                ;
; 0.781 ; 2.000        ; 1.219          ; Low Pulse Width  ; clk   ; Rise       ; row_dct:row_dct_inst|dct:u1|four_mult_add_blk:four_mult_add_blk_inst0|four_mult_add:four_mult_add_inst|altmult_add:ALTMULT_ADD_component|mult_add_tc05:auto_generated|mac_mult1~DATAOUT24                ;
; 0.781 ; 2.000        ; 1.219          ; High Pulse Width ; clk   ; Rise       ; row_dct:row_dct_inst|dct:u1|four_mult_add_blk:four_mult_add_blk_inst0|four_mult_add:four_mult_add_inst|altmult_add:ALTMULT_ADD_component|mult_add_tc05:auto_generated|mac_mult1~DATAOUT25                ;
; 0.781 ; 2.000        ; 1.219          ; Low Pulse Width  ; clk   ; Rise       ; row_dct:row_dct_inst|dct:u1|four_mult_add_blk:four_mult_add_blk_inst0|four_mult_add:four_mult_add_inst|altmult_add:ALTMULT_ADD_component|mult_add_tc05:auto_generated|mac_mult1~DATAOUT25                ;
; 0.781 ; 2.000        ; 1.219          ; High Pulse Width ; clk   ; Rise       ; row_dct:row_dct_inst|dct:u1|four_mult_add_blk:four_mult_add_blk_inst0|four_mult_add:four_mult_add_inst|altmult_add:ALTMULT_ADD_component|mult_add_tc05:auto_generated|mac_mult1~DATAOUT26                ;
; 0.781 ; 2.000        ; 1.219          ; Low Pulse Width  ; clk   ; Rise       ; row_dct:row_dct_inst|dct:u1|four_mult_add_blk:four_mult_add_blk_inst0|four_mult_add:four_mult_add_inst|altmult_add:ALTMULT_ADD_component|mult_add_tc05:auto_generated|mac_mult1~DATAOUT26                ;
; 0.781 ; 2.000        ; 1.219          ; High Pulse Width ; clk   ; Rise       ; row_dct:row_dct_inst|dct:u1|four_mult_add_blk:four_mult_add_blk_inst0|four_mult_add:four_mult_add_inst|altmult_add:ALTMULT_ADD_component|mult_add_tc05:auto_generated|mac_mult1~DATAOUT27                ;
; 0.781 ; 2.000        ; 1.219          ; Low Pulse Width  ; clk   ; Rise       ; row_dct:row_dct_inst|dct:u1|four_mult_add_blk:four_mult_add_blk_inst0|four_mult_add:four_mult_add_inst|altmult_add:ALTMULT_ADD_component|mult_add_tc05:auto_generated|mac_mult1~DATAOUT27                ;
; 0.781 ; 2.000        ; 1.219          ; High Pulse Width ; clk   ; Rise       ; row_dct:row_dct_inst|dct:u1|four_mult_add_blk:four_mult_add_blk_inst0|four_mult_add:four_mult_add_inst|altmult_add:ALTMULT_ADD_component|mult_add_tc05:auto_generated|mac_mult1~DATAOUT28                ;
; 0.781 ; 2.000        ; 1.219          ; Low Pulse Width  ; clk   ; Rise       ; row_dct:row_dct_inst|dct:u1|four_mult_add_blk:four_mult_add_blk_inst0|four_mult_add:four_mult_add_inst|altmult_add:ALTMULT_ADD_component|mult_add_tc05:auto_generated|mac_mult1~DATAOUT28                ;
; 0.781 ; 2.000        ; 1.219          ; High Pulse Width ; clk   ; Rise       ; row_dct:row_dct_inst|dct:u1|four_mult_add_blk:four_mult_add_blk_inst0|four_mult_add:four_mult_add_inst|altmult_add:ALTMULT_ADD_component|mult_add_tc05:auto_generated|mac_mult1~DATAOUT29                ;
; 0.781 ; 2.000        ; 1.219          ; Low Pulse Width  ; clk   ; Rise       ; row_dct:row_dct_inst|dct:u1|four_mult_add_blk:four_mult_add_blk_inst0|four_mult_add:four_mult_add_inst|altmult_add:ALTMULT_ADD_component|mult_add_tc05:auto_generated|mac_mult1~DATAOUT29                ;
; 0.781 ; 2.000        ; 1.219          ; High Pulse Width ; clk   ; Rise       ; row_dct:row_dct_inst|dct:u1|four_mult_add_blk:four_mult_add_blk_inst0|four_mult_add:four_mult_add_inst|altmult_add:ALTMULT_ADD_component|mult_add_tc05:auto_generated|mac_mult1~DATAOUT3                 ;
; 0.781 ; 2.000        ; 1.219          ; Low Pulse Width  ; clk   ; Rise       ; row_dct:row_dct_inst|dct:u1|four_mult_add_blk:four_mult_add_blk_inst0|four_mult_add:four_mult_add_inst|altmult_add:ALTMULT_ADD_component|mult_add_tc05:auto_generated|mac_mult1~DATAOUT3                 ;
; 0.781 ; 2.000        ; 1.219          ; High Pulse Width ; clk   ; Rise       ; row_dct:row_dct_inst|dct:u1|four_mult_add_blk:four_mult_add_blk_inst0|four_mult_add:four_mult_add_inst|altmult_add:ALTMULT_ADD_component|mult_add_tc05:auto_generated|mac_mult1~DATAOUT30                ;
; 0.781 ; 2.000        ; 1.219          ; Low Pulse Width  ; clk   ; Rise       ; row_dct:row_dct_inst|dct:u1|four_mult_add_blk:four_mult_add_blk_inst0|four_mult_add:four_mult_add_inst|altmult_add:ALTMULT_ADD_component|mult_add_tc05:auto_generated|mac_mult1~DATAOUT30                ;
; 0.781 ; 2.000        ; 1.219          ; High Pulse Width ; clk   ; Rise       ; row_dct:row_dct_inst|dct:u1|four_mult_add_blk:four_mult_add_blk_inst0|four_mult_add:four_mult_add_inst|altmult_add:ALTMULT_ADD_component|mult_add_tc05:auto_generated|mac_mult1~DATAOUT31                ;
; 0.781 ; 2.000        ; 1.219          ; Low Pulse Width  ; clk   ; Rise       ; row_dct:row_dct_inst|dct:u1|four_mult_add_blk:four_mult_add_blk_inst0|four_mult_add:four_mult_add_inst|altmult_add:ALTMULT_ADD_component|mult_add_tc05:auto_generated|mac_mult1~DATAOUT31                ;
; 0.781 ; 2.000        ; 1.219          ; High Pulse Width ; clk   ; Rise       ; row_dct:row_dct_inst|dct:u1|four_mult_add_blk:four_mult_add_blk_inst0|four_mult_add:four_mult_add_inst|altmult_add:ALTMULT_ADD_component|mult_add_tc05:auto_generated|mac_mult1~DATAOUT32                ;
; 0.781 ; 2.000        ; 1.219          ; Low Pulse Width  ; clk   ; Rise       ; row_dct:row_dct_inst|dct:u1|four_mult_add_blk:four_mult_add_blk_inst0|four_mult_add:four_mult_add_inst|altmult_add:ALTMULT_ADD_component|mult_add_tc05:auto_generated|mac_mult1~DATAOUT32                ;
; 0.781 ; 2.000        ; 1.219          ; High Pulse Width ; clk   ; Rise       ; row_dct:row_dct_inst|dct:u1|four_mult_add_blk:four_mult_add_blk_inst0|four_mult_add:four_mult_add_inst|altmult_add:ALTMULT_ADD_component|mult_add_tc05:auto_generated|mac_mult1~DATAOUT33                ;
; 0.781 ; 2.000        ; 1.219          ; Low Pulse Width  ; clk   ; Rise       ; row_dct:row_dct_inst|dct:u1|four_mult_add_blk:four_mult_add_blk_inst0|four_mult_add:four_mult_add_inst|altmult_add:ALTMULT_ADD_component|mult_add_tc05:auto_generated|mac_mult1~DATAOUT33                ;
; 0.781 ; 2.000        ; 1.219          ; High Pulse Width ; clk   ; Rise       ; row_dct:row_dct_inst|dct:u1|four_mult_add_blk:four_mult_add_blk_inst0|four_mult_add:four_mult_add_inst|altmult_add:ALTMULT_ADD_component|mult_add_tc05:auto_generated|mac_mult1~DATAOUT34                ;
; 0.781 ; 2.000        ; 1.219          ; Low Pulse Width  ; clk   ; Rise       ; row_dct:row_dct_inst|dct:u1|four_mult_add_blk:four_mult_add_blk_inst0|four_mult_add:four_mult_add_inst|altmult_add:ALTMULT_ADD_component|mult_add_tc05:auto_generated|mac_mult1~DATAOUT34                ;
; 0.781 ; 2.000        ; 1.219          ; High Pulse Width ; clk   ; Rise       ; row_dct:row_dct_inst|dct:u1|four_mult_add_blk:four_mult_add_blk_inst0|four_mult_add:four_mult_add_inst|altmult_add:ALTMULT_ADD_component|mult_add_tc05:auto_generated|mac_mult1~DATAOUT35                ;
; 0.781 ; 2.000        ; 1.219          ; Low Pulse Width  ; clk   ; Rise       ; row_dct:row_dct_inst|dct:u1|four_mult_add_blk:four_mult_add_blk_inst0|four_mult_add:four_mult_add_inst|altmult_add:ALTMULT_ADD_component|mult_add_tc05:auto_generated|mac_mult1~DATAOUT35                ;
; 0.781 ; 2.000        ; 1.219          ; High Pulse Width ; clk   ; Rise       ; row_dct:row_dct_inst|dct:u1|four_mult_add_blk:four_mult_add_blk_inst0|four_mult_add:four_mult_add_inst|altmult_add:ALTMULT_ADD_component|mult_add_tc05:auto_generated|mac_mult1~DATAOUT4                 ;
; 0.781 ; 2.000        ; 1.219          ; Low Pulse Width  ; clk   ; Rise       ; row_dct:row_dct_inst|dct:u1|four_mult_add_blk:four_mult_add_blk_inst0|four_mult_add:four_mult_add_inst|altmult_add:ALTMULT_ADD_component|mult_add_tc05:auto_generated|mac_mult1~DATAOUT4                 ;
; 0.781 ; 2.000        ; 1.219          ; High Pulse Width ; clk   ; Rise       ; row_dct:row_dct_inst|dct:u1|four_mult_add_blk:four_mult_add_blk_inst0|four_mult_add:four_mult_add_inst|altmult_add:ALTMULT_ADD_component|mult_add_tc05:auto_generated|mac_mult1~DATAOUT5                 ;
; 0.781 ; 2.000        ; 1.219          ; Low Pulse Width  ; clk   ; Rise       ; row_dct:row_dct_inst|dct:u1|four_mult_add_blk:four_mult_add_blk_inst0|four_mult_add:four_mult_add_inst|altmult_add:ALTMULT_ADD_component|mult_add_tc05:auto_generated|mac_mult1~DATAOUT5                 ;
; 0.781 ; 2.000        ; 1.219          ; High Pulse Width ; clk   ; Rise       ; row_dct:row_dct_inst|dct:u1|four_mult_add_blk:four_mult_add_blk_inst0|four_mult_add:four_mult_add_inst|altmult_add:ALTMULT_ADD_component|mult_add_tc05:auto_generated|mac_mult1~DATAOUT6                 ;
; 0.781 ; 2.000        ; 1.219          ; Low Pulse Width  ; clk   ; Rise       ; row_dct:row_dct_inst|dct:u1|four_mult_add_blk:four_mult_add_blk_inst0|four_mult_add:four_mult_add_inst|altmult_add:ALTMULT_ADD_component|mult_add_tc05:auto_generated|mac_mult1~DATAOUT6                 ;
; 0.781 ; 2.000        ; 1.219          ; High Pulse Width ; clk   ; Rise       ; row_dct:row_dct_inst|dct:u1|four_mult_add_blk:four_mult_add_blk_inst0|four_mult_add:four_mult_add_inst|altmult_add:ALTMULT_ADD_component|mult_add_tc05:auto_generated|mac_mult1~DATAOUT7                 ;
; 0.781 ; 2.000        ; 1.219          ; Low Pulse Width  ; clk   ; Rise       ; row_dct:row_dct_inst|dct:u1|four_mult_add_blk:four_mult_add_blk_inst0|four_mult_add:four_mult_add_inst|altmult_add:ALTMULT_ADD_component|mult_add_tc05:auto_generated|mac_mult1~DATAOUT7                 ;
; 0.781 ; 2.000        ; 1.219          ; High Pulse Width ; clk   ; Rise       ; row_dct:row_dct_inst|dct:u1|four_mult_add_blk:four_mult_add_blk_inst0|four_mult_add:four_mult_add_inst|altmult_add:ALTMULT_ADD_component|mult_add_tc05:auto_generated|mac_mult1~DATAOUT8                 ;
; 0.781 ; 2.000        ; 1.219          ; Low Pulse Width  ; clk   ; Rise       ; row_dct:row_dct_inst|dct:u1|four_mult_add_blk:four_mult_add_blk_inst0|four_mult_add:four_mult_add_inst|altmult_add:ALTMULT_ADD_component|mult_add_tc05:auto_generated|mac_mult1~DATAOUT8                 ;
; 0.781 ; 2.000        ; 1.219          ; High Pulse Width ; clk   ; Rise       ; row_dct:row_dct_inst|dct:u1|four_mult_add_blk:four_mult_add_blk_inst0|four_mult_add:four_mult_add_inst|altmult_add:ALTMULT_ADD_component|mult_add_tc05:auto_generated|mac_mult1~DATAOUT9                 ;
; 0.781 ; 2.000        ; 1.219          ; Low Pulse Width  ; clk   ; Rise       ; row_dct:row_dct_inst|dct:u1|four_mult_add_blk:four_mult_add_blk_inst0|four_mult_add:four_mult_add_inst|altmult_add:ALTMULT_ADD_component|mult_add_tc05:auto_generated|mac_mult1~DATAOUT9                 ;
; 0.781 ; 2.000        ; 1.219          ; High Pulse Width ; clk   ; Rise       ; row_dct:row_dct_inst|dct:u1|four_mult_add_blk:four_mult_add_blk_inst0|four_mult_add:four_mult_add_inst|altmult_add:ALTMULT_ADD_component|mult_add_tc05:auto_generated|mac_mult1~OBSERVABLEDATAA_REGOUT0  ;
; 0.781 ; 2.000        ; 1.219          ; Low Pulse Width  ; clk   ; Rise       ; row_dct:row_dct_inst|dct:u1|four_mult_add_blk:four_mult_add_blk_inst0|four_mult_add:four_mult_add_inst|altmult_add:ALTMULT_ADD_component|mult_add_tc05:auto_generated|mac_mult1~OBSERVABLEDATAA_REGOUT0  ;
; 0.781 ; 2.000        ; 1.219          ; High Pulse Width ; clk   ; Rise       ; row_dct:row_dct_inst|dct:u1|four_mult_add_blk:four_mult_add_blk_inst0|four_mult_add:four_mult_add_inst|altmult_add:ALTMULT_ADD_component|mult_add_tc05:auto_generated|mac_mult1~OBSERVABLEDATAA_REGOUT1  ;
; 0.781 ; 2.000        ; 1.219          ; Low Pulse Width  ; clk   ; Rise       ; row_dct:row_dct_inst|dct:u1|four_mult_add_blk:four_mult_add_blk_inst0|four_mult_add:four_mult_add_inst|altmult_add:ALTMULT_ADD_component|mult_add_tc05:auto_generated|mac_mult1~OBSERVABLEDATAA_REGOUT1  ;
; 0.781 ; 2.000        ; 1.219          ; High Pulse Width ; clk   ; Rise       ; row_dct:row_dct_inst|dct:u1|four_mult_add_blk:four_mult_add_blk_inst0|four_mult_add:four_mult_add_inst|altmult_add:ALTMULT_ADD_component|mult_add_tc05:auto_generated|mac_mult1~OBSERVABLEDATAA_REGOUT10 ;
; 0.781 ; 2.000        ; 1.219          ; Low Pulse Width  ; clk   ; Rise       ; row_dct:row_dct_inst|dct:u1|four_mult_add_blk:four_mult_add_blk_inst0|four_mult_add:four_mult_add_inst|altmult_add:ALTMULT_ADD_component|mult_add_tc05:auto_generated|mac_mult1~OBSERVABLEDATAA_REGOUT10 ;
; 0.781 ; 2.000        ; 1.219          ; High Pulse Width ; clk   ; Rise       ; row_dct:row_dct_inst|dct:u1|four_mult_add_blk:four_mult_add_blk_inst0|four_mult_add:four_mult_add_inst|altmult_add:ALTMULT_ADD_component|mult_add_tc05:auto_generated|mac_mult1~OBSERVABLEDATAA_REGOUT11 ;
; 0.781 ; 2.000        ; 1.219          ; Low Pulse Width  ; clk   ; Rise       ; row_dct:row_dct_inst|dct:u1|four_mult_add_blk:four_mult_add_blk_inst0|four_mult_add:four_mult_add_inst|altmult_add:ALTMULT_ADD_component|mult_add_tc05:auto_generated|mac_mult1~OBSERVABLEDATAA_REGOUT11 ;
; 0.781 ; 2.000        ; 1.219          ; High Pulse Width ; clk   ; Rise       ; row_dct:row_dct_inst|dct:u1|four_mult_add_blk:four_mult_add_blk_inst0|four_mult_add:four_mult_add_inst|altmult_add:ALTMULT_ADD_component|mult_add_tc05:auto_generated|mac_mult1~OBSERVABLEDATAA_REGOUT12 ;
; 0.781 ; 2.000        ; 1.219          ; Low Pulse Width  ; clk   ; Rise       ; row_dct:row_dct_inst|dct:u1|four_mult_add_blk:four_mult_add_blk_inst0|four_mult_add:four_mult_add_inst|altmult_add:ALTMULT_ADD_component|mult_add_tc05:auto_generated|mac_mult1~OBSERVABLEDATAA_REGOUT12 ;
; 0.781 ; 2.000        ; 1.219          ; High Pulse Width ; clk   ; Rise       ; row_dct:row_dct_inst|dct:u1|four_mult_add_blk:four_mult_add_blk_inst0|four_mult_add:four_mult_add_inst|altmult_add:ALTMULT_ADD_component|mult_add_tc05:auto_generated|mac_mult1~OBSERVABLEDATAA_REGOUT13 ;
; 0.781 ; 2.000        ; 1.219          ; Low Pulse Width  ; clk   ; Rise       ; row_dct:row_dct_inst|dct:u1|four_mult_add_blk:four_mult_add_blk_inst0|four_mult_add:four_mult_add_inst|altmult_add:ALTMULT_ADD_component|mult_add_tc05:auto_generated|mac_mult1~OBSERVABLEDATAA_REGOUT13 ;
; 0.781 ; 2.000        ; 1.219          ; High Pulse Width ; clk   ; Rise       ; row_dct:row_dct_inst|dct:u1|four_mult_add_blk:four_mult_add_blk_inst0|four_mult_add:four_mult_add_inst|altmult_add:ALTMULT_ADD_component|mult_add_tc05:auto_generated|mac_mult1~OBSERVABLEDATAA_REGOUT14 ;
; 0.781 ; 2.000        ; 1.219          ; Low Pulse Width  ; clk   ; Rise       ; row_dct:row_dct_inst|dct:u1|four_mult_add_blk:four_mult_add_blk_inst0|four_mult_add:four_mult_add_inst|altmult_add:ALTMULT_ADD_component|mult_add_tc05:auto_generated|mac_mult1~OBSERVABLEDATAA_REGOUT14 ;
; 0.781 ; 2.000        ; 1.219          ; High Pulse Width ; clk   ; Rise       ; row_dct:row_dct_inst|dct:u1|four_mult_add_blk:four_mult_add_blk_inst0|four_mult_add:four_mult_add_inst|altmult_add:ALTMULT_ADD_component|mult_add_tc05:auto_generated|mac_mult1~OBSERVABLEDATAA_REGOUT15 ;
; 0.781 ; 2.000        ; 1.219          ; Low Pulse Width  ; clk   ; Rise       ; row_dct:row_dct_inst|dct:u1|four_mult_add_blk:four_mult_add_blk_inst0|four_mult_add:four_mult_add_inst|altmult_add:ALTMULT_ADD_component|mult_add_tc05:auto_generated|mac_mult1~OBSERVABLEDATAA_REGOUT15 ;
; 0.781 ; 2.000        ; 1.219          ; High Pulse Width ; clk   ; Rise       ; row_dct:row_dct_inst|dct:u1|four_mult_add_blk:four_mult_add_blk_inst0|four_mult_add:four_mult_add_inst|altmult_add:ALTMULT_ADD_component|mult_add_tc05:auto_generated|mac_mult1~OBSERVABLEDATAA_REGOUT16 ;
; 0.781 ; 2.000        ; 1.219          ; Low Pulse Width  ; clk   ; Rise       ; row_dct:row_dct_inst|dct:u1|four_mult_add_blk:four_mult_add_blk_inst0|four_mult_add:four_mult_add_inst|altmult_add:ALTMULT_ADD_component|mult_add_tc05:auto_generated|mac_mult1~OBSERVABLEDATAA_REGOUT16 ;
; 0.781 ; 2.000        ; 1.219          ; High Pulse Width ; clk   ; Rise       ; row_dct:row_dct_inst|dct:u1|four_mult_add_blk:four_mult_add_blk_inst0|four_mult_add:four_mult_add_inst|altmult_add:ALTMULT_ADD_component|mult_add_tc05:auto_generated|mac_mult1~OBSERVABLEDATAA_REGOUT17 ;
; 0.781 ; 2.000        ; 1.219          ; Low Pulse Width  ; clk   ; Rise       ; row_dct:row_dct_inst|dct:u1|four_mult_add_blk:four_mult_add_blk_inst0|four_mult_add:four_mult_add_inst|altmult_add:ALTMULT_ADD_component|mult_add_tc05:auto_generated|mac_mult1~OBSERVABLEDATAA_REGOUT17 ;
; 0.781 ; 2.000        ; 1.219          ; High Pulse Width ; clk   ; Rise       ; row_dct:row_dct_inst|dct:u1|four_mult_add_blk:four_mult_add_blk_inst0|four_mult_add:four_mult_add_inst|altmult_add:ALTMULT_ADD_component|mult_add_tc05:auto_generated|mac_mult1~OBSERVABLEDATAA_REGOUT2  ;
; 0.781 ; 2.000        ; 1.219          ; Low Pulse Width  ; clk   ; Rise       ; row_dct:row_dct_inst|dct:u1|four_mult_add_blk:four_mult_add_blk_inst0|four_mult_add:four_mult_add_inst|altmult_add:ALTMULT_ADD_component|mult_add_tc05:auto_generated|mac_mult1~OBSERVABLEDATAA_REGOUT2  ;
; 0.781 ; 2.000        ; 1.219          ; High Pulse Width ; clk   ; Rise       ; row_dct:row_dct_inst|dct:u1|four_mult_add_blk:four_mult_add_blk_inst0|four_mult_add:four_mult_add_inst|altmult_add:ALTMULT_ADD_component|mult_add_tc05:auto_generated|mac_mult1~OBSERVABLEDATAA_REGOUT3  ;
; 0.781 ; 2.000        ; 1.219          ; Low Pulse Width  ; clk   ; Rise       ; row_dct:row_dct_inst|dct:u1|four_mult_add_blk:four_mult_add_blk_inst0|four_mult_add:four_mult_add_inst|altmult_add:ALTMULT_ADD_component|mult_add_tc05:auto_generated|mac_mult1~OBSERVABLEDATAA_REGOUT3  ;
; 0.781 ; 2.000        ; 1.219          ; High Pulse Width ; clk   ; Rise       ; row_dct:row_dct_inst|dct:u1|four_mult_add_blk:four_mult_add_blk_inst0|four_mult_add:four_mult_add_inst|altmult_add:ALTMULT_ADD_component|mult_add_tc05:auto_generated|mac_mult1~OBSERVABLEDATAA_REGOUT4  ;
; 0.781 ; 2.000        ; 1.219          ; Low Pulse Width  ; clk   ; Rise       ; row_dct:row_dct_inst|dct:u1|four_mult_add_blk:four_mult_add_blk_inst0|four_mult_add:four_mult_add_inst|altmult_add:ALTMULT_ADD_component|mult_add_tc05:auto_generated|mac_mult1~OBSERVABLEDATAA_REGOUT4  ;
; 0.781 ; 2.000        ; 1.219          ; High Pulse Width ; clk   ; Rise       ; row_dct:row_dct_inst|dct:u1|four_mult_add_blk:four_mult_add_blk_inst0|four_mult_add:four_mult_add_inst|altmult_add:ALTMULT_ADD_component|mult_add_tc05:auto_generated|mac_mult1~OBSERVABLEDATAA_REGOUT5  ;
; 0.781 ; 2.000        ; 1.219          ; Low Pulse Width  ; clk   ; Rise       ; row_dct:row_dct_inst|dct:u1|four_mult_add_blk:four_mult_add_blk_inst0|four_mult_add:four_mult_add_inst|altmult_add:ALTMULT_ADD_component|mult_add_tc05:auto_generated|mac_mult1~OBSERVABLEDATAA_REGOUT5  ;
+-------+--------------+----------------+------------------+-------+------------+----------------------------------------------------------------------------------------------------------------------------------------------------------------------------------------------------------+


+-----------------------------------------------------------------------------+
; Setup Times                                                                 ;
+-----------------+------------+-------+-------+------------+-----------------+
; Data Port       ; Clock Port ; Rise  ; Fall  ; Clock Edge ; Clock Reference ;
+-----------------+------------+-------+-------+------------+-----------------+
; clken           ; clk        ; 0.764 ; 0.764 ; Rise       ; clk             ;
; serial_data[*]  ; clk        ; 0.603 ; 0.603 ; Rise       ; clk             ;
;  serial_data[0] ; clk        ; 0.585 ; 0.585 ; Rise       ; clk             ;
;  serial_data[1] ; clk        ; 0.550 ; 0.550 ; Rise       ; clk             ;
;  serial_data[2] ; clk        ; 0.580 ; 0.580 ; Rise       ; clk             ;
;  serial_data[3] ; clk        ; 0.558 ; 0.558 ; Rise       ; clk             ;
;  serial_data[4] ; clk        ; 0.545 ; 0.545 ; Rise       ; clk             ;
;  serial_data[5] ; clk        ; 0.538 ; 0.538 ; Rise       ; clk             ;
;  serial_data[6] ; clk        ; 0.330 ; 0.330 ; Rise       ; clk             ;
;  serial_data[7] ; clk        ; 0.603 ; 0.603 ; Rise       ; clk             ;
+-----------------+------------+-------+-------+------------+-----------------+


+-------------------------------------------------------------------------------+
; Hold Times                                                                    ;
+-----------------+------------+--------+--------+------------+-----------------+
; Data Port       ; Clock Port ; Rise   ; Fall   ; Clock Edge ; Clock Reference ;
+-----------------+------------+--------+--------+------------+-----------------+
; clken           ; clk        ; -0.095 ; -0.095 ; Rise       ; clk             ;
; serial_data[*]  ; clk        ; -0.208 ; -0.208 ; Rise       ; clk             ;
;  serial_data[0] ; clk        ; -0.463 ; -0.463 ; Rise       ; clk             ;
;  serial_data[1] ; clk        ; -0.428 ; -0.428 ; Rise       ; clk             ;
;  serial_data[2] ; clk        ; -0.458 ; -0.458 ; Rise       ; clk             ;
;  serial_data[3] ; clk        ; -0.436 ; -0.436 ; Rise       ; clk             ;
;  serial_data[4] ; clk        ; -0.423 ; -0.423 ; Rise       ; clk             ;
;  serial_data[5] ; clk        ; -0.416 ; -0.416 ; Rise       ; clk             ;
;  serial_data[6] ; clk        ; -0.208 ; -0.208 ; Rise       ; clk             ;
;  serial_data[7] ; clk        ; -0.481 ; -0.481 ; Rise       ; clk             ;
+-----------------+------------+--------+--------+------------+-----------------+


+--------------------------------------------------------------------------+
; Clock to Output Times                                                    ;
+--------------+------------+-------+-------+------------+-----------------+
; Data Port    ; Clock Port ; Rise  ; Fall  ; Clock Edge ; Clock Reference ;
+--------------+------------+-------+-------+------------+-----------------+
; data_valid   ; clk        ; 2.575 ; 2.575 ; Rise       ; clk             ;
; dct_out[*]   ; clk        ; 2.487 ; 2.487 ; Rise       ; clk             ;
;  dct_out[0]  ; clk        ; 2.467 ; 2.467 ; Rise       ; clk             ;
;  dct_out[1]  ; clk        ; 2.435 ; 2.435 ; Rise       ; clk             ;
;  dct_out[2]  ; clk        ; 2.433 ; 2.433 ; Rise       ; clk             ;
;  dct_out[3]  ; clk        ; 2.445 ; 2.445 ; Rise       ; clk             ;
;  dct_out[4]  ; clk        ; 2.462 ; 2.462 ; Rise       ; clk             ;
;  dct_out[5]  ; clk        ; 2.465 ; 2.465 ; Rise       ; clk             ;
;  dct_out[6]  ; clk        ; 2.465 ; 2.465 ; Rise       ; clk             ;
;  dct_out[7]  ; clk        ; 2.427 ; 2.427 ; Rise       ; clk             ;
;  dct_out[8]  ; clk        ; 2.487 ; 2.487 ; Rise       ; clk             ;
;  dct_out[9]  ; clk        ; 2.447 ; 2.447 ; Rise       ; clk             ;
;  dct_out[10] ; clk        ; 2.468 ; 2.468 ; Rise       ; clk             ;
;  dct_out[11] ; clk        ; 2.482 ; 2.482 ; Rise       ; clk             ;
;  dct_out[12] ; clk        ; 2.445 ; 2.445 ; Rise       ; clk             ;
;  dct_out[13] ; clk        ; 2.462 ; 2.462 ; Rise       ; clk             ;
;  dct_out[14] ; clk        ; 2.462 ; 2.462 ; Rise       ; clk             ;
;  dct_out[15] ; clk        ; 2.433 ; 2.433 ; Rise       ; clk             ;
;  dct_out[16] ; clk        ; 2.435 ; 2.435 ; Rise       ; clk             ;
;  dct_out[17] ; clk        ; 2.443 ; 2.443 ; Rise       ; clk             ;
;  dct_out[18] ; clk        ; 2.425 ; 2.425 ; Rise       ; clk             ;
;  dct_out[19] ; clk        ; 2.445 ; 2.445 ; Rise       ; clk             ;
;  dct_out[20] ; clk        ; 2.433 ; 2.433 ; Rise       ; clk             ;
;  dct_out[21] ; clk        ; 2.425 ; 2.425 ; Rise       ; clk             ;
+--------------+------------+-------+-------+------------+-----------------+


+--------------------------------------------------------------------------+
; Minimum Clock to Output Times                                            ;
+--------------+------------+-------+-------+------------+-----------------+
; Data Port    ; Clock Port ; Rise  ; Fall  ; Clock Edge ; Clock Reference ;
+--------------+------------+-------+-------+------------+-----------------+
; data_valid   ; clk        ; 2.575 ; 2.575 ; Rise       ; clk             ;
; dct_out[*]   ; clk        ; 2.425 ; 2.425 ; Rise       ; clk             ;
;  dct_out[0]  ; clk        ; 2.467 ; 2.467 ; Rise       ; clk             ;
;  dct_out[1]  ; clk        ; 2.435 ; 2.435 ; Rise       ; clk             ;
;  dct_out[2]  ; clk        ; 2.433 ; 2.433 ; Rise       ; clk             ;
;  dct_out[3]  ; clk        ; 2.445 ; 2.445 ; Rise       ; clk             ;
;  dct_out[4]  ; clk        ; 2.462 ; 2.462 ; Rise       ; clk             ;
;  dct_out[5]  ; clk        ; 2.465 ; 2.465 ; Rise       ; clk             ;
;  dct_out[6]  ; clk        ; 2.465 ; 2.465 ; Rise       ; clk             ;
;  dct_out[7]  ; clk        ; 2.427 ; 2.427 ; Rise       ; clk             ;
;  dct_out[8]  ; clk        ; 2.487 ; 2.487 ; Rise       ; clk             ;
;  dct_out[9]  ; clk        ; 2.447 ; 2.447 ; Rise       ; clk             ;
;  dct_out[10] ; clk        ; 2.468 ; 2.468 ; Rise       ; clk             ;
;  dct_out[11] ; clk        ; 2.482 ; 2.482 ; Rise       ; clk             ;
;  dct_out[12] ; clk        ; 2.445 ; 2.445 ; Rise       ; clk             ;
;  dct_out[13] ; clk        ; 2.462 ; 2.462 ; Rise       ; clk             ;
;  dct_out[14] ; clk        ; 2.462 ; 2.462 ; Rise       ; clk             ;
;  dct_out[15] ; clk        ; 2.433 ; 2.433 ; Rise       ; clk             ;
;  dct_out[16] ; clk        ; 2.435 ; 2.435 ; Rise       ; clk             ;
;  dct_out[17] ; clk        ; 2.443 ; 2.443 ; Rise       ; clk             ;
;  dct_out[18] ; clk        ; 2.425 ; 2.425 ; Rise       ; clk             ;
;  dct_out[19] ; clk        ; 2.445 ; 2.445 ; Rise       ; clk             ;
;  dct_out[20] ; clk        ; 2.433 ; 2.433 ; Rise       ; clk             ;
;  dct_out[21] ; clk        ; 2.425 ; 2.425 ; Rise       ; clk             ;
+--------------+------------+-------+-------+------------+-----------------+


+-------------------------------------------------------------------------------+
; Multicorner Timing Analysis Summary                                           ;
+------------------+---------+-------+----------+---------+---------------------+
; Clock            ; Setup   ; Hold  ; Recovery ; Removal ; Minimum Pulse Width ;
+------------------+---------+-------+----------+---------+---------------------+
; Worst-case Slack ; -1.424  ; 0.0   ; 0.0      ; 0.0     ; 0.0                 ;
;  clk             ; -1.424  ; 0.213 ; 1.034    ; 0.735   ; 0.781               ;
; Design-wide TNS  ; -28.445 ; 0.0   ; 0.0      ; 0.0     ; N/A                 ;
;  clk             ; -28.445 ; 0.000 ; 0.000    ; 0.000   ; N/A                 ;
+------------------+---------+-------+----------+---------+---------------------+


+-------------------------------------------------------------------+
; Setup Transfers                                                   ;
+------------+----------+----------+----------+----------+----------+
; From Clock ; To Clock ; RR Paths ; FR Paths ; RF Paths ; FF Paths ;
+------------+----------+----------+----------+----------+----------+
; clk        ; clk      ; 38040    ; 0        ; 0        ; 0        ;
+------------+----------+----------+----------+----------+----------+
Entries labeled "false path" only account for clock-to-clock false paths and not path-based false paths. As a result, actual path counts may be lower than reported.


+-------------------------------------------------------------------+
; Hold Transfers                                                    ;
+------------+----------+----------+----------+----------+----------+
; From Clock ; To Clock ; RR Paths ; FR Paths ; RF Paths ; FF Paths ;
+------------+----------+----------+----------+----------+----------+
; clk        ; clk      ; 38040    ; 0        ; 0        ; 0        ;
+------------+----------+----------+----------+----------+----------+
Entries labeled "false path" only account for clock-to-clock false paths and not path-based false paths. As a result, actual path counts may be lower than reported.


+-------------------------------------------------------------------+
; Recovery Transfers                                                ;
+------------+----------+----------+----------+----------+----------+
; From Clock ; To Clock ; RR Paths ; FR Paths ; RF Paths ; FF Paths ;
+------------+----------+----------+----------+----------+----------+
; clk        ; clk      ; 1667     ; 0        ; 0        ; 0        ;
+------------+----------+----------+----------+----------+----------+
Entries labeled "false path" only account for clock-to-clock false paths and not path-based false paths. As a result, actual path counts may be lower than reported.


+-------------------------------------------------------------------+
; Removal Transfers                                                 ;
+------------+----------+----------+----------+----------+----------+
; From Clock ; To Clock ; RR Paths ; FR Paths ; RF Paths ; FF Paths ;
+------------+----------+----------+----------+----------+----------+
; clk        ; clk      ; 1667     ; 0        ; 0        ; 0        ;
+------------+----------+----------+----------+----------+----------+
Entries labeled "false path" only account for clock-to-clock false paths and not path-based false paths. As a result, actual path counts may be lower than reported.


---------------
; Report TCCS ;
---------------
No dedicated SERDES Transmitter circuitry present in device or used in design.


---------------
; Report RSKM ;
---------------
No dedicated SERDES Receiver circuitry present in device or used in design.


+------------------------------------------------+
; Unconstrained Paths                            ;
+---------------------------------+-------+------+
; Property                        ; Setup ; Hold ;
+---------------------------------+-------+------+
; Illegal Clocks                  ; 0     ; 0    ;
; Unconstrained Clocks            ; 0     ; 0    ;
; Unconstrained Input Ports       ; 0     ; 0    ;
; Unconstrained Input Port Paths  ; 0     ; 0    ;
; Unconstrained Output Ports      ; 0     ; 0    ;
; Unconstrained Output Port Paths ; 0     ; 0    ;
+---------------------------------+-------+------+


+------------------------------------+
; TimeQuest Timing Analyzer Messages ;
+------------------------------------+
Info: *******************************************************************
Info: Running Quartus II TimeQuest Timing Analyzer
    Info: Version 8.0 Build 215 05/29/2008 SJ Full Version
    Info: Processing started: Tue Mar 31 14:48:57 2009
Info: Command: quartus_sta two_d_dct -c two_d_dct
Info: qsta_default_script.tcl version: #3
Info: Reading SDC File: 'two_d_dct.sdc'
Info: Analyzing Slow Model
Critical Warning: Timing requirements not met
Info: Worst-case setup slack is -1.424
    Info:     Slack End Point TNS Clock 
    Info: ========= ============= =====================
    Info:    -1.424       -28.445 clk 
Info: Worst-case hold slack is 0.341
    Info:     Slack End Point TNS Clock 
    Info: ========= ============= =====================
    Info:     0.341         0.000 clk 
Info: Worst-case recovery slack is 1.034
    Info:     Slack End Point TNS Clock 
    Info: ========= ============= =====================
    Info:     1.034         0.000 clk 
Info: Worst-case removal slack is 1.156
    Info:     Slack End Point TNS Clock 
    Info: ========= ============= =====================
    Info:     1.156         0.000 clk 
Info: Analyzing Fast Model
Info: Started post-fitting delay annotation
Warning: Found 23 output pins without output pin load capacitance assignment
    Info: Pin "data_valid" has no specified output pin load capacitance -- assuming default load capacitance of 0 pF for timing analysis
    Info: Pin "dct_out[0]" has no specified output pin load capacitance -- assuming default load capacitance of 0 pF for timing analysis
    Info: Pin "dct_out[1]" has no specified output pin load capacitance -- assuming default load capacitance of 0 pF for timing analysis
    Info: Pin "dct_out[2]" has no specified output pin load capacitance -- assuming default load capacitance of 0 pF for timing analysis
    Info: Pin "dct_out[3]" has no specified output pin load capacitance -- assuming default load capacitance of 0 pF for timing analysis
    Info: Pin "dct_out[4]" has no specified output pin load capacitance -- assuming default load capacitance of 0 pF for timing analysis
    Info: Pin "dct_out[5]" has no specified output pin load capacitance -- assuming default load capacitance of 0 pF for timing analysis
    Info: Pin "dct_out[6]" has no specified output pin load capacitance -- assuming default load capacitance of 0 pF for timing analysis
    Info: Pin "dct_out[7]" has no specified output pin load capacitance -- assuming default load capacitance of 0 pF for timing analysis
    Info: Pin "dct_out[8]" has no specified output pin load capacitance -- assuming default load capacitance of 0 pF for timing analysis
    Info: Pin "dct_out[9]" has no specified output pin load capacitance -- assuming default load capacitance of 0 pF for timing analysis
    Info: Pin "dct_out[10]" has no specified output pin load capacitance -- assuming default load capacitance of 0 pF for timing analysis
    Info: Pin "dct_out[11]" has no specified output pin load capacitance -- assuming default load capacitance of 0 pF for timing analysis
    Info: Pin "dct_out[12]" has no specified output pin load capacitance -- assuming default load capacitance of 0 pF for timing analysis
    Info: Pin "dct_out[13]" has no specified output pin load capacitance -- assuming default load capacitance of 0 pF for timing analysis
    Info: Pin "dct_out[14]" has no specified output pin load capacitance -- assuming default load capacitance of 0 pF for timing analysis
    Info: Pin "dct_out[15]" has no specified output pin load capacitance -- assuming default load capacitance of 0 pF for timing analysis
    Info: Pin "dct_out[16]" has no specified output pin load capacitance -- assuming default load capacitance of 0 pF for timing analysis
    Info: Pin "dct_out[17]" has no specified output pin load capacitance -- assuming default load capacitance of 0 pF for timing analysis
    Info: Pin "dct_out[18]" has no specified output pin load capacitance -- assuming default load capacitance of 0 pF for timing analysis
    Info: Pin "dct_out[19]" has no specified output pin load capacitance -- assuming default load capacitance of 0 pF for timing analysis
    Info: Pin "dct_out[20]" has no specified output pin load capacitance -- assuming default load capacitance of 0 pF for timing analysis
    Info: Pin "dct_out[21]" has no specified output pin load capacitance -- assuming default load capacitance of 0 pF for timing analysis
Info: Delay annotation completed successfully
Info: Worst-case setup slack is 0.425
    Info:     Slack End Point TNS Clock 
    Info: ========= ============= =====================
    Info:     0.425         0.000 clk 
Info: Worst-case hold slack is 0.213
    Info:     Slack End Point TNS Clock 
    Info: ========= ============= =====================
    Info:     0.213         0.000 clk 
Info: Worst-case recovery slack is 1.583
    Info:     Slack End Point TNS Clock 
    Info: ========= ============= =====================
    Info:     1.583         0.000 clk 
Info: Worst-case removal slack is 0.735
    Info:     Slack End Point TNS Clock 
    Info: ========= ============= =====================
    Info:     0.735         0.000 clk 
Info: Design is fully constrained for setup requirements
Info: Design is fully constrained for hold requirements
Info: Quartus II TimeQuest Timing Analyzer was successful. 0 errors, 2 warnings
    Info: Peak virtual memory: 171 megabytes
    Info: Processing ended: Tue Mar 31 14:49:04 2009
    Info: Elapsed time: 00:00:07
    Info: Total CPU time (on all processors): 00:00:07


