Flow report for two_d_dct
Tue Mar 31 14:49:04 2009
Quartus II Version 8.0 Build 215 05/29/2008 SJ Full Version


---------------------
; Table of Contents ;
---------------------
  1. Legal Notice
  2. Flow Summary
  3. Flow Settings
  4. Flow Non-Default Global Settings
  5. Flow Elapsed Time
  6. Flow Log



----------------
; Legal Notice ;
----------------
Copyright (C) 1991-2008 Altera Corporation
Your use of Altera Corporation's design tools, logic functions 
and other software and tools, and its AMPP partner logic 
functions, and any output files from any of the foregoing 
(including device programming or simulation files), and any 
associated documentation or information are expressly subject 
to the terms and conditions of the Altera Program License 
Subscription Agreement, Altera MegaCore Function License 
Agreement, or other applicable license agreement, including, 
without limitation, that your use is for the sole purpose of 
programming logic devices manufactured by Altera and sold by 
Altera or its authorized distributors.  Please refer to the 
applicable agreement for further details.



+--------------------------------------------------------------------------+
; Flow Summary                                                             ;
+-------------------------------+------------------------------------------+
; Flow Status                   ; Successful - Tue Mar 31 14:48:56 2009    ;
; Quartus II Version            ; 8.0 Build 215 05/29/2008 SJ Full Version ;
; Revision Name                 ; two_d_dct                                ;
; Top-level Entity Name         ; two_d_dct                                ;
; Family                        ; Stratix II                               ;
; Device                        ; EP2S15F484C3                             ;
; Timing Models                 ; Final                                    ;
; Met timing requirements       ; N/A                                      ;
; Logic utilization             ; 9 %                                      ;
;     Combinational ALUTs       ; 659 / 12,480 ( 5 % )                     ;
;     Dedicated logic registers ; 932 / 12,480 ( 7 % )                     ;
; Total registers               ; 955                                      ;
; Total pins                    ; 34 / 343 ( 10 % )                        ;
; Total virtual pins            ; 0                                        ;
; Total block memory bits       ; 3,014 / 419,328 ( < 1 % )                ;
; DSP block 9-bit elements      ; 18 / 96 ( 19 % )                         ;
; Total PLLs                    ; 0 / 6 ( 0 % )                            ;
; Total DLLs                    ; 0 / 2 ( 0 % )                            ;
+-------------------------------+------------------------------------------+


+-----------------------------------------+
; Flow Settings                           ;
+-------------------+---------------------+
; Option            ; Setting             ;
+-------------------+---------------------+
; Start date & time ; 03/31/2009 14:47:39 ;
; Main task         ; Compilation         ;
; Revision Name     ; two_d_dct           ;
+-------------------+---------------------+


+---------------------------------------------------------------------------------------------------------+
; Flow Non-Default Global Settings                                                                        ;
+-------------------------------+------------------------------+---------------+-------------+------------+
; Assignment Name               ; Value                        ; Default Value ; Entity Name ; Section Id ;
+-------------------------------+------------------------------+---------------+-------------+------------+
; COMPILER_SIGNATURE_ID         ; 106808666999.123848205900376 ; --            ; --          ; --         ;
; ENABLE_ADVANCED_IO_TIMING     ; Off                          ; --            ; --          ; --         ;
; PARTITION_COLOR               ; 14622752                     ; --            ; --          ; Top        ;
; PARTITION_NETLIST_TYPE        ; SOURCE                       ; --            ; --          ; Top        ;
; SAVE_DISK_SPACE               ; Off                          ; On            ; --          ; --         ;
; USE_TIMEQUEST_TIMING_ANALYZER ; On                           ; Off           ; --          ; --         ;
+-------------------------------+------------------------------+---------------+-------------+------------+


+-------------------------------------------------------------------------------------------------------------------------------+
; Flow Elapsed Time                                                                                                             ;
+---------------------------+--------------+-------------------------+---------------------+------------------------------------+
; Module Name               ; Elapsed Time ; Average Processors Used ; Peak Virtual Memory ; Total CPU Time (on all processors) ;
+---------------------------+--------------+-------------------------+---------------------+------------------------------------+
; Analysis & Synthesis      ; 00:00:19     ; 1.0                     ; 181 MB              ; 00:00:16                           ;
; Fitter                    ; 00:00:46     ; 1.0                     ; 234 MB              ; 00:00:44                           ;
; Assembler                 ; 00:00:01     ; 1.0                     ; 134 MB              ; 00:00:00                           ;
; TimeQuest Timing Analyzer ; 00:00:07     ; 1.0                     ; 171 MB              ; 00:00:07                           ;
; Total                     ; 00:01:13     ; --                      ; --                  ; 00:01:07                           ;
+---------------------------+--------------+-------------------------+---------------------+------------------------------------+


------------
; Flow Log ;
------------
quartus_map --read_settings_files=on --write_settings_files=off two_d_dct -c two_d_dct
quartus_fit --read_settings_files=off --write_settings_files=off two_d_dct -c two_d_dct
quartus_asm --read_settings_files=off --write_settings_files=off two_d_dct -c two_d_dct
quartus_sta two_d_dct -c two_d_dct



