Flow report for des
Wed Apr 01 11:18:47 2009
Quartus II Version 8.0 Build 215 05/29/2008 SJ Full Version


---------------------
; Table of Contents ;
---------------------
  1. Legal Notice
  2. Flow Summary
  3. Flow Settings
  4. Flow Non-Default Global Settings
  5. Flow Elapsed Time
  6. Flow Log



----------------
; Legal Notice ;
----------------
Copyright (C) 1991-2008 Altera Corporation
Your use of Altera Corporation's design tools, logic functions 
and other software and tools, and its AMPP partner logic 
functions, and any output files from any of the foregoing 
(including device programming or simulation files), and any 
associated documentation or information are expressly subject 
to the terms and conditions of the Altera Program License 
Subscription Agreement, Altera MegaCore Function License 
Agreement, or other applicable license agreement, including, 
without limitation, that your use is for the sole purpose of 
programming logic devices manufactured by Altera and sold by 
Altera or its authorized distributors.  Please refer to the 
applicable agreement for further details.



+--------------------------------------------------------------------------+
; Flow Summary                                                             ;
+-------------------------------+------------------------------------------+
; Flow Status                   ; Successful - Wed Apr 01 11:18:46 2009    ;
; Quartus II Version            ; 8.0 Build 215 05/29/2008 SJ Full Version ;
; Revision Name                 ; des                                      ;
; Top-level Entity Name         ; des                                      ;
; Family                        ; Stratix II                               ;
; Device                        ; EP2S15F672C3                             ;
; Timing Models                 ; Final                                    ;
; Met timing requirements       ; Yes                                      ;
; Logic utilization             ; 20 %                                     ;
;     Combinational ALUTs       ; 1,792 / 12,480 ( 14 % )                  ;
;     Dedicated logic registers ; 1,984 / 12,480 ( 16 % )                  ;
; Total registers               ; 1984                                     ;
; Total pins                    ; 186 / 367 ( 51 % )                       ;
; Total virtual pins            ; 0                                        ;
; Total block memory bits       ; 0 / 419,328 ( 0 % )                      ;
; DSP block 9-bit elements      ; 0 / 96 ( 0 % )                           ;
; Total PLLs                    ; 0 / 6 ( 0 % )                            ;
; Total DLLs                    ; 0 / 2 ( 0 % )                            ;
+-------------------------------+------------------------------------------+


+-----------------------------------------+
; Flow Settings                           ;
+-------------------+---------------------+
; Option            ; Setting             ;
+-------------------+---------------------+
; Start date & time ; 04/01/2009 11:16:33 ;
; Main task         ; Compilation         ;
; Revision Name     ; des                 ;
+-------------------+---------------------+


+--------------------------------------------------------------------------------------------------+
; Flow Non-Default Global Settings                                                                 ;
+------------------------+------------------------------+---------------+-------------+------------+
; Assignment Name        ; Value                        ; Default Value ; Entity Name ; Section Id ;
+------------------------+------------------------------+---------------+-------------+------------+
; COMPILER_SIGNATURE_ID  ; 106808666999.123855579300672 ; --            ; --          ; --         ;
; PARTITION_COLOR        ; 14622752                     ; --            ; --          ; Top        ;
; PARTITION_NETLIST_TYPE ; SOURCE                       ; --            ; --          ; Top        ;
+------------------------+------------------------------+---------------+-------------+------------+


+-----------------------------------------------------------------------------------------------------------------------------+
; Flow Elapsed Time                                                                                                           ;
+-------------------------+--------------+-------------------------+---------------------+------------------------------------+
; Module Name             ; Elapsed Time ; Average Processors Used ; Peak Virtual Memory ; Total CPU Time (on all processors) ;
+-------------------------+--------------+-------------------------+---------------------+------------------------------------+
; Analysis & Synthesis    ; 00:01:00     ; 1.0                     ; 173 MB              ; 00:00:54                           ;
; Fitter                  ; 00:00:45     ; 1.0                     ; 201 MB              ; 00:00:37                           ;
; Assembler               ; 00:00:01     ; 1.0                     ; 135 MB              ; 00:00:01                           ;
; Classic Timing Analyzer ; 00:00:02     ; 1.0                     ; 136 MB              ; 00:00:02                           ;
; Total                   ; 00:01:48     ; --                      ; --                  ; 00:01:34                           ;
+-------------------------+--------------+-------------------------+---------------------+------------------------------------+


------------
; Flow Log ;
------------
quartus_map --read_settings_files=on --write_settings_files=off des -c des
quartus_fit --read_settings_files=off --write_settings_files=off des -c des
quartus_asm --read_settings_files=off --write_settings_files=off des -c des
quartus_tan --read_settings_files=off --write_settings_files=off des -c des --timing_analysis_only



