EDA Netlist Writer report for pll_ram
Sun Dec 05 05:43:10 2004
Version 4.0 Build 190 1/28/2004 SJ Full Version


---------------------
; Table of Contents ;
---------------------
  1. Legal Notice
  2. EDA Netlist Writer Summary
  3. Simulation Tool Settings
  4. Simulation Tool Generated Files
  5. EDA Netlist Writer Messages



----------------
; Legal Notice ;
----------------
Copyright (C) 1991-2004 Altera Corporation
Any  megafunction  design,  and related netlist (encrypted  or  decrypted),
support information,  device programming or simulation file,  and any other
associated  documentation or information  provided by  Altera  or a partner
under  Altera's   Megafunction   Partnership   Program  may  be  used  only
to program  PLD  devices (but not masked  PLD  devices) from  Altera.   Any
other  use  of such  megafunction  design,  netlist,  support  information,
device programming or simulation file,  or any other  related documentation
or information  is prohibited  for  any  other purpose,  including, but not
limited to  modification,  reverse engineering,  de-compiling, or use  with
any other  silicon devices,  unless such use is  explicitly  licensed under
a separate agreement with  Altera  or a megafunction partner.  Title to the
intellectual property,  including patents,  copyrights,  trademarks,  trade
secrets,  or maskworks,  embodied in any such megafunction design, netlist,
support  information,  device programming or simulation file,  or any other
related documentation or information provided by  Altera  or a megafunction
partner, remains with Altera, the megafunction partner, or their respective
licensors. No other licenses, including any licenses needed under any third
party's intellectual property, are provided herein.



+-------------------------------------------------------------------+
; EDA Netlist Writer Summary                                        ;
+---------------------------+---------------------------------------+
; EDA Netlist Writer Status ; Successful - Sun Dec 05 05:43:10 2004 ;
; Revision Name             ; pll_ram                               ;
; Top-level Entity Name     ; pll_ram                               ;
; Family                    ; Stratix                               ;
; Simulation Tool Writer    ; Successful                            ;
+---------------------------+---------------------------------------+


+------------------------------------------------------------------------------------------------------+
; Simulation Tool Settings                                                                             ;
+-------------------------------------------------------------------------------------------------------
; Option                                               ; Setting                                       ;
+------------------------------------------------------+-----------------------------------------------+
; Tool Name                                            ; ModelSim (Verilog HDL output from Quartus II) ;
; Generate Netlist for Functional Simulation Only      ; Off                                           ;
; Time scale                                           ; 1 ps                                          ;
; Truncate long hierarchy paths                        ; Off                                           ;
; Map illegal Verilog HDL characters                   ; Off                                           ;
; Flatten buses into individual nodes                  ; Off                                           ;
; Maintain hierarchy                                   ; Off                                           ;
; Bring out device-wide set/reset signals as ports     ; Off                                           ;
; Output Excalibur stripe as a single module or entity ; Off                                           ;
; Generate Power Input File                            ; Off                                           ;
+------------------------------------------------------+-----------------------------------------------+


+------------------------------------------------------------------+
; Simulation Tool Generated Files                                  ;
+-------------------------------------------------------------------
; Generated Files                                                  ;
+------------------------------------------------------------------+
; d:/prj_d/modelsim_demo/pll_ram/simulation/modelsim/pll_ram.vo    ;
; d:/prj_d/modelsim_demo/pll_ram/simulation/modelsim/pll_ram_v.sdo ;
+------------------------------------------------------------------+


+------------------------------+
; EDA Netlist Writer Messages  ;
+------------------------------+
Info: *******************************************************************
Info: Running Quartus II EDA Netlist Writer
    Info: Version 4.0 Build 190 1/28/2004 SJ Full Version
    Info: Processing started: Sun Dec 05 05:43:09 2004
Info: Command: quartus_eda --import_settings_files=off --export_settings_files=off pll_ram -c pll_ram
Info: Generated files pll_ram.vo and pll_ram_v.sdo in directory d:/prj_d/modelsim_demo/pll_ram/simulation/modelsim/ for EDA simulation tool
Info: Quartus II EDA Netlist Writer was successful. 0 errors, 0 warnings
    Info: Processing ended: Sun Dec 05 05:43:10 2004
    Info: Elapsed time: 00:00:01


