Flow report for top_qic
Wed Apr 01 11:03:29 2009
Quartus II Version 8.0 Build 215 05/29/2008 SJ Full Version


---------------------
; Table of Contents ;
---------------------
  1. Legal Notice
  2. Flow Summary
  3. Flow Settings
  4. Flow Non-Default Global Settings
  5. Flow Elapsed Time
  6. Flow Log



----------------
; Legal Notice ;
----------------
Copyright (C) 1991-2008 Altera Corporation
Your use of Altera Corporation's design tools, logic functions 
and other software and tools, and its AMPP partner logic 
functions, and any output files from any of the foregoing 
(including device programming or simulation files), and any 
associated documentation or information are expressly subject 
to the terms and conditions of the Altera Program License 
Subscription Agreement, Altera MegaCore Function License 
Agreement, or other applicable license agreement, including, 
without limitation, that your use is for the sole purpose of 
programming logic devices manufactured by Altera and sold by 
Altera or its authorized distributors.  Please refer to the 
applicable agreement for further details.



+--------------------------------------------------------------------------+
; Flow Summary                                                             ;
+-------------------------------+------------------------------------------+
; Flow Status                   ; Successful - Wed Apr 01 11:03:28 2009    ;
; Quartus II Version            ; 8.0 Build 215 05/29/2008 SJ Full Version ;
; Revision Name                 ; top_qic                                  ;
; Top-level Entity Name         ; top_qic                                  ;
; Family                        ; Stratix II                               ;
; Device                        ; EP2S15F672C3                             ;
; Timing Models                 ; Final                                    ;
; Met timing requirements       ; Yes                                      ;
; Logic utilization             ; 0 %                                      ;
;     Combinational ALUTs       ; 0 / 12,480 ( 0 % )                       ;
;     Dedicated logic registers ; 0 / 12,480 ( 0 % )                       ;
; Total registers               ; 0                                        ;
; Total pins                    ; 240 / 367 ( 65 % )                       ;
; Total virtual pins            ; 368                                      ;
; Total block memory bits       ; 0 / 419,328 ( 0 % )                      ;
; DSP block 9-bit elements      ; 0 / 96 ( 0 % )                           ;
; Total PLLs                    ; 0 / 6 ( 0 % )                            ;
; Total DLLs                    ; 0 / 2 ( 0 % )                            ;
+-------------------------------+------------------------------------------+


+-----------------------------------------+
; Flow Settings                           ;
+-------------------+---------------------+
; Option            ; Setting             ;
+-------------------+---------------------+
; Start date & time ; 04/01/2009 11:02:50 ;
; Main task         ; Compilation         ;
; Revision Name     ; top_qic             ;
+-------------------+---------------------+


+-------------------------------------------------------------------------------------------------------------------------+
; Flow Non-Default Global Settings                                                                                        ;
+-------------------------------------+---------------------------------+---------------+-------------+-------------------+
; Assignment Name                     ; Value                           ; Default Value ; Entity Name ; Section Id        ;
+-------------------------------------+---------------------------------+---------------+-------------+-------------------+
; AUTO_SHIFT_REGISTER_RECOGNITION     ; Off                             ; Auto          ; --          ; --                ;
; COMPILER_SIGNATURE_ID               ; 106808666999.123855496900484    ; --            ; --          ; --                ;
; DSP_BLOCK_BALANCING                 ; Logic Elements                  ; Auto          ; --          ; --                ;
; PARTITION_COLOR                     ; 2105567                         ; --            ; --          ; des:inst2         ;
; PARTITION_COLOR                     ; 2154272                         ; --            ; --          ; fir_top:inst      ;
; PARTITION_COLOR                     ; 16037301                        ; --            ; --          ; placeholder:inst3 ;
; PARTITION_COLOR                     ; 14622752                        ; --            ; --          ; Top               ;
; PARTITION_FITTER_PRESERVATION_LEVEL ; PLACEMENT                       ; --            ; --          ; des:inst2         ;
; PARTITION_FITTER_PRESERVATION_LEVEL ; PLACEMENT                       ; --            ; --          ; fir_top:inst      ;
; PARTITION_FITTER_PRESERVATION_LEVEL ; PLACEMENT                       ; --            ; --          ; placeholder:inst3 ;
; PARTITION_FITTER_PRESERVATION_LEVEL ; PLACEMENT                       ; --            ; --          ; Top               ;
; PARTITION_NETLIST_TYPE              ; EMPTY                           ; --            ; --          ; des:inst2         ;
; PARTITION_NETLIST_TYPE              ; EMPTY                           ; --            ; --          ; fir_top:inst      ;
; PARTITION_NETLIST_TYPE              ; EMPTY                           ; --            ; --          ; placeholder:inst3 ;
; PARTITION_NETLIST_TYPE              ; POST_SYNTH                      ; --            ; --          ; Top               ;
; USER_LIBRARIES                      ; fir_lab\fir_compiler-v3.3.0\lib ; --            ; --          ; --                ;
+-------------------------------------+---------------------------------+---------------+-------------+-------------------+


+-----------------------------------------------------------------------------------------------------------------------------+
; Flow Elapsed Time                                                                                                           ;
+-------------------------+--------------+-------------------------+---------------------+------------------------------------+
; Module Name             ; Elapsed Time ; Average Processors Used ; Peak Virtual Memory ; Total CPU Time (on all processors) ;
+-------------------------+--------------+-------------------------+---------------------+------------------------------------+
; Analysis & Synthesis    ; 00:00:03     ; 1.0                     ; 159 MB              ; 00:00:02                           ;
; Partition Merge         ; 00:00:02     ; 1.0                     ; 171 MB              ; 00:00:01                           ;
; Fitter                  ; 00:00:18     ; 1.0                     ; 193 MB              ; 00:00:13                           ;
; Assembler               ; 00:00:00     ; 1.0                     ; 131 MB              ; 00:00:00                           ;
; Classic Timing Analyzer ; 00:00:00     ; 1.0                     ; 120 MB              ; 00:00:01                           ;
; Total                   ; 00:00:23     ; --                      ; --                  ; 00:00:17                           ;
+-------------------------+--------------+-------------------------+---------------------+------------------------------------+


------------
; Flow Log ;
------------
quartus_map --read_settings_files=on --write_settings_files=off top_qic -c top_qic
quartus_cdb --read_settings_files=off --write_settings_files=off top_qic -c top_qic --merge=on
quartus_fit --read_settings_files=off --write_settings_files=off top_qic -c top_qic
quartus_asm --read_settings_files=off --write_settings_files=off top_qic -c top_qic
quartus_tan --read_settings_files=off --write_settings_files=off top_qic -c top_qic --timing_analysis_only



