Assembler report for liushuideng
Mon Jan 17 21:31:59 2011
Quartus II Version 8.0 Build 215 05/29/2008 SJ Full Version


---------------------
; Table of Contents ;
---------------------
  1. Legal Notice
  2. Assembler Summary
  3. Assembler Settings
  4. Assembler Generated Files
  5. Assembler Device Options: E:/Test/CPLD/EMP570/LED1/liushuideng.pof
  6. Assembler Messages



----------------
; Legal Notice ;
----------------
Copyright (C) 1991-2008 Altera Corporation
Your use of Altera Corporation's design tools, logic functions 
and other software and tools, and its AMPP partner logic 
functions, and any output files from any of the foregoing 
(including device programming or simulation files), and any 
associated documentation or information are expressly subject 
to the terms and conditions of the Altera Program License 
Subscription Agreement, Altera MegaCore Function License 
Agreement, or other applicable license agreement, including, 
without limitation, that your use is for the sole purpose of 
programming logic devices manufactured by Altera and sold by 
Altera or its authorized distributors.  Please refer to the 
applicable agreement for further details.



+---------------------------------------------------------------+
; Assembler Summary                                             ;
+-----------------------+---------------------------------------+
; Assembler Status      ; Successful - Mon Jan 17 21:31:59 2011 ;
; Revision Name         ; liushuideng                           ;
; Top-level Entity Name ; shandeng                              ;
; Family                ; MAX II                                ;
; Device                ; EPM570T100C5                          ;
+-----------------------+---------------------------------------+


+---------------------------------------------------------------------------------------------------------+
; Assembler Settings                                                                                      ;
+-----------------------------------------------------------------------------+-----------+---------------+
; Option                                                                      ; Setting   ; Default Value ;
+-----------------------------------------------------------------------------+-----------+---------------+
; Generate Tabular Text File (.ttf) For Target Device                         ; On        ; Off           ;
; Generate Hexadecimal (Intel-Format) Output File (.hexout) for Target Device ; On        ; Off           ;
; Use smart compilation                                                       ; Off       ; Off           ;
; Maximum processors allowed for parallel compilation                         ; 1         ; 1             ;
; Compression mode                                                            ; Off       ; Off           ;
; Clock source for configuration device                                       ; Internal  ; Internal      ;
; Clock frequency of the configuration device                                 ; 10 MHZ    ; 10 MHz        ;
; Divide clock frequency by                                                   ; 1         ; 1             ;
; Auto user code                                                              ; Off       ; Off           ;
; Security bit                                                                ; Off       ; Off           ;
; Use configuration device                                                    ; On        ; On            ;
; Configuration device                                                        ; Auto      ; Auto          ;
; Configuration device auto user code                                         ; Off       ; Off           ;
; Generate Raw Binary File (.rbf) For Target Device                           ; Off       ; Off           ;
; Hexadecimal Output File start address                                       ; 0         ; 0             ;
; Hexadecimal Output File count direction                                     ; Up        ; Up            ;
; Generate Serial Vector Format File (.svf) for Target Device                 ; Off       ; Off           ;
; Generate a JEDEC STAPL Format File (.jam) for Target Device                 ; Off       ; Off           ;
; Generate a compressed Jam STAPL Byte Code 2.0 File (.jbc) for Target Device ; Off       ; Off           ;
; Generate a compressed Jam STAPL Byte Code 2.0 File (.jbc) for Target Device ; On        ; On            ;
; In-System Programming Default Clamp State                                   ; Tri-state ; Tri-state     ;
+-----------------------------------------------------------------------------+-----------+---------------+


+------------------------------------------+
; Assembler Generated Files                ;
+------------------------------------------+
; File Name                                ;
+------------------------------------------+
; E:/Test/CPLD/EMP570/LED1/liushuideng.pof ;
+------------------------------------------+


+--------------------------------------------------------------------+
; Assembler Device Options: E:/Test/CPLD/EMP570/LED1/liushuideng.pof ;
+----------------+---------------------------------------------------+
; Option         ; Setting                                           ;
+----------------+---------------------------------------------------+
; Device         ; EPM570T100C5                                      ;
; JTAG usercode  ; 0xFFFFFFFF                                        ;
; Checksum       ; 0x0033A66C                                        ;
+----------------+---------------------------------------------------+


+--------------------+
; Assembler Messages ;
+--------------------+
Info: *******************************************************************
Info: Running Quartus II Assembler
    Info: Version 8.0 Build 215 05/29/2008 SJ Full Version
    Info: Processing started: Mon Jan 17 21:31:59 2011
Info: Command: quartus_asm --read_settings_files=off --write_settings_files=off liushuideng -c liushuideng
Info: Writing out detailed assembly data for power analysis
Info: Assembler is generating device programming files
Info: Quartus II Assembler was successful. 0 errors, 0 warnings
    Info: Peak virtual memory: 136 megabytes
    Info: Processing ended: Mon Jan 17 21:32:00 2011
    Info: Elapsed time: 00:00:01
    Info: Total CPU time (on all processors): 00:00:01


