TimeQuest Timing Analyzer report for pipemult_lc
Fri Sep 28 18:04:38 2007
Quartus II Version 7.2 Build 151 09/26/2007 SJ Full Version


---------------------
; Table of Contents ;
---------------------
  1. Legal Notice
  2. TimeQuest Timing Analyzer Summary
  3. SDC File List
  4. Clocks
  5. Slow Model Fmax Summary
  6. Slow Model Setup Summary
  7. Slow Model Hold Summary
  8. Slow Model Recovery Summary
  9. Slow Model Removal Summary
 10. Slow Model Minimum Pulse Width
 11. Fast Model Setup Summary
 12. Fast Model Hold Summary
 13. Fast Model Recovery Summary
 14. Fast Model Removal Summary
 15. Fast Model Minimum Pulse Width
 16. Setup Transfers
 17. Hold Transfers
 18. Report TCCS
 19. Report RSKM
 20. Unconstrained Paths
 21. TimeQuest Timing Analyzer Messages



----------------
; Legal Notice ;
----------------
Copyright (C) 1991-2007 Altera Corporation
Your use of Altera Corporation's design tools, logic functions 
and other software and tools, and its AMPP partner logic 
functions, and any output files from any of the foregoing 
(including device programming or simulation files), and any 
associated documentation or information are expressly subject 
to the terms and conditions of the Altera Program License 
Subscription Agreement, Altera MegaCore Function License 
Agreement, or other applicable license agreement, including, 
without limitation, that your use is for the sole purpose of 
programming logic devices manufactured by Altera and sold by 
Altera or its authorized distributors.  Please refer to the 
applicable agreement for further details.



+-----------------------------------------------------------------------+
; TimeQuest Timing Analyzer Summary                                     ;
+--------------------+--------------------------------------------------+
; Quartus II Version ; Version 7.2 Build 151 09/26/2007 SJ Full Version ;
; Revision Name      ; pipemult_lc                                      ;
; Device Family      ; Cyclone II                                       ;
; Device Name        ; EP2C5F256C6                                      ;
; Timing Models      ; Final                                            ;
; Delay Model        ; Combined                                         ;
; Rise/Fall Delays   ; Unavailable                                      ;
+--------------------+--------------------------------------------------+


+--------------------------------------------------------------------------------------------------------------------------------------------------------+
; SDC File List                                                                                                                                          ;
+--------------------------------------------------------------------------------------------------------------------+--------+--------------------------+
; SDC File Path                                                                                                      ; Status ; Read at                  ;
+--------------------------------------------------------------------------------------------------------------------+--------+--------------------------+
; C:/altera_trn/Quartus_II_Software_Design_Series_Foundation/QIIF7_2/Solutions/Final_projects/Schematic/pipemult.sdc ; OK     ; Fri Sep 28 18:04:38 2007 ;
+--------------------------------------------------------------------------------------------------------------------+--------+--------------------------+


+----------------------------------------------------------------------------------------------------------------------------------------------------------------------------------+
; Clocks                                                                                                                                                                           ;
+------------+------+--------+------------+-------+-------+------------+-----------+-------------+-------+--------+-----------+------------+----------+--------+--------+----------+
; Clock Name ; Type ; Period ; Frequency  ; Rise  ; Fall  ; Duty Cycle ; Divide by ; Multiply by ; Phase ; Offset ; Edge List ; Edge Shift ; Inverted ; Master ; Source ; Targets  ;
+------------+------+--------+------------+-------+-------+------------+-----------+-------------+-------+--------+-----------+------------+----------+--------+--------+----------+
; clk1       ; Base ; 6.000  ; 166.67 MHz ; 0.000 ; 3.000 ;            ;           ;             ;       ;        ;           ;            ;          ;        ;        ; { clk1 } ;
+------------+------+--------+------------+-------+-------+------------+-----------+-------------+-------+--------+-----------+------------+----------+--------+--------+----------+


+--------------------------------------------------+
; Slow Model Fmax Summary                          ;
+------------+-----------------+------------+------+
; Fmax       ; Restricted Fmax ; Clock Name ; Note ;
+------------+-----------------+------------+------+
; 146.71 MHz ; 146.71 MHz      ; clk1       ;      ;
+------------+-----------------+------------+------+
This panel reports FMAX for every clock in the design, regardless of the user-specified clock periods.  FMAX is only computed for paths where the source and destination registers or ports are driven by the same clock.  Paths of different clocks, including generated clocks, are ignored.  For paths between a clock and its inversion, FMAX is computed as if the rising and falling edges are scaled along with FMAX, such that the duty cycle (in terms of a percentage) is maintained. Altera recommends that you always use clock constraints and other slack reports for sign-off analysis.


+--------------------------------+
; Slow Model Setup Summary       ;
+-------+--------+---------------+
; Clock ; Slack  ; End Point TNS ;
+-------+--------+---------------+
; clk1  ; -0.816 ; -3.401        ;
+-------+--------+---------------+


+-------------------------------+
; Slow Model Hold Summary       ;
+-------+-------+---------------+
; Clock ; Slack ; End Point TNS ;
+-------+-------+---------------+
; clk1  ; 0.828 ; 0.000         ;
+-------+-------+---------------+


-------------------------------
; Slow Model Recovery Summary ;
-------------------------------
No paths to report.


------------------------------
; Slow Model Removal Summary ;
------------------------------
No paths to report.


+--------------------------------------------------------------------------------------------------------------------------------------------------------------------------------------------------------+
; Slow Model Minimum Pulse Width                                                                                                                                                                         ;
+-------+--------------+----------------+-------+-------+------------+-----------------------------------------------------------------------------------------------------------------------------------+
; Slack ; Actual Width ; Required Width ; Pulse ; Clock ; Clock Edge ; Target                                                                                                                            ;
+-------+--------------+----------------+-------+-------+------------+-----------------------------------------------------------------------------------------------------------------------------------+
; 0.873 ; 3.000        ; 2.127          ; High  ; clk1  ; Rise       ; ram:ram_inst|altsyncram:altsyncram_component|altsyncram_coq1:auto_generated|ram_block1a0~porta_we_reg                             ;
; 0.873 ; 3.000        ; 2.127          ; Low   ; clk1  ; Rise       ; ram:ram_inst|altsyncram:altsyncram_component|altsyncram_coq1:auto_generated|ram_block1a0~porta_we_reg                             ;
; 0.873 ; 3.000        ; 2.127          ; High  ; clk1  ; Rise       ; ram:ram_inst|altsyncram:altsyncram_component|altsyncram_coq1:auto_generated|ram_block1a0~porta_datain_reg0                        ;
; 0.873 ; 3.000        ; 2.127          ; Low   ; clk1  ; Rise       ; ram:ram_inst|altsyncram:altsyncram_component|altsyncram_coq1:auto_generated|ram_block1a0~porta_datain_reg0                        ;
; 0.873 ; 3.000        ; 2.127          ; High  ; clk1  ; Rise       ; ram:ram_inst|altsyncram:altsyncram_component|altsyncram_coq1:auto_generated|ram_block1a0~porta_memory_reg0                        ;
; 0.873 ; 3.000        ; 2.127          ; Low   ; clk1  ; Rise       ; ram:ram_inst|altsyncram:altsyncram_component|altsyncram_coq1:auto_generated|ram_block1a0~porta_memory_reg0                        ;
; 0.873 ; 3.000        ; 2.127          ; High  ; clk1  ; Rise       ; ram:ram_inst|altsyncram:altsyncram_component|altsyncram_coq1:auto_generated|ram_block1a0~porta_address_reg1                       ;
; 0.873 ; 3.000        ; 2.127          ; Low   ; clk1  ; Rise       ; ram:ram_inst|altsyncram:altsyncram_component|altsyncram_coq1:auto_generated|ram_block1a0~porta_address_reg1                       ;
; 0.873 ; 3.000        ; 2.127          ; High  ; clk1  ; Rise       ; ram:ram_inst|altsyncram:altsyncram_component|altsyncram_coq1:auto_generated|ram_block1a0~porta_address_reg0                       ;
; 0.873 ; 3.000        ; 2.127          ; Low   ; clk1  ; Rise       ; ram:ram_inst|altsyncram:altsyncram_component|altsyncram_coq1:auto_generated|ram_block1a0~porta_address_reg0                       ;
; 0.873 ; 3.000        ; 2.127          ; High  ; clk1  ; Rise       ; ram:ram_inst|altsyncram:altsyncram_component|altsyncram_coq1:auto_generated|ram_block1a0~porta_address_reg2                       ;
; 0.873 ; 3.000        ; 2.127          ; Low   ; clk1  ; Rise       ; ram:ram_inst|altsyncram:altsyncram_component|altsyncram_coq1:auto_generated|ram_block1a0~porta_address_reg2                       ;
; 0.873 ; 3.000        ; 2.127          ; High  ; clk1  ; Rise       ; ram:ram_inst|altsyncram:altsyncram_component|altsyncram_coq1:auto_generated|ram_block1a0~porta_address_reg3                       ;
; 0.873 ; 3.000        ; 2.127          ; Low   ; clk1  ; Rise       ; ram:ram_inst|altsyncram:altsyncram_component|altsyncram_coq1:auto_generated|ram_block1a0~porta_address_reg3                       ;
; 0.873 ; 3.000        ; 2.127          ; High  ; clk1  ; Rise       ; ram:ram_inst|altsyncram:altsyncram_component|altsyncram_coq1:auto_generated|ram_block1a0~porta_address_reg4                       ;
; 0.873 ; 3.000        ; 2.127          ; Low   ; clk1  ; Rise       ; ram:ram_inst|altsyncram:altsyncram_component|altsyncram_coq1:auto_generated|ram_block1a0~porta_address_reg4                       ;
; 0.873 ; 3.000        ; 2.127          ; High  ; clk1  ; Rise       ; ram:ram_inst|altsyncram:altsyncram_component|altsyncram_coq1:auto_generated|ram_block1a0~portb_address_reg0                       ;
; 0.873 ; 3.000        ; 2.127          ; Low   ; clk1  ; Rise       ; ram:ram_inst|altsyncram:altsyncram_component|altsyncram_coq1:auto_generated|ram_block1a0~portb_address_reg0                       ;
; 0.873 ; 3.000        ; 2.127          ; High  ; clk1  ; Rise       ; ram:ram_inst|altsyncram:altsyncram_component|altsyncram_coq1:auto_generated|ram_block1a0~portb_address_reg1                       ;
; 0.873 ; 3.000        ; 2.127          ; Low   ; clk1  ; Rise       ; ram:ram_inst|altsyncram:altsyncram_component|altsyncram_coq1:auto_generated|ram_block1a0~portb_address_reg1                       ;
; 0.873 ; 3.000        ; 2.127          ; High  ; clk1  ; Rise       ; ram:ram_inst|altsyncram:altsyncram_component|altsyncram_coq1:auto_generated|ram_block1a0~portb_address_reg2                       ;
; 0.873 ; 3.000        ; 2.127          ; Low   ; clk1  ; Rise       ; ram:ram_inst|altsyncram:altsyncram_component|altsyncram_coq1:auto_generated|ram_block1a0~portb_address_reg2                       ;
; 0.873 ; 3.000        ; 2.127          ; High  ; clk1  ; Rise       ; ram:ram_inst|altsyncram:altsyncram_component|altsyncram_coq1:auto_generated|ram_block1a0~porta_datain_reg7                        ;
; 0.873 ; 3.000        ; 2.127          ; Low   ; clk1  ; Rise       ; ram:ram_inst|altsyncram:altsyncram_component|altsyncram_coq1:auto_generated|ram_block1a0~porta_datain_reg7                        ;
; 0.873 ; 3.000        ; 2.127          ; High  ; clk1  ; Rise       ; ram:ram_inst|altsyncram:altsyncram_component|altsyncram_coq1:auto_generated|ram_block1a0~portb_address_reg3                       ;
; 0.873 ; 3.000        ; 2.127          ; Low   ; clk1  ; Rise       ; ram:ram_inst|altsyncram:altsyncram_component|altsyncram_coq1:auto_generated|ram_block1a0~portb_address_reg3                       ;
; 0.873 ; 3.000        ; 2.127          ; High  ; clk1  ; Rise       ; ram:ram_inst|altsyncram:altsyncram_component|altsyncram_coq1:auto_generated|ram_block1a0~portb_address_reg4                       ;
; 0.873 ; 3.000        ; 2.127          ; Low   ; clk1  ; Rise       ; ram:ram_inst|altsyncram:altsyncram_component|altsyncram_coq1:auto_generated|ram_block1a0~portb_address_reg4                       ;
; 0.873 ; 3.000        ; 2.127          ; High  ; clk1  ; Rise       ; ram:ram_inst|altsyncram:altsyncram_component|altsyncram_coq1:auto_generated|ram_block1a0~porta_datain_reg1                        ;
; 0.873 ; 3.000        ; 2.127          ; Low   ; clk1  ; Rise       ; ram:ram_inst|altsyncram:altsyncram_component|altsyncram_coq1:auto_generated|ram_block1a0~porta_datain_reg1                        ;
; 0.873 ; 3.000        ; 2.127          ; High  ; clk1  ; Rise       ; ram:ram_inst|altsyncram:altsyncram_component|altsyncram_coq1:auto_generated|ram_block1a1~porta_memory_reg0                        ;
; 0.873 ; 3.000        ; 2.127          ; Low   ; clk1  ; Rise       ; ram:ram_inst|altsyncram:altsyncram_component|altsyncram_coq1:auto_generated|ram_block1a1~porta_memory_reg0                        ;
; 0.873 ; 3.000        ; 2.127          ; High  ; clk1  ; Rise       ; ram:ram_inst|altsyncram:altsyncram_component|altsyncram_coq1:auto_generated|ram_block1a0~porta_datain_reg2                        ;
; 0.873 ; 3.000        ; 2.127          ; Low   ; clk1  ; Rise       ; ram:ram_inst|altsyncram:altsyncram_component|altsyncram_coq1:auto_generated|ram_block1a0~porta_datain_reg2                        ;
; 0.873 ; 3.000        ; 2.127          ; High  ; clk1  ; Rise       ; ram:ram_inst|altsyncram:altsyncram_component|altsyncram_coq1:auto_generated|ram_block1a2~porta_memory_reg0                        ;
; 0.873 ; 3.000        ; 2.127          ; Low   ; clk1  ; Rise       ; ram:ram_inst|altsyncram:altsyncram_component|altsyncram_coq1:auto_generated|ram_block1a2~porta_memory_reg0                        ;
; 0.873 ; 3.000        ; 2.127          ; High  ; clk1  ; Rise       ; ram:ram_inst|altsyncram:altsyncram_component|altsyncram_coq1:auto_generated|ram_block1a0~porta_datain_reg3                        ;
; 0.873 ; 3.000        ; 2.127          ; Low   ; clk1  ; Rise       ; ram:ram_inst|altsyncram:altsyncram_component|altsyncram_coq1:auto_generated|ram_block1a0~porta_datain_reg3                        ;
; 0.873 ; 3.000        ; 2.127          ; High  ; clk1  ; Rise       ; ram:ram_inst|altsyncram:altsyncram_component|altsyncram_coq1:auto_generated|ram_block1a11~porta_memory_reg0                       ;
; 0.873 ; 3.000        ; 2.127          ; Low   ; clk1  ; Rise       ; ram:ram_inst|altsyncram:altsyncram_component|altsyncram_coq1:auto_generated|ram_block1a11~porta_memory_reg0                       ;
; 0.873 ; 3.000        ; 2.127          ; High  ; clk1  ; Rise       ; ram:ram_inst|altsyncram:altsyncram_component|altsyncram_coq1:auto_generated|ram_block1a3~porta_memory_reg0                        ;
; 0.873 ; 3.000        ; 2.127          ; Low   ; clk1  ; Rise       ; ram:ram_inst|altsyncram:altsyncram_component|altsyncram_coq1:auto_generated|ram_block1a3~porta_memory_reg0                        ;
; 0.873 ; 3.000        ; 2.127          ; High  ; clk1  ; Rise       ; ram:ram_inst|altsyncram:altsyncram_component|altsyncram_coq1:auto_generated|ram_block1a0~porta_datain_reg4                        ;
; 0.873 ; 3.000        ; 2.127          ; Low   ; clk1  ; Rise       ; ram:ram_inst|altsyncram:altsyncram_component|altsyncram_coq1:auto_generated|ram_block1a0~porta_datain_reg4                        ;
; 0.873 ; 3.000        ; 2.127          ; High  ; clk1  ; Rise       ; ram:ram_inst|altsyncram:altsyncram_component|altsyncram_coq1:auto_generated|ram_block1a4~porta_memory_reg0                        ;
; 0.873 ; 3.000        ; 2.127          ; Low   ; clk1  ; Rise       ; ram:ram_inst|altsyncram:altsyncram_component|altsyncram_coq1:auto_generated|ram_block1a4~porta_memory_reg0                        ;
; 0.873 ; 3.000        ; 2.127          ; High  ; clk1  ; Rise       ; ram:ram_inst|altsyncram:altsyncram_component|altsyncram_coq1:auto_generated|ram_block1a0~porta_datain_reg5                        ;
; 0.873 ; 3.000        ; 2.127          ; Low   ; clk1  ; Rise       ; ram:ram_inst|altsyncram:altsyncram_component|altsyncram_coq1:auto_generated|ram_block1a0~porta_datain_reg5                        ;
; 0.873 ; 3.000        ; 2.127          ; High  ; clk1  ; Rise       ; ram:ram_inst|altsyncram:altsyncram_component|altsyncram_coq1:auto_generated|ram_block1a5~porta_memory_reg0                        ;
; 0.873 ; 3.000        ; 2.127          ; Low   ; clk1  ; Rise       ; ram:ram_inst|altsyncram:altsyncram_component|altsyncram_coq1:auto_generated|ram_block1a5~porta_memory_reg0                        ;
; 0.873 ; 3.000        ; 2.127          ; High  ; clk1  ; Rise       ; ram:ram_inst|altsyncram:altsyncram_component|altsyncram_coq1:auto_generated|ram_block1a0~porta_datain_reg6                        ;
; 0.873 ; 3.000        ; 2.127          ; Low   ; clk1  ; Rise       ; ram:ram_inst|altsyncram:altsyncram_component|altsyncram_coq1:auto_generated|ram_block1a0~porta_datain_reg6                        ;
; 0.873 ; 3.000        ; 2.127          ; High  ; clk1  ; Rise       ; ram:ram_inst|altsyncram:altsyncram_component|altsyncram_coq1:auto_generated|ram_block1a6~porta_memory_reg0                        ;
; 0.873 ; 3.000        ; 2.127          ; Low   ; clk1  ; Rise       ; ram:ram_inst|altsyncram:altsyncram_component|altsyncram_coq1:auto_generated|ram_block1a6~porta_memory_reg0                        ;
; 0.873 ; 3.000        ; 2.127          ; High  ; clk1  ; Rise       ; ram:ram_inst|altsyncram:altsyncram_component|altsyncram_coq1:auto_generated|ram_block1a7~porta_memory_reg0                        ;
; 0.873 ; 3.000        ; 2.127          ; Low   ; clk1  ; Rise       ; ram:ram_inst|altsyncram:altsyncram_component|altsyncram_coq1:auto_generated|ram_block1a7~porta_memory_reg0                        ;
; 0.873 ; 3.000        ; 2.127          ; High  ; clk1  ; Rise       ; ram:ram_inst|altsyncram:altsyncram_component|altsyncram_coq1:auto_generated|ram_block1a0~porta_datain_reg8                        ;
; 0.873 ; 3.000        ; 2.127          ; Low   ; clk1  ; Rise       ; ram:ram_inst|altsyncram:altsyncram_component|altsyncram_coq1:auto_generated|ram_block1a0~porta_datain_reg8                        ;
; 0.873 ; 3.000        ; 2.127          ; High  ; clk1  ; Rise       ; ram:ram_inst|altsyncram:altsyncram_component|altsyncram_coq1:auto_generated|ram_block1a8~porta_memory_reg0                        ;
; 0.873 ; 3.000        ; 2.127          ; Low   ; clk1  ; Rise       ; ram:ram_inst|altsyncram:altsyncram_component|altsyncram_coq1:auto_generated|ram_block1a8~porta_memory_reg0                        ;
; 0.873 ; 3.000        ; 2.127          ; High  ; clk1  ; Rise       ; ram:ram_inst|altsyncram:altsyncram_component|altsyncram_coq1:auto_generated|ram_block1a0~porta_datain_reg9                        ;
; 0.873 ; 3.000        ; 2.127          ; Low   ; clk1  ; Rise       ; ram:ram_inst|altsyncram:altsyncram_component|altsyncram_coq1:auto_generated|ram_block1a0~porta_datain_reg9                        ;
; 0.873 ; 3.000        ; 2.127          ; High  ; clk1  ; Rise       ; ram:ram_inst|altsyncram:altsyncram_component|altsyncram_coq1:auto_generated|ram_block1a9~porta_memory_reg0                        ;
; 0.873 ; 3.000        ; 2.127          ; Low   ; clk1  ; Rise       ; ram:ram_inst|altsyncram:altsyncram_component|altsyncram_coq1:auto_generated|ram_block1a9~porta_memory_reg0                        ;
; 0.873 ; 3.000        ; 2.127          ; High  ; clk1  ; Rise       ; ram:ram_inst|altsyncram:altsyncram_component|altsyncram_coq1:auto_generated|ram_block1a0~porta_datain_reg10                       ;
; 0.873 ; 3.000        ; 2.127          ; Low   ; clk1  ; Rise       ; ram:ram_inst|altsyncram:altsyncram_component|altsyncram_coq1:auto_generated|ram_block1a0~porta_datain_reg10                       ;
; 0.873 ; 3.000        ; 2.127          ; High  ; clk1  ; Rise       ; ram:ram_inst|altsyncram:altsyncram_component|altsyncram_coq1:auto_generated|ram_block1a10~porta_memory_reg0                       ;
; 0.873 ; 3.000        ; 2.127          ; Low   ; clk1  ; Rise       ; ram:ram_inst|altsyncram:altsyncram_component|altsyncram_coq1:auto_generated|ram_block1a10~porta_memory_reg0                       ;
; 0.873 ; 3.000        ; 2.127          ; High  ; clk1  ; Rise       ; ram:ram_inst|altsyncram:altsyncram_component|altsyncram_coq1:auto_generated|ram_block1a0~porta_datain_reg11                       ;
; 0.873 ; 3.000        ; 2.127          ; Low   ; clk1  ; Rise       ; ram:ram_inst|altsyncram:altsyncram_component|altsyncram_coq1:auto_generated|ram_block1a0~porta_datain_reg11                       ;
; 0.873 ; 3.000        ; 2.127          ; High  ; clk1  ; Rise       ; ram:ram_inst|altsyncram:altsyncram_component|altsyncram_coq1:auto_generated|ram_block1a0~porta_datain_reg12                       ;
; 0.873 ; 3.000        ; 2.127          ; Low   ; clk1  ; Rise       ; ram:ram_inst|altsyncram:altsyncram_component|altsyncram_coq1:auto_generated|ram_block1a0~porta_datain_reg12                       ;
; 0.873 ; 3.000        ; 2.127          ; High  ; clk1  ; Rise       ; ram:ram_inst|altsyncram:altsyncram_component|altsyncram_coq1:auto_generated|ram_block1a12~porta_memory_reg0                       ;
; 0.873 ; 3.000        ; 2.127          ; Low   ; clk1  ; Rise       ; ram:ram_inst|altsyncram:altsyncram_component|altsyncram_coq1:auto_generated|ram_block1a12~porta_memory_reg0                       ;
; 0.873 ; 3.000        ; 2.127          ; High  ; clk1  ; Rise       ; ram:ram_inst|altsyncram:altsyncram_component|altsyncram_coq1:auto_generated|ram_block1a0~porta_datain_reg13                       ;
; 0.873 ; 3.000        ; 2.127          ; Low   ; clk1  ; Rise       ; ram:ram_inst|altsyncram:altsyncram_component|altsyncram_coq1:auto_generated|ram_block1a0~porta_datain_reg13                       ;
; 0.873 ; 3.000        ; 2.127          ; High  ; clk1  ; Rise       ; ram:ram_inst|altsyncram:altsyncram_component|altsyncram_coq1:auto_generated|ram_block1a13~porta_memory_reg0                       ;
; 0.873 ; 3.000        ; 2.127          ; Low   ; clk1  ; Rise       ; ram:ram_inst|altsyncram:altsyncram_component|altsyncram_coq1:auto_generated|ram_block1a13~porta_memory_reg0                       ;
; 0.873 ; 3.000        ; 2.127          ; High  ; clk1  ; Rise       ; ram:ram_inst|altsyncram:altsyncram_component|altsyncram_coq1:auto_generated|ram_block1a0~porta_datain_reg14                       ;
; 0.873 ; 3.000        ; 2.127          ; Low   ; clk1  ; Rise       ; ram:ram_inst|altsyncram:altsyncram_component|altsyncram_coq1:auto_generated|ram_block1a0~porta_datain_reg14                       ;
; 0.873 ; 3.000        ; 2.127          ; High  ; clk1  ; Rise       ; ram:ram_inst|altsyncram:altsyncram_component|altsyncram_coq1:auto_generated|ram_block1a14~porta_memory_reg0                       ;
; 0.873 ; 3.000        ; 2.127          ; Low   ; clk1  ; Rise       ; ram:ram_inst|altsyncram:altsyncram_component|altsyncram_coq1:auto_generated|ram_block1a14~porta_memory_reg0                       ;
; 0.873 ; 3.000        ; 2.127          ; High  ; clk1  ; Rise       ; ram:ram_inst|altsyncram:altsyncram_component|altsyncram_coq1:auto_generated|ram_block1a0~porta_datain_reg15                       ;
; 0.873 ; 3.000        ; 2.127          ; Low   ; clk1  ; Rise       ; ram:ram_inst|altsyncram:altsyncram_component|altsyncram_coq1:auto_generated|ram_block1a0~porta_datain_reg15                       ;
; 0.873 ; 3.000        ; 2.127          ; High  ; clk1  ; Rise       ; ram:ram_inst|altsyncram:altsyncram_component|altsyncram_coq1:auto_generated|ram_block1a15~porta_memory_reg0                       ;
; 0.873 ; 3.000        ; 2.127          ; Low   ; clk1  ; Rise       ; ram:ram_inst|altsyncram:altsyncram_component|altsyncram_coq1:auto_generated|ram_block1a15~porta_memory_reg0                       ;
; 2.000 ; 3.000        ; 1.000          ; High  ; clk1  ; Rise       ; mult:mult_inst|lpm_mult:lpm_mult_component|mult_uar:auto_generated|alt_mac_out:mac_out2|mac_out_j7a2:auto_generated|output_reg[0] ;
; 2.000 ; 3.000        ; 1.000          ; Low   ; clk1  ; Rise       ; mult:mult_inst|lpm_mult:lpm_mult_component|mult_uar:auto_generated|alt_mac_out:mac_out2|mac_out_j7a2:auto_generated|output_reg[0] ;
; 2.000 ; 3.000        ; 1.000          ; High  ; clk1  ; Rise       ; mult:mult_inst|lpm_mult:lpm_mult_component|mult_uar:auto_generated|alt_mac_out:mac_out2|mac_out_j7a2:auto_generated|output_reg[4] ;
; 2.000 ; 3.000        ; 1.000          ; Low   ; clk1  ; Rise       ; mult:mult_inst|lpm_mult:lpm_mult_component|mult_uar:auto_generated|alt_mac_out:mac_out2|mac_out_j7a2:auto_generated|output_reg[4] ;
; 2.000 ; 3.000        ; 1.000          ; High  ; clk1  ; Rise       ; mult:mult_inst|lpm_mult:lpm_mult_component|mult_uar:auto_generated|alt_mac_out:mac_out2|mac_out_j7a2:auto_generated|output_reg[5] ;
; 2.000 ; 3.000        ; 1.000          ; Low   ; clk1  ; Rise       ; mult:mult_inst|lpm_mult:lpm_mult_component|mult_uar:auto_generated|alt_mac_out:mac_out2|mac_out_j7a2:auto_generated|output_reg[5] ;
; 2.000 ; 3.000        ; 1.000          ; High  ; clk1  ; Rise       ; mult:mult_inst|lpm_mult:lpm_mult_component|mult_uar:auto_generated|alt_mac_out:mac_out2|mac_out_j7a2:auto_generated|output_reg[1] ;
; 2.000 ; 3.000        ; 1.000          ; Low   ; clk1  ; Rise       ; mult:mult_inst|lpm_mult:lpm_mult_component|mult_uar:auto_generated|alt_mac_out:mac_out2|mac_out_j7a2:auto_generated|output_reg[1] ;
; 2.000 ; 3.000        ; 1.000          ; High  ; clk1  ; Rise       ; mult:mult_inst|lpm_mult:lpm_mult_component|mult_uar:auto_generated|alt_mac_out:mac_out2|mac_out_j7a2:auto_generated|output_reg[2] ;
; 2.000 ; 3.000        ; 1.000          ; Low   ; clk1  ; Rise       ; mult:mult_inst|lpm_mult:lpm_mult_component|mult_uar:auto_generated|alt_mac_out:mac_out2|mac_out_j7a2:auto_generated|output_reg[2] ;
; 2.000 ; 3.000        ; 1.000          ; High  ; clk1  ; Rise       ; mult:mult_inst|lpm_mult:lpm_mult_component|mult_uar:auto_generated|alt_mac_out:mac_out2|mac_out_j7a2:auto_generated|output_reg[3] ;
; 2.000 ; 3.000        ; 1.000          ; Low   ; clk1  ; Rise       ; mult:mult_inst|lpm_mult:lpm_mult_component|mult_uar:auto_generated|alt_mac_out:mac_out2|mac_out_j7a2:auto_generated|output_reg[3] ;
; 2.000 ; 3.000        ; 1.000          ; High  ; clk1  ; Rise       ; mult:mult_inst|lpm_mult:lpm_mult_component|mult_uar:auto_generated|alt_mac_out:mac_out2|mac_out_j7a2:auto_generated|output_reg[6] ;
; 2.000 ; 3.000        ; 1.000          ; Low   ; clk1  ; Rise       ; mult:mult_inst|lpm_mult:lpm_mult_component|mult_uar:auto_generated|alt_mac_out:mac_out2|mac_out_j7a2:auto_generated|output_reg[6] ;
+-------+--------------+----------------+-------+-------+------------+-----------------------------------------------------------------------------------------------------------------------------------+


+-------------------------------+
; Fast Model Setup Summary      ;
+-------+-------+---------------+
; Clock ; Slack ; End Point TNS ;
+-------+-------+---------------+
; clk1  ; 2.301 ; 0.000         ;
+-------+-------+---------------+


+-------------------------------+
; Fast Model Hold Summary       ;
+-------+-------+---------------+
; Clock ; Slack ; End Point TNS ;
+-------+-------+---------------+
; clk1  ; 0.370 ; 0.000         ;
+-------+-------+---------------+


-------------------------------
; Fast Model Recovery Summary ;
-------------------------------
No paths to report.


------------------------------
; Fast Model Removal Summary ;
------------------------------
No paths to report.


+--------------------------------------------------------------------------------------------------------------------------------------------------------------------------------------------------------+
; Fast Model Minimum Pulse Width                                                                                                                                                                         ;
+-------+--------------+----------------+-------+-------+------------+-----------------------------------------------------------------------------------------------------------------------------------+
; Slack ; Actual Width ; Required Width ; Pulse ; Clock ; Clock Edge ; Target                                                                                                                            ;
+-------+--------------+----------------+-------+-------+------------+-----------------------------------------------------------------------------------------------------------------------------------+
; 0.873 ; 3.000        ; 2.127          ; High  ; clk1  ; Rise       ; ram:ram_inst|altsyncram:altsyncram_component|altsyncram_coq1:auto_generated|ram_block1a0~porta_we_reg                             ;
; 0.873 ; 3.000        ; 2.127          ; Low   ; clk1  ; Rise       ; ram:ram_inst|altsyncram:altsyncram_component|altsyncram_coq1:auto_generated|ram_block1a0~porta_we_reg                             ;
; 0.873 ; 3.000        ; 2.127          ; High  ; clk1  ; Rise       ; ram:ram_inst|altsyncram:altsyncram_component|altsyncram_coq1:auto_generated|ram_block1a0~porta_datain_reg0                        ;
; 0.873 ; 3.000        ; 2.127          ; Low   ; clk1  ; Rise       ; ram:ram_inst|altsyncram:altsyncram_component|altsyncram_coq1:auto_generated|ram_block1a0~porta_datain_reg0                        ;
; 0.873 ; 3.000        ; 2.127          ; High  ; clk1  ; Rise       ; ram:ram_inst|altsyncram:altsyncram_component|altsyncram_coq1:auto_generated|ram_block1a0~porta_memory_reg0                        ;
; 0.873 ; 3.000        ; 2.127          ; Low   ; clk1  ; Rise       ; ram:ram_inst|altsyncram:altsyncram_component|altsyncram_coq1:auto_generated|ram_block1a0~porta_memory_reg0                        ;
; 0.873 ; 3.000        ; 2.127          ; High  ; clk1  ; Rise       ; ram:ram_inst|altsyncram:altsyncram_component|altsyncram_coq1:auto_generated|ram_block1a0~porta_address_reg1                       ;
; 0.873 ; 3.000        ; 2.127          ; Low   ; clk1  ; Rise       ; ram:ram_inst|altsyncram:altsyncram_component|altsyncram_coq1:auto_generated|ram_block1a0~porta_address_reg1                       ;
; 0.873 ; 3.000        ; 2.127          ; High  ; clk1  ; Rise       ; ram:ram_inst|altsyncram:altsyncram_component|altsyncram_coq1:auto_generated|ram_block1a0~porta_address_reg0                       ;
; 0.873 ; 3.000        ; 2.127          ; Low   ; clk1  ; Rise       ; ram:ram_inst|altsyncram:altsyncram_component|altsyncram_coq1:auto_generated|ram_block1a0~porta_address_reg0                       ;
; 0.873 ; 3.000        ; 2.127          ; High  ; clk1  ; Rise       ; ram:ram_inst|altsyncram:altsyncram_component|altsyncram_coq1:auto_generated|ram_block1a0~porta_address_reg2                       ;
; 0.873 ; 3.000        ; 2.127          ; Low   ; clk1  ; Rise       ; ram:ram_inst|altsyncram:altsyncram_component|altsyncram_coq1:auto_generated|ram_block1a0~porta_address_reg2                       ;
; 0.873 ; 3.000        ; 2.127          ; High  ; clk1  ; Rise       ; ram:ram_inst|altsyncram:altsyncram_component|altsyncram_coq1:auto_generated|ram_block1a0~porta_address_reg3                       ;
; 0.873 ; 3.000        ; 2.127          ; Low   ; clk1  ; Rise       ; ram:ram_inst|altsyncram:altsyncram_component|altsyncram_coq1:auto_generated|ram_block1a0~porta_address_reg3                       ;
; 0.873 ; 3.000        ; 2.127          ; High  ; clk1  ; Rise       ; ram:ram_inst|altsyncram:altsyncram_component|altsyncram_coq1:auto_generated|ram_block1a0~porta_address_reg4                       ;
; 0.873 ; 3.000        ; 2.127          ; Low   ; clk1  ; Rise       ; ram:ram_inst|altsyncram:altsyncram_component|altsyncram_coq1:auto_generated|ram_block1a0~porta_address_reg4                       ;
; 0.873 ; 3.000        ; 2.127          ; High  ; clk1  ; Rise       ; ram:ram_inst|altsyncram:altsyncram_component|altsyncram_coq1:auto_generated|ram_block1a0~portb_address_reg0                       ;
; 0.873 ; 3.000        ; 2.127          ; Low   ; clk1  ; Rise       ; ram:ram_inst|altsyncram:altsyncram_component|altsyncram_coq1:auto_generated|ram_block1a0~portb_address_reg0                       ;
; 0.873 ; 3.000        ; 2.127          ; High  ; clk1  ; Rise       ; ram:ram_inst|altsyncram:altsyncram_component|altsyncram_coq1:auto_generated|ram_block1a0~portb_address_reg1                       ;
; 0.873 ; 3.000        ; 2.127          ; Low   ; clk1  ; Rise       ; ram:ram_inst|altsyncram:altsyncram_component|altsyncram_coq1:auto_generated|ram_block1a0~portb_address_reg1                       ;
; 0.873 ; 3.000        ; 2.127          ; High  ; clk1  ; Rise       ; ram:ram_inst|altsyncram:altsyncram_component|altsyncram_coq1:auto_generated|ram_block1a0~portb_address_reg2                       ;
; 0.873 ; 3.000        ; 2.127          ; Low   ; clk1  ; Rise       ; ram:ram_inst|altsyncram:altsyncram_component|altsyncram_coq1:auto_generated|ram_block1a0~portb_address_reg2                       ;
; 0.873 ; 3.000        ; 2.127          ; High  ; clk1  ; Rise       ; ram:ram_inst|altsyncram:altsyncram_component|altsyncram_coq1:auto_generated|ram_block1a0~porta_datain_reg7                        ;
; 0.873 ; 3.000        ; 2.127          ; Low   ; clk1  ; Rise       ; ram:ram_inst|altsyncram:altsyncram_component|altsyncram_coq1:auto_generated|ram_block1a0~porta_datain_reg7                        ;
; 0.873 ; 3.000        ; 2.127          ; High  ; clk1  ; Rise       ; ram:ram_inst|altsyncram:altsyncram_component|altsyncram_coq1:auto_generated|ram_block1a0~portb_address_reg3                       ;
; 0.873 ; 3.000        ; 2.127          ; Low   ; clk1  ; Rise       ; ram:ram_inst|altsyncram:altsyncram_component|altsyncram_coq1:auto_generated|ram_block1a0~portb_address_reg3                       ;
; 0.873 ; 3.000        ; 2.127          ; High  ; clk1  ; Rise       ; ram:ram_inst|altsyncram:altsyncram_component|altsyncram_coq1:auto_generated|ram_block1a0~portb_address_reg4                       ;
; 0.873 ; 3.000        ; 2.127          ; Low   ; clk1  ; Rise       ; ram:ram_inst|altsyncram:altsyncram_component|altsyncram_coq1:auto_generated|ram_block1a0~portb_address_reg4                       ;
; 0.873 ; 3.000        ; 2.127          ; High  ; clk1  ; Rise       ; ram:ram_inst|altsyncram:altsyncram_component|altsyncram_coq1:auto_generated|ram_block1a0~porta_datain_reg1                        ;
; 0.873 ; 3.000        ; 2.127          ; Low   ; clk1  ; Rise       ; ram:ram_inst|altsyncram:altsyncram_component|altsyncram_coq1:auto_generated|ram_block1a0~porta_datain_reg1                        ;
; 0.873 ; 3.000        ; 2.127          ; High  ; clk1  ; Rise       ; ram:ram_inst|altsyncram:altsyncram_component|altsyncram_coq1:auto_generated|ram_block1a1~porta_memory_reg0                        ;
; 0.873 ; 3.000        ; 2.127          ; Low   ; clk1  ; Rise       ; ram:ram_inst|altsyncram:altsyncram_component|altsyncram_coq1:auto_generated|ram_block1a1~porta_memory_reg0                        ;
; 0.873 ; 3.000        ; 2.127          ; High  ; clk1  ; Rise       ; ram:ram_inst|altsyncram:altsyncram_component|altsyncram_coq1:auto_generated|ram_block1a0~porta_datain_reg2                        ;
; 0.873 ; 3.000        ; 2.127          ; Low   ; clk1  ; Rise       ; ram:ram_inst|altsyncram:altsyncram_component|altsyncram_coq1:auto_generated|ram_block1a0~porta_datain_reg2                        ;
; 0.873 ; 3.000        ; 2.127          ; High  ; clk1  ; Rise       ; ram:ram_inst|altsyncram:altsyncram_component|altsyncram_coq1:auto_generated|ram_block1a2~porta_memory_reg0                        ;
; 0.873 ; 3.000        ; 2.127          ; Low   ; clk1  ; Rise       ; ram:ram_inst|altsyncram:altsyncram_component|altsyncram_coq1:auto_generated|ram_block1a2~porta_memory_reg0                        ;
; 0.873 ; 3.000        ; 2.127          ; High  ; clk1  ; Rise       ; ram:ram_inst|altsyncram:altsyncram_component|altsyncram_coq1:auto_generated|ram_block1a0~porta_datain_reg3                        ;
; 0.873 ; 3.000        ; 2.127          ; Low   ; clk1  ; Rise       ; ram:ram_inst|altsyncram:altsyncram_component|altsyncram_coq1:auto_generated|ram_block1a0~porta_datain_reg3                        ;
; 0.873 ; 3.000        ; 2.127          ; High  ; clk1  ; Rise       ; ram:ram_inst|altsyncram:altsyncram_component|altsyncram_coq1:auto_generated|ram_block1a11~porta_memory_reg0                       ;
; 0.873 ; 3.000        ; 2.127          ; Low   ; clk1  ; Rise       ; ram:ram_inst|altsyncram:altsyncram_component|altsyncram_coq1:auto_generated|ram_block1a11~porta_memory_reg0                       ;
; 0.873 ; 3.000        ; 2.127          ; High  ; clk1  ; Rise       ; ram:ram_inst|altsyncram:altsyncram_component|altsyncram_coq1:auto_generated|ram_block1a3~porta_memory_reg0                        ;
; 0.873 ; 3.000        ; 2.127          ; Low   ; clk1  ; Rise       ; ram:ram_inst|altsyncram:altsyncram_component|altsyncram_coq1:auto_generated|ram_block1a3~porta_memory_reg0                        ;
; 0.873 ; 3.000        ; 2.127          ; High  ; clk1  ; Rise       ; ram:ram_inst|altsyncram:altsyncram_component|altsyncram_coq1:auto_generated|ram_block1a0~porta_datain_reg4                        ;
; 0.873 ; 3.000        ; 2.127          ; Low   ; clk1  ; Rise       ; ram:ram_inst|altsyncram:altsyncram_component|altsyncram_coq1:auto_generated|ram_block1a0~porta_datain_reg4                        ;
; 0.873 ; 3.000        ; 2.127          ; High  ; clk1  ; Rise       ; ram:ram_inst|altsyncram:altsyncram_component|altsyncram_coq1:auto_generated|ram_block1a4~porta_memory_reg0                        ;
; 0.873 ; 3.000        ; 2.127          ; Low   ; clk1  ; Rise       ; ram:ram_inst|altsyncram:altsyncram_component|altsyncram_coq1:auto_generated|ram_block1a4~porta_memory_reg0                        ;
; 0.873 ; 3.000        ; 2.127          ; High  ; clk1  ; Rise       ; ram:ram_inst|altsyncram:altsyncram_component|altsyncram_coq1:auto_generated|ram_block1a0~porta_datain_reg5                        ;
; 0.873 ; 3.000        ; 2.127          ; Low   ; clk1  ; Rise       ; ram:ram_inst|altsyncram:altsyncram_component|altsyncram_coq1:auto_generated|ram_block1a0~porta_datain_reg5                        ;
; 0.873 ; 3.000        ; 2.127          ; High  ; clk1  ; Rise       ; ram:ram_inst|altsyncram:altsyncram_component|altsyncram_coq1:auto_generated|ram_block1a5~porta_memory_reg0                        ;
; 0.873 ; 3.000        ; 2.127          ; Low   ; clk1  ; Rise       ; ram:ram_inst|altsyncram:altsyncram_component|altsyncram_coq1:auto_generated|ram_block1a5~porta_memory_reg0                        ;
; 0.873 ; 3.000        ; 2.127          ; High  ; clk1  ; Rise       ; ram:ram_inst|altsyncram:altsyncram_component|altsyncram_coq1:auto_generated|ram_block1a0~porta_datain_reg6                        ;
; 0.873 ; 3.000        ; 2.127          ; Low   ; clk1  ; Rise       ; ram:ram_inst|altsyncram:altsyncram_component|altsyncram_coq1:auto_generated|ram_block1a0~porta_datain_reg6                        ;
; 0.873 ; 3.000        ; 2.127          ; High  ; clk1  ; Rise       ; ram:ram_inst|altsyncram:altsyncram_component|altsyncram_coq1:auto_generated|ram_block1a6~porta_memory_reg0                        ;
; 0.873 ; 3.000        ; 2.127          ; Low   ; clk1  ; Rise       ; ram:ram_inst|altsyncram:altsyncram_component|altsyncram_coq1:auto_generated|ram_block1a6~porta_memory_reg0                        ;
; 0.873 ; 3.000        ; 2.127          ; High  ; clk1  ; Rise       ; ram:ram_inst|altsyncram:altsyncram_component|altsyncram_coq1:auto_generated|ram_block1a7~porta_memory_reg0                        ;
; 0.873 ; 3.000        ; 2.127          ; Low   ; clk1  ; Rise       ; ram:ram_inst|altsyncram:altsyncram_component|altsyncram_coq1:auto_generated|ram_block1a7~porta_memory_reg0                        ;
; 0.873 ; 3.000        ; 2.127          ; High  ; clk1  ; Rise       ; ram:ram_inst|altsyncram:altsyncram_component|altsyncram_coq1:auto_generated|ram_block1a0~porta_datain_reg8                        ;
; 0.873 ; 3.000        ; 2.127          ; Low   ; clk1  ; Rise       ; ram:ram_inst|altsyncram:altsyncram_component|altsyncram_coq1:auto_generated|ram_block1a0~porta_datain_reg8                        ;
; 0.873 ; 3.000        ; 2.127          ; High  ; clk1  ; Rise       ; ram:ram_inst|altsyncram:altsyncram_component|altsyncram_coq1:auto_generated|ram_block1a8~porta_memory_reg0                        ;
; 0.873 ; 3.000        ; 2.127          ; Low   ; clk1  ; Rise       ; ram:ram_inst|altsyncram:altsyncram_component|altsyncram_coq1:auto_generated|ram_block1a8~porta_memory_reg0                        ;
; 0.873 ; 3.000        ; 2.127          ; High  ; clk1  ; Rise       ; ram:ram_inst|altsyncram:altsyncram_component|altsyncram_coq1:auto_generated|ram_block1a0~porta_datain_reg9                        ;
; 0.873 ; 3.000        ; 2.127          ; Low   ; clk1  ; Rise       ; ram:ram_inst|altsyncram:altsyncram_component|altsyncram_coq1:auto_generated|ram_block1a0~porta_datain_reg9                        ;
; 0.873 ; 3.000        ; 2.127          ; High  ; clk1  ; Rise       ; ram:ram_inst|altsyncram:altsyncram_component|altsyncram_coq1:auto_generated|ram_block1a9~porta_memory_reg0                        ;
; 0.873 ; 3.000        ; 2.127          ; Low   ; clk1  ; Rise       ; ram:ram_inst|altsyncram:altsyncram_component|altsyncram_coq1:auto_generated|ram_block1a9~porta_memory_reg0                        ;
; 0.873 ; 3.000        ; 2.127          ; High  ; clk1  ; Rise       ; ram:ram_inst|altsyncram:altsyncram_component|altsyncram_coq1:auto_generated|ram_block1a0~porta_datain_reg10                       ;
; 0.873 ; 3.000        ; 2.127          ; Low   ; clk1  ; Rise       ; ram:ram_inst|altsyncram:altsyncram_component|altsyncram_coq1:auto_generated|ram_block1a0~porta_datain_reg10                       ;
; 0.873 ; 3.000        ; 2.127          ; High  ; clk1  ; Rise       ; ram:ram_inst|altsyncram:altsyncram_component|altsyncram_coq1:auto_generated|ram_block1a10~porta_memory_reg0                       ;
; 0.873 ; 3.000        ; 2.127          ; Low   ; clk1  ; Rise       ; ram:ram_inst|altsyncram:altsyncram_component|altsyncram_coq1:auto_generated|ram_block1a10~porta_memory_reg0                       ;
; 0.873 ; 3.000        ; 2.127          ; High  ; clk1  ; Rise       ; ram:ram_inst|altsyncram:altsyncram_component|altsyncram_coq1:auto_generated|ram_block1a0~porta_datain_reg11                       ;
; 0.873 ; 3.000        ; 2.127          ; Low   ; clk1  ; Rise       ; ram:ram_inst|altsyncram:altsyncram_component|altsyncram_coq1:auto_generated|ram_block1a0~porta_datain_reg11                       ;
; 0.873 ; 3.000        ; 2.127          ; High  ; clk1  ; Rise       ; ram:ram_inst|altsyncram:altsyncram_component|altsyncram_coq1:auto_generated|ram_block1a0~porta_datain_reg12                       ;
; 0.873 ; 3.000        ; 2.127          ; Low   ; clk1  ; Rise       ; ram:ram_inst|altsyncram:altsyncram_component|altsyncram_coq1:auto_generated|ram_block1a0~porta_datain_reg12                       ;
; 0.873 ; 3.000        ; 2.127          ; High  ; clk1  ; Rise       ; ram:ram_inst|altsyncram:altsyncram_component|altsyncram_coq1:auto_generated|ram_block1a12~porta_memory_reg0                       ;
; 0.873 ; 3.000        ; 2.127          ; Low   ; clk1  ; Rise       ; ram:ram_inst|altsyncram:altsyncram_component|altsyncram_coq1:auto_generated|ram_block1a12~porta_memory_reg0                       ;
; 0.873 ; 3.000        ; 2.127          ; High  ; clk1  ; Rise       ; ram:ram_inst|altsyncram:altsyncram_component|altsyncram_coq1:auto_generated|ram_block1a0~porta_datain_reg13                       ;
; 0.873 ; 3.000        ; 2.127          ; Low   ; clk1  ; Rise       ; ram:ram_inst|altsyncram:altsyncram_component|altsyncram_coq1:auto_generated|ram_block1a0~porta_datain_reg13                       ;
; 0.873 ; 3.000        ; 2.127          ; High  ; clk1  ; Rise       ; ram:ram_inst|altsyncram:altsyncram_component|altsyncram_coq1:auto_generated|ram_block1a13~porta_memory_reg0                       ;
; 0.873 ; 3.000        ; 2.127          ; Low   ; clk1  ; Rise       ; ram:ram_inst|altsyncram:altsyncram_component|altsyncram_coq1:auto_generated|ram_block1a13~porta_memory_reg0                       ;
; 0.873 ; 3.000        ; 2.127          ; High  ; clk1  ; Rise       ; ram:ram_inst|altsyncram:altsyncram_component|altsyncram_coq1:auto_generated|ram_block1a0~porta_datain_reg14                       ;
; 0.873 ; 3.000        ; 2.127          ; Low   ; clk1  ; Rise       ; ram:ram_inst|altsyncram:altsyncram_component|altsyncram_coq1:auto_generated|ram_block1a0~porta_datain_reg14                       ;
; 0.873 ; 3.000        ; 2.127          ; High  ; clk1  ; Rise       ; ram:ram_inst|altsyncram:altsyncram_component|altsyncram_coq1:auto_generated|ram_block1a14~porta_memory_reg0                       ;
; 0.873 ; 3.000        ; 2.127          ; Low   ; clk1  ; Rise       ; ram:ram_inst|altsyncram:altsyncram_component|altsyncram_coq1:auto_generated|ram_block1a14~porta_memory_reg0                       ;
; 0.873 ; 3.000        ; 2.127          ; High  ; clk1  ; Rise       ; ram:ram_inst|altsyncram:altsyncram_component|altsyncram_coq1:auto_generated|ram_block1a0~porta_datain_reg15                       ;
; 0.873 ; 3.000        ; 2.127          ; Low   ; clk1  ; Rise       ; ram:ram_inst|altsyncram:altsyncram_component|altsyncram_coq1:auto_generated|ram_block1a0~porta_datain_reg15                       ;
; 0.873 ; 3.000        ; 2.127          ; High  ; clk1  ; Rise       ; ram:ram_inst|altsyncram:altsyncram_component|altsyncram_coq1:auto_generated|ram_block1a15~porta_memory_reg0                       ;
; 0.873 ; 3.000        ; 2.127          ; Low   ; clk1  ; Rise       ; ram:ram_inst|altsyncram:altsyncram_component|altsyncram_coq1:auto_generated|ram_block1a15~porta_memory_reg0                       ;
; 2.000 ; 3.000        ; 1.000          ; High  ; clk1  ; Rise       ; mult:mult_inst|lpm_mult:lpm_mult_component|mult_uar:auto_generated|alt_mac_out:mac_out2|mac_out_j7a2:auto_generated|output_reg[0] ;
; 2.000 ; 3.000        ; 1.000          ; Low   ; clk1  ; Rise       ; mult:mult_inst|lpm_mult:lpm_mult_component|mult_uar:auto_generated|alt_mac_out:mac_out2|mac_out_j7a2:auto_generated|output_reg[0] ;
; 2.000 ; 3.000        ; 1.000          ; High  ; clk1  ; Rise       ; mult:mult_inst|lpm_mult:lpm_mult_component|mult_uar:auto_generated|alt_mac_out:mac_out2|mac_out_j7a2:auto_generated|output_reg[4] ;
; 2.000 ; 3.000        ; 1.000          ; Low   ; clk1  ; Rise       ; mult:mult_inst|lpm_mult:lpm_mult_component|mult_uar:auto_generated|alt_mac_out:mac_out2|mac_out_j7a2:auto_generated|output_reg[4] ;
; 2.000 ; 3.000        ; 1.000          ; High  ; clk1  ; Rise       ; mult:mult_inst|lpm_mult:lpm_mult_component|mult_uar:auto_generated|alt_mac_out:mac_out2|mac_out_j7a2:auto_generated|output_reg[5] ;
; 2.000 ; 3.000        ; 1.000          ; Low   ; clk1  ; Rise       ; mult:mult_inst|lpm_mult:lpm_mult_component|mult_uar:auto_generated|alt_mac_out:mac_out2|mac_out_j7a2:auto_generated|output_reg[5] ;
; 2.000 ; 3.000        ; 1.000          ; High  ; clk1  ; Rise       ; mult:mult_inst|lpm_mult:lpm_mult_component|mult_uar:auto_generated|alt_mac_out:mac_out2|mac_out_j7a2:auto_generated|output_reg[1] ;
; 2.000 ; 3.000        ; 1.000          ; Low   ; clk1  ; Rise       ; mult:mult_inst|lpm_mult:lpm_mult_component|mult_uar:auto_generated|alt_mac_out:mac_out2|mac_out_j7a2:auto_generated|output_reg[1] ;
; 2.000 ; 3.000        ; 1.000          ; High  ; clk1  ; Rise       ; mult:mult_inst|lpm_mult:lpm_mult_component|mult_uar:auto_generated|alt_mac_out:mac_out2|mac_out_j7a2:auto_generated|output_reg[2] ;
; 2.000 ; 3.000        ; 1.000          ; Low   ; clk1  ; Rise       ; mult:mult_inst|lpm_mult:lpm_mult_component|mult_uar:auto_generated|alt_mac_out:mac_out2|mac_out_j7a2:auto_generated|output_reg[2] ;
; 2.000 ; 3.000        ; 1.000          ; High  ; clk1  ; Rise       ; mult:mult_inst|lpm_mult:lpm_mult_component|mult_uar:auto_generated|alt_mac_out:mac_out2|mac_out_j7a2:auto_generated|output_reg[3] ;
; 2.000 ; 3.000        ; 1.000          ; Low   ; clk1  ; Rise       ; mult:mult_inst|lpm_mult:lpm_mult_component|mult_uar:auto_generated|alt_mac_out:mac_out2|mac_out_j7a2:auto_generated|output_reg[3] ;
; 2.000 ; 3.000        ; 1.000          ; High  ; clk1  ; Rise       ; mult:mult_inst|lpm_mult:lpm_mult_component|mult_uar:auto_generated|alt_mac_out:mac_out2|mac_out_j7a2:auto_generated|output_reg[6] ;
; 2.000 ; 3.000        ; 1.000          ; Low   ; clk1  ; Rise       ; mult:mult_inst|lpm_mult:lpm_mult_component|mult_uar:auto_generated|alt_mac_out:mac_out2|mac_out_j7a2:auto_generated|output_reg[6] ;
+-------+--------------+----------------+-------+-------+------------+-----------------------------------------------------------------------------------------------------------------------------------+


+-------------------------------------------------------------------+
; Setup Transfers                                                   ;
+------------+----------+----------+----------+----------+----------+
; From Clock ; To Clock ; RR Paths ; FR Paths ; RF Paths ; FF Paths ;
+------------+----------+----------+----------+----------+----------+
; clk1       ; clk1     ; 14555    ; 0        ; 0        ; 0        ;
+------------+----------+----------+----------+----------+----------+
Entries labeled "false path" only account for clock-to-clock false paths and not path-based false paths. As a result, actual path counts may be lower than reported.


+-------------------------------------------------------------------+
; Hold Transfers                                                    ;
+------------+----------+----------+----------+----------+----------+
; From Clock ; To Clock ; RR Paths ; FR Paths ; RF Paths ; FF Paths ;
+------------+----------+----------+----------+----------+----------+
; clk1       ; clk1     ; 14555    ; 0        ; 0        ; 0        ;
+------------+----------+----------+----------+----------+----------+
Entries labeled "false path" only account for clock-to-clock false paths and not path-based false paths. As a result, actual path counts may be lower than reported.


---------------
; Report TCCS ;
---------------
No LVDS transmitter found in design.


---------------
; Report RSKM ;
---------------
No LVDS receiver found in design.


+------------------------------------------------+
; Unconstrained Paths                            ;
+---------------------------------+-------+------+
; Property                        ; Setup ; Hold ;
+---------------------------------+-------+------+
; Illegal Clocks                  ; 0     ; 0    ;
; Unconstrained Clocks            ; 0     ; 0    ;
; Unconstrained Input Ports       ; 0     ; 0    ;
; Unconstrained Input Port Paths  ; 0     ; 0    ;
; Unconstrained Output Ports      ; 0     ; 0    ;
; Unconstrained Output Port Paths ; 0     ; 0    ;
+---------------------------------+-------+------+


+------------------------------------+
; TimeQuest Timing Analyzer Messages ;
+------------------------------------+
Info: *******************************************************************
Info: Running Quartus II TimeQuest Timing Analyzer
    Info: Version 7.2 Build 151 09/26/2007 SJ Full Version
    Info: Processing started: Fri Sep 28 18:04:34 2007
Info: Command: quartus_sta pipemult -c pipemult_lc
Info: qsta_default_script.tcl version: 25.0.1.4
Info: Reading SDC File: 'C:/altera_trn/Quartus_II_Software_Design_Series_Foundation/QIIF7_2/Solutions/Final_projects/Schematic/pipemult.sdc'
Info: Analyzing Slow Model
Critical Warning: Timing requirements not met
Info: Worst-case setup slack is -0.816
    Info:     Slack End Point TNS Clock 
    Info: ========= ============= =====================
    Info:    -0.816        -3.401 clk1 
Info: Worst-case hold slack is 0.828
    Info:     Slack End Point TNS Clock 
    Info: ========= ============= =====================
    Info:     0.828         0.000 clk1 
Info: No recovery paths to report
Info: No removal paths to report
Info: Report Timing: Found 1 setup paths (1 violated).  Worst case slack is -0.816
    Info: -to_clock [get_clocks {clk1}]
Info: Path #1: Setup slack is -0.816 (VIOLATED)
    Info: ===================================================================
    Info: From Node    : mult:mult_inst|lpm_mult:lpm_mult_component|mult_uar:auto_generated|alt_mac_mult:mac_mult1|mac_mult_qrh1:auto_generated|datab_reg[1]
    Info: To Node      : mult:mult_inst|lpm_mult:lpm_mult_component|mult_uar:auto_generated|alt_mac_out:mac_out2|mac_out_j7a2:auto_generated|output_reg[15]
    Info: Launch Clock : clk1
    Info: Latch Clock  : clk1
    Info: 
    Info: Data Arrival Path:
    Info: 
    Info: Total (ns)  Incr (ns)     Type  Element
    Info: ==========  ========= ==  ====  ===================================
    Info:      0.000      0.000           launch edge time
    Info:      2.496      2.496  R        clock network delay
    Info:      2.746      0.250     uTco  mult:mult_inst|lpm_mult:lpm_mult_component|mult_uar:auto_generated|alt_mac_mult:mac_mult1|mac_mult_qrh1:auto_generated|datab_reg[1]
    Info:      2.746      0.000 RR  CELL  mult_inst|lpm_mult_component|auto_generated|mac_mult1|auto_generated|datab_reg[1]|regout
    Info:      3.515      0.769 RR    IC  mult_inst|lpm_mult_component|auto_generated|mac_mult1|auto_generated|mult1|cs3a[2]~155|datab
    Info:      3.935      0.420 RR  CELL  mult_inst|lpm_mult_component|auto_generated|mac_mult1|auto_generated|mult1|cs3a[2]~155|combout
    Info:      4.425      0.490 RR    IC  mult_inst|lpm_mult_component|auto_generated|mac_mult1|auto_generated|mult1|le6a[5]|dataa
    Info:      4.862      0.437 RR  CELL  mult_inst|lpm_mult_component|auto_generated|mac_mult1|auto_generated|mult1|le6a[5]|combout
    Info:      5.141      0.279 RR    IC  mult_inst|lpm_mult_component|auto_generated|mac_mult1|auto_generated|mult1|add21_result[2]~18|dataa
    Info:      5.555      0.414 RR  CELL  mult_inst|lpm_mult_component|auto_generated|mac_mult1|auto_generated|mult1|add21_result[2]~18|cout
    Info:      5.555      0.000 RR    IC  mult_inst|lpm_mult_component|auto_generated|mac_mult1|auto_generated|mult1|add21_result[3]~20|cin
    Info:      5.626      0.071 RF  CELL  mult_inst|lpm_mult_component|auto_generated|mac_mult1|auto_generated|mult1|add21_result[3]~20|cout
    Info:      5.626      0.000 FF    IC  mult_inst|lpm_mult_component|auto_generated|mac_mult1|auto_generated|mult1|add21_result[4]~22|cin
    Info:      6.036      0.410 FF  CELL  mult_inst|lpm_mult_component|auto_generated|mac_mult1|auto_generated|mult1|add21_result[4]~22|combout
    Info:      6.805      0.769 FF    IC  mult_inst|lpm_mult_component|auto_generated|mac_mult1|auto_generated|mult1|op_1~60|dataa
    Info:      7.219      0.414 FR  CELL  mult_inst|lpm_mult_component|auto_generated|mac_mult1|auto_generated|mult1|op_1~60|cout
    Info:      7.219      0.000 RR    IC  mult_inst|lpm_mult_component|auto_generated|mac_mult1|auto_generated|mult1|op_1~62|cin
    Info:      7.290      0.071 RF  CELL  mult_inst|lpm_mult_component|auto_generated|mac_mult1|auto_generated|mult1|op_1~62|cout
    Info:      7.290      0.000 FF    IC  mult_inst|lpm_mult_component|auto_generated|mac_mult1|auto_generated|mult1|op_1~64|cin
    Info:      7.361      0.071 FR  CELL  mult_inst|lpm_mult_component|auto_generated|mac_mult1|auto_generated|mult1|op_1~64|cout
    Info:      7.361      0.000 RR    IC  mult_inst|lpm_mult_component|auto_generated|mac_mult1|auto_generated|mult1|op_1~66|cin
    Info:      7.771      0.410 RR  CELL  mult_inst|lpm_mult_component|auto_generated|mac_mult1|auto_generated|mult1|op_1~66|combout
    Info:      8.443      0.672 RR    IC  mult_inst|lpm_mult_component|auto_generated|mac_out2|auto_generated|output_reg[14]~92|dataa
    Info:      8.857      0.414 RR  CELL  mult_inst|lpm_mult_component|auto_generated|mac_out2|auto_generated|output_reg[14]~92|cout
    Info:      8.857      0.000 RR    IC  mult_inst|lpm_mult_component|auto_generated|mac_out2|auto_generated|output_reg[15]~94|cin
    Info:      9.267      0.410 RR  CELL  mult_inst|lpm_mult_component|auto_generated|mac_out2|auto_generated|output_reg[15]~94|combout
    Info:      9.267      0.000 RR    IC  mult_inst|lpm_mult_component|auto_generated|mac_out2|auto_generated|output_reg[15]|datain
    Info:      9.351      0.084 RR  CELL  mult:mult_inst|lpm_mult:lpm_mult_component|mult_uar:auto_generated|alt_mac_out:mac_out2|mac_out_j7a2:auto_generated|output_reg[15]
    Info: 
    Info: Data Required Path:
    Info: 
    Info: Total (ns)  Incr (ns)     Type  Element
    Info: ==========  ========= ==  ====  ===================================
    Info:      6.000      6.000           latch edge time
    Info:      8.499      2.499  R        clock network delay
    Info:      8.535      0.036     uTsu  mult:mult_inst|lpm_mult:lpm_mult_component|mult_uar:auto_generated|alt_mac_out:mac_out2|mac_out_j7a2:auto_generated|output_reg[15]
    Info: 
    Info: Data Arrival Time  :     9.351
    Info: Data Required Time :     8.535
    Info: Slack              :    -0.816 (VIOLATED)
    Info: ===================================================================
    Info: 
Info: Report Timing: Found 1 hold paths (0 violated).  Worst case slack is 0.828
    Info: -to_clock [get_clocks {clk1}]
Info: Path #1: Hold slack is 0.828 
    Info: ===================================================================
    Info: From Node    : rdaddress[0]
    Info: To Node      : ram:ram_inst|altsyncram:altsyncram_component|altsyncram_coq1:auto_generated|ram_block1a0~portb_address_reg0
    Info: Launch Clock : clk1
    Info: Latch Clock  : clk1
    Info: 
    Info: Data Arrival Path:
    Info: 
    Info: Total (ns)  Incr (ns)     Type  Element
    Info: ==========  ========= ==  ====  ===================================
    Info:      0.000      0.000           launch edge time
    Info:      0.000      0.000  R        clock network delay
    Info:      1.000      1.000  R  iExt  rdaddress[0]
    Info:      2.116      1.116 RR  CELL  rdaddress[0]|combout
    Info:      3.513      1.397 RR    IC  ram_inst|altsyncram_component|auto_generated|ram_block1a0|portbaddr[0]
    Info:      3.655      0.142 RR  CELL  ram:ram_inst|altsyncram:altsyncram_component|altsyncram_coq1:auto_generated|ram_block1a0~portb_address_reg0
    Info: 
    Info: Data Required Path:
    Info: 
    Info: Total (ns)  Incr (ns)     Type  Element
    Info: ==========  ========= ==  ====  ===================================
    Info:      0.000      0.000           latch edge time
    Info:      2.593      2.593  R        clock network delay
    Info:      2.827      0.234      uTh  ram:ram_inst|altsyncram:altsyncram_component|altsyncram_coq1:auto_generated|ram_block1a0~portb_address_reg0
    Info: 
    Info: Data Arrival Time  :     3.655
    Info: Data Required Time :     2.827
    Info: Slack              :     0.828 
    Info: ===================================================================
    Info: 
Info: Analyzing Fast Model
Info: Started post-fitting delay annotation
Warning: Found 16 output pins without output pin load capacitance assignment
    Info: Pin "q[15]" has no specified output pin load capacitance -- assuming default load capacitance of 0 pF for timing analysis
    Info: Pin "q[14]" has no specified output pin load capacitance -- assuming default load capacitance of 0 pF for timing analysis
    Info: Pin "q[13]" has no specified output pin load capacitance -- assuming default load capacitance of 0 pF for timing analysis
    Info: Pin "q[12]" has no specified output pin load capacitance -- assuming default load capacitance of 0 pF for timing analysis
    Info: Pin "q[11]" has no specified output pin load capacitance -- assuming default load capacitance of 0 pF for timing analysis
    Info: Pin "q[10]" has no specified output pin load capacitance -- assuming default load capacitance of 0 pF for timing analysis
    Info: Pin "q[9]" has no specified output pin load capacitance -- assuming default load capacitance of 0 pF for timing analysis
    Info: Pin "q[8]" has no specified output pin load capacitance -- assuming default load capacitance of 0 pF for timing analysis
    Info: Pin "q[7]" has no specified output pin load capacitance -- assuming default load capacitance of 0 pF for timing analysis
    Info: Pin "q[6]" has no specified output pin load capacitance -- assuming default load capacitance of 0 pF for timing analysis
    Info: Pin "q[5]" has no specified output pin load capacitance -- assuming default load capacitance of 0 pF for timing analysis
    Info: Pin "q[4]" has no specified output pin load capacitance -- assuming default load capacitance of 0 pF for timing analysis
    Info: Pin "q[3]" has no specified output pin load capacitance -- assuming default load capacitance of 0 pF for timing analysis
    Info: Pin "q[2]" has no specified output pin load capacitance -- assuming default load capacitance of 0 pF for timing analysis
    Info: Pin "q[1]" has no specified output pin load capacitance -- assuming default load capacitance of 0 pF for timing analysis
    Info: Pin "q[0]" has no specified output pin load capacitance -- assuming default load capacitance of 0 pF for timing analysis
Info: Delay annotation completed successfully
Info: Worst-case setup slack is 2.301
    Info:     Slack End Point TNS Clock 
    Info: ========= ============= =====================
    Info:     2.301         0.000 clk1 
Info: Worst-case hold slack is 0.370
    Info:     Slack End Point TNS Clock 
    Info: ========= ============= =====================
    Info:     0.370         0.000 clk1 
Info: No recovery paths to report
Info: No removal paths to report
Info: Report Timing: Found 1 setup paths (0 violated).  Worst case slack is 2.301
    Info: -to_clock [get_clocks {clk1}]
Info: Path #1: Setup slack is 2.301 
    Info: ===================================================================
    Info: From Node    : inst2[8]
    Info: To Node      : q[8]
    Info: Launch Clock : clk1
    Info: Latch Clock  : clk1
    Info: 
    Info: Data Arrival Path:
    Info: 
    Info: Total (ns)  Incr (ns)     Type  Element
    Info: ==========  ========= ==  ====  ===================================
    Info:      0.000      0.000           launch edge time
    Info:      1.424      1.424  R        clock network delay
    Info:      1.523      0.099     uTco  inst2[8]
    Info:      2.999      1.476 RR  CELL  q[8]
    Info: 
    Info: Data Required Path:
    Info: 
    Info: Total (ns)  Incr (ns)     Type  Element
    Info: ==========  ========= ==  ====  ===================================
    Info:      6.000      6.000           latch edge time
    Info:      6.000      0.000  R        clock network delay
    Info:      5.300     -0.700  R  oExt  q[8]
    Info: 
    Info: Data Arrival Time  :     2.999
    Info: Data Required Time :     5.300
    Info: Slack              :     2.301 
    Info: ===================================================================
    Info: 
Info: Report Timing: Found 1 hold paths (0 violated).  Worst case slack is 0.370
    Info: -to_clock [get_clocks {clk1}]
Info: Path #1: Hold slack is 0.370 
    Info: ===================================================================
    Info: From Node    : mult:mult_inst|lpm_mult:lpm_mult_component|mult_uar:auto_generated|alt_mac_out:mac_out2|mac_out_j7a2:auto_generated|output_reg[3]
    Info: To Node      : ram:ram_inst|altsyncram:altsyncram_component|altsyncram_coq1:auto_generated|ram_block1a0~porta_datain_reg3
    Info: Launch Clock : clk1
    Info: Latch Clock  : clk1
    Info: 
    Info: Data Arrival Path:
    Info: 
    Info: Total (ns)  Incr (ns)     Type  Element
    Info: ==========  ========= ==  ====  ===================================
    Info:      0.000      0.000           launch edge time
    Info:      1.564      1.564  R        clock network delay
    Info:      1.705      0.141     uTco  mult:mult_inst|lpm_mult:lpm_mult_component|mult_uar:auto_generated|alt_mac_out:mac_out2|mac_out_j7a2:auto_generated|output_reg[3]
    Info:      1.705      0.000 RR  CELL  mult_inst|lpm_mult_component|auto_generated|mac_out2|auto_generated|output_reg[3]|regout
    Info:      2.076      0.371 RR    IC  ram_inst|altsyncram_component|auto_generated|ram_block1a0|portadatain[3]
    Info:      2.134      0.058 RR  CELL  ram:ram_inst|altsyncram:altsyncram_component|altsyncram_coq1:auto_generated|ram_block1a0~porta_datain_reg3
    Info: 
    Info: Data Required Path:
    Info: 
    Info: Total (ns)  Incr (ns)     Type  Element
    Info: ==========  ========= ==  ====  ===================================
    Info:      0.000      0.000           latch edge time
    Info:      1.626      1.626  R        clock network delay
    Info:      1.764      0.138      uTh  ram:ram_inst|altsyncram:altsyncram_component|altsyncram_coq1:auto_generated|ram_block1a0~porta_datain_reg3
    Info: 
    Info: Data Arrival Time  :     2.134
    Info: Data Required Time :     1.764
    Info: Slack              :     0.370 
    Info: ===================================================================
    Info: 
Warning: Advanced I/O Timing is not enabled
Info: Design is fully constrained for setup requirements
Info: Design is fully constrained for hold requirements
Info: Quartus II TimeQuest Timing Analyzer was successful. 0 errors, 3 warnings
    Info: Allocated 122 megabytes of memory during processing
    Info: Processing ended: Fri Sep 28 18:04:38 2007
    Info: Elapsed time: 00:00:04


