Analysis & Synthesis report for pipemult
Fri Sep 28 18:01:25 2007
Quartus II Version 7.2 Build 151 09/26/2007 SJ Full Version


---------------------
; Table of Contents ;
---------------------
  1. Legal Notice
  2. Analysis & Synthesis Summary
  3. Analysis & Synthesis Settings
  4. Analysis & Synthesis Source Files Read
  5. Analysis & Synthesis Resource Usage Summary
  6. Analysis & Synthesis Resource Utilization by Entity
  7. Analysis & Synthesis RAM Summary
  8. Analysis & Synthesis DSP Block Usage Summary
  9. General Register Statistics
 10. Source assignments for ram:ram_inst|altsyncram:altsyncram_component|altsyncram_coq1:auto_generated
 11. Parameter Settings for User Entity Instance: ram:ram_inst|altsyncram:altsyncram_component
 12. Parameter Settings for User Entity Instance: mult:mult_inst|lpm_mult:lpm_mult_component
 13. lpm_mult Parameter Settings by Entity Instance
 14. Analysis & Synthesis Messages



----------------
; Legal Notice ;
----------------
Copyright (C) 1991-2007 Altera Corporation
Your use of Altera Corporation's design tools, logic functions 
and other software and tools, and its AMPP partner logic 
functions, and any output files from any of the foregoing 
(including device programming or simulation files), and any 
associated documentation or information are expressly subject 
to the terms and conditions of the Altera Program License 
Subscription Agreement, Altera MegaCore Function License 
Agreement, or other applicable license agreement, including, 
without limitation, that your use is for the sole purpose of 
programming logic devices manufactured by Altera and sold by 
Altera or its authorized distributors.  Please refer to the 
applicable agreement for further details.



+-------------------------------------------------------------------------------+
; Analysis & Synthesis Summary                                                  ;
+------------------------------------+------------------------------------------+
; Analysis & Synthesis Status        ; Successful - Fri Sep 28 18:01:25 2007    ;
; Quartus II Version                 ; 7.2 Build 151 09/26/2007 SJ Full Version ;
; Revision Name                      ; pipemult                                 ;
; Top-level Entity Name              ; pipemult                                 ;
; Family                             ; Cyclone II                               ;
; Total logic elements               ; 16                                       ;
;     Total combinational functions  ; 1                                        ;
;     Dedicated logic registers      ; 16                                       ;
; Total registers                    ; 16                                       ;
; Total pins                         ; 44                                       ;
; Total virtual pins                 ; 0                                        ;
; Total memory bits                  ; 512                                      ;
; Embedded Multiplier 9-bit elements ; 1                                        ;
; Total PLLs                         ; 0                                        ;
+------------------------------------+------------------------------------------+


+--------------------------------------------------------------------------------------------------------------------------+
; Analysis & Synthesis Settings                                                                                            ;
+--------------------------------------------------------------------------------+--------------------+--------------------+
; Option                                                                         ; Setting            ; Default Value      ;
+--------------------------------------------------------------------------------+--------------------+--------------------+
; Device                                                                         ; EP2C5F256C6        ;                    ;
; Top-level entity name                                                          ; pipemult           ; pipemult           ;
; Family name                                                                    ; Cyclone II         ; Stratix            ;
; Use smart compilation                                                          ; Off                ; Off                ;
; Maximum processors allowed for parallel compilation                            ; 1                  ; 1                  ;
; Restructure Multiplexers                                                       ; Auto               ; Auto               ;
; Create Debugging Nodes for IP Cores                                            ; Off                ; Off                ;
; Preserve fewer node names                                                      ; On                 ; On                 ;
; Disable OpenCore Plus hardware evaluation                                      ; Off                ; Off                ;
; Verilog Version                                                                ; Verilog_2001       ; Verilog_2001       ;
; VHDL Version                                                                   ; VHDL93             ; VHDL93             ;
; State Machine Processing                                                       ; Auto               ; Auto               ;
; Safe State Machine                                                             ; Off                ; Off                ;
; Extract Verilog State Machines                                                 ; On                 ; On                 ;
; Extract VHDL State Machines                                                    ; On                 ; On                 ;
; Ignore Verilog initial constructs                                              ; Off                ; Off                ;
; Add Pass-Through Logic to Inferred RAMs                                        ; On                 ; On                 ;
; Parallel Synthesis                                                             ; Off                ; Off                ;
; DSP Block Balancing                                                            ; Auto               ; Auto               ;
; NOT Gate Push-Back                                                             ; On                 ; On                 ;
; Power-Up Don't Care                                                            ; On                 ; On                 ;
; Remove Redundant Logic Cells                                                   ; Off                ; Off                ;
; Remove Duplicate Registers                                                     ; On                 ; On                 ;
; Ignore CARRY Buffers                                                           ; Off                ; Off                ;
; Ignore CASCADE Buffers                                                         ; Off                ; Off                ;
; Ignore GLOBAL Buffers                                                          ; Off                ; Off                ;
; Ignore ROW GLOBAL Buffers                                                      ; Off                ; Off                ;
; Ignore LCELL Buffers                                                           ; Off                ; Off                ;
; Ignore SOFT Buffers                                                            ; On                 ; On                 ;
; Limit AHDL Integers to 32 Bits                                                 ; Off                ; Off                ;
; Optimization Technique -- Cyclone II/Cyclone III                               ; Balanced           ; Balanced           ;
; Carry Chain Length -- Stratix/Stratix GX/Cyclone/MAX II/Cyclone II/Cyclone III ; 70                 ; 70                 ;
; Auto Carry Chains                                                              ; On                 ; On                 ;
; Auto Open-Drain Pins                                                           ; On                 ; On                 ;
; Perform WYSIWYG Primitive Resynthesis                                          ; Off                ; Off                ;
; Perform gate-level register retiming                                           ; Off                ; Off                ;
; Allow register retiming to trade off Tsu/Tco with Fmax                         ; On                 ; On                 ;
; Auto ROM Replacement                                                           ; On                 ; On                 ;
; Auto RAM Replacement                                                           ; On                 ; On                 ;
; Auto Shift Register Replacement                                                ; Auto               ; Auto               ;
; Auto Clock Enable Replacement                                                  ; On                 ; On                 ;
; Allow Synchronous Control Signals                                              ; On                 ; On                 ;
; Force Use of Synchronous Clear Signals                                         ; Off                ; Off                ;
; Auto RAM to Logic Cell Conversion                                              ; Off                ; Off                ;
; Auto Resource Sharing                                                          ; Off                ; Off                ;
; Allow Any RAM Size For Recognition                                             ; Off                ; Off                ;
; Allow Any ROM Size For Recognition                                             ; Off                ; Off                ;
; Allow Any Shift Register Size For Recognition                                  ; Off                ; Off                ;
; Ignore translate_off and synthesis_off directives                              ; Off                ; Off                ;
; Show Parameter Settings Tables in Synthesis Report                             ; On                 ; On                 ;
; Ignore Maximum Fan-Out Assignments                                             ; Off                ; Off                ;
; Retiming Meta-Stability Register Sequence Length                               ; 2                  ; 2                  ;
; PowerPlay Power Optimization                                                   ; Normal compilation ; Normal compilation ;
; HDL message level                                                              ; Level2             ; Level2             ;
; Suppress Register Optimization Related Messages                                ; Off                ; Off                ;
; Number of Removed Registers Reported in Synthesis Report                       ; 100                ; 100                ;
; Clock MUX Protection                                                           ; On                 ; On                 ;
; Block Design Naming                                                            ; Auto               ; Auto               ;
+--------------------------------------------------------------------------------+--------------------+--------------------+


+------------------------------------------------------------------------------------------------------------------------------------------------------------------------------------------------------------------------+
; Analysis & Synthesis Source Files Read                                                                                                                                                                                 ;
+----------------------------------+-----------------+------------------------------------+------------------------------------------------------------------------------------------------------------------------------+
; File Name with User-Entered Path ; Used in Netlist ; File Type                          ; File Name with Absolute Path                                                                                                 ;
+----------------------------------+-----------------+------------------------------------+------------------------------------------------------------------------------------------------------------------------------+
; pipemult.bdf                     ; yes             ; User Block Diagram/Schematic File  ; C:/altera_trn/Quartus_II_Software_Design_Series_Foundation/QIIF7_2/Solutions/Final_projects/Schematic/pipemult.bdf           ;
; ram.v                            ; yes             ; Other                              ; C:/altera_trn/Quartus_II_Software_Design_Series_Foundation/QIIF7_2/Solutions/Final_projects/Schematic/ram.v                  ;
; altsyncram.tdf                   ; yes             ; Megafunction                       ; c:/altera/72/quartus/libraries/megafunctions/altsyncram.tdf                                                                  ;
; stratix_ram_block.inc            ; yes             ; Megafunction                       ; c:/altera/72/quartus/libraries/megafunctions/stratix_ram_block.inc                                                           ;
; lpm_mux.inc                      ; yes             ; Megafunction                       ; c:/altera/72/quartus/libraries/megafunctions/lpm_mux.inc                                                                     ;
; lpm_decode.inc                   ; yes             ; Megafunction                       ; c:/altera/72/quartus/libraries/megafunctions/lpm_decode.inc                                                                  ;
; aglobal72.inc                    ; yes             ; Megafunction                       ; c:/altera/72/quartus/libraries/megafunctions/aglobal72.inc                                                                   ;
; a_rdenreg.inc                    ; yes             ; Megafunction                       ; c:/altera/72/quartus/libraries/megafunctions/a_rdenreg.inc                                                                   ;
; altrom.inc                       ; yes             ; Megafunction                       ; c:/altera/72/quartus/libraries/megafunctions/altrom.inc                                                                      ;
; altram.inc                       ; yes             ; Megafunction                       ; c:/altera/72/quartus/libraries/megafunctions/altram.inc                                                                      ;
; altdpram.inc                     ; yes             ; Megafunction                       ; c:/altera/72/quartus/libraries/megafunctions/altdpram.inc                                                                    ;
; altqpram.inc                     ; yes             ; Megafunction                       ; c:/altera/72/quartus/libraries/megafunctions/altqpram.inc                                                                    ;
; db/altsyncram_coq1.tdf           ; yes             ; Auto-Generated Megafunction        ; C:/altera_trn/Quartus_II_Software_Design_Series_Foundation/QIIF7_2/Solutions/Final_projects/Schematic/db/altsyncram_coq1.tdf ;
; mult.v                           ; yes             ; Other                              ; C:/altera_trn/Quartus_II_Software_Design_Series_Foundation/QIIF7_2/Solutions/Final_projects/Schematic/mult.v                 ;
; lpm_mult.tdf                     ; yes             ; Megafunction                       ; c:/altera/72/quartus/libraries/megafunctions/lpm_mult.tdf                                                                    ;
; lpm_add_sub.inc                  ; yes             ; Megafunction                       ; c:/altera/72/quartus/libraries/megafunctions/lpm_add_sub.inc                                                                 ;
; multcore.inc                     ; yes             ; Megafunction                       ; c:/altera/72/quartus/libraries/megafunctions/multcore.inc                                                                    ;
; bypassff.inc                     ; yes             ; Megafunction                       ; c:/altera/72/quartus/libraries/megafunctions/bypassff.inc                                                                    ;
; altshift.inc                     ; yes             ; Megafunction                       ; c:/altera/72/quartus/libraries/megafunctions/altshift.inc                                                                    ;
; db/mult_ccq.tdf                  ; yes             ; Auto-Generated Megafunction        ; C:/altera_trn/Quartus_II_Software_Design_Series_Foundation/QIIF7_2/Solutions/Final_projects/Schematic/db/mult_ccq.tdf        ;
+----------------------------------+-----------------+------------------------------------+------------------------------------------------------------------------------------------------------------------------------+


+-----------------------------------------------------+
; Analysis & Synthesis Resource Usage Summary         ;
+---------------------------------------------+-------+
; Resource                                    ; Usage ;
+---------------------------------------------+-------+
; Estimated Total logic elements              ; 16    ;
;                                             ;       ;
; Total combinational functions               ; 1     ;
; Logic element usage by number of LUT inputs ;       ;
;     -- 4 input functions                    ; 0     ;
;     -- 3 input functions                    ; 0     ;
;     -- <=2 input functions                  ; 1     ;
;                                             ;       ;
; Logic elements by mode                      ;       ;
;     -- normal mode                          ; 1     ;
;     -- arithmetic mode                      ; 0     ;
;                                             ;       ;
; Total registers                             ; 16    ;
;     -- Dedicated logic registers            ; 16    ;
;     -- I/O registers                        ; 0     ;
;                                             ;       ;
; I/O pins                                    ; 44    ;
; Total memory bits                           ; 512   ;
; Embedded Multiplier 9-bit elements          ; 1     ;
; Maximum fan-out node                        ; clk1  ;
; Maximum fan-out                             ; 34    ;
; Total fan-out                               ; 276   ;
; Average fan-out                             ; 3.49  ;
+---------------------------------------------+-------+


+--------------------------------------------------------------------------------------------------------------------------------------------------------------------------------------------------------------------------------------------------------------+
; Analysis & Synthesis Resource Utilization by Entity                                                                                                                                                                                                          ;
+-------------------------------------------+-------------------+--------------+-------------+--------------+---------+-----------+------+--------------+---------------------------------------------------------------------------------------+--------------+
; Compilation Hierarchy Node                ; LC Combinationals ; LC Registers ; Memory Bits ; DSP Elements ; DSP 9x9 ; DSP 18x18 ; Pins ; Virtual Pins ; Full Hierarchy Name                                                                   ; Library Name ;
+-------------------------------------------+-------------------+--------------+-------------+--------------+---------+-----------+------+--------------+---------------------------------------------------------------------------------------+--------------+
; |pipemult                                 ; 1 (1)             ; 16 (16)      ; 512         ; 1            ; 1       ; 0         ; 44   ; 0            ; |pipemult                                                                             ; work         ;
;    |mult:mult_inst|                       ; 0 (0)             ; 0 (0)        ; 0           ; 1            ; 1       ; 0         ; 0    ; 0            ; |pipemult|mult:mult_inst                                                              ; work         ;
;       |lpm_mult:lpm_mult_component|       ; 0 (0)             ; 0 (0)        ; 0           ; 1            ; 1       ; 0         ; 0    ; 0            ; |pipemult|mult:mult_inst|lpm_mult:lpm_mult_component                                  ; work         ;
;          |mult_ccq:auto_generated|        ; 0 (0)             ; 0 (0)        ; 0           ; 1            ; 1       ; 0         ; 0    ; 0            ; |pipemult|mult:mult_inst|lpm_mult:lpm_mult_component|mult_ccq:auto_generated          ; work         ;
;    |ram:ram_inst|                         ; 0 (0)             ; 0 (0)        ; 512         ; 0            ; 0       ; 0         ; 0    ; 0            ; |pipemult|ram:ram_inst                                                                ; work         ;
;       |altsyncram:altsyncram_component|   ; 0 (0)             ; 0 (0)        ; 512         ; 0            ; 0       ; 0         ; 0    ; 0            ; |pipemult|ram:ram_inst|altsyncram:altsyncram_component                                ; work         ;
;          |altsyncram_coq1:auto_generated| ; 0 (0)             ; 0 (0)        ; 512         ; 0            ; 0       ; 0         ; 0    ; 0            ; |pipemult|ram:ram_inst|altsyncram:altsyncram_component|altsyncram_coq1:auto_generated ; work         ;
+-------------------------------------------+-------------------+--------------+-------------+--------------+---------+-----------+------+--------------+---------------------------------------------------------------------------------------+--------------+
Note: For table entries with two numbers listed, the numbers in parentheses indicate the number of resources of the given type used by the specific entity alone. The numbers listed outside of parentheses indicate the total resources of the given type used by the specific entity and all of its sub-entities in the hierarchy.


+-----------------------------------------------------------------------------------------------------------------------------------------------------------------------------------------------+
; Analysis & Synthesis RAM Summary                                                                                                                                                              ;
+----------------------------------------------------------------------------------------+------+------------------+--------------+--------------+--------------+--------------+------+---------+
; Name                                                                                   ; Type ; Mode             ; Port A Depth ; Port A Width ; Port B Depth ; Port B Width ; Size ; MIF     ;
+----------------------------------------------------------------------------------------+------+------------------+--------------+--------------+--------------+--------------+------+---------+
; ram:ram_inst|altsyncram:altsyncram_component|altsyncram_coq1:auto_generated|ALTSYNCRAM ; AUTO ; Simple Dual Port ; 32           ; 16           ; 32           ; 16           ; 512  ; ram.hex ;
+----------------------------------------------------------------------------------------+------+------------------+--------------+--------------+--------------+--------------+------+---------+


+-----------------------------------------------------+
; Analysis & Synthesis DSP Block Usage Summary        ;
+---------------------------------------+-------------+
; Statistic                             ; Number Used ;
+---------------------------------------+-------------+
; Simple Multipliers (9-bit)            ; 1           ;
; Simple Multipliers (18-bit)           ; 0           ;
; Embedded Multiplier Blocks            ; --          ;
; Embedded Multiplier 9-bit elements    ; 1           ;
; Signed Embedded Multipliers           ; 0           ;
; Unsigned Embedded Multipliers         ; 1           ;
; Mixed Sign Embedded Multipliers       ; 0           ;
; Variable Sign Embedded Multipliers    ; 0           ;
; Dedicated Input Shift Register Chains ; 0           ;
+---------------------------------------+-------------+
Note: number of Embedded Multiplier Blocks used is only available after a successful fit.


+------------------------------------------------------+
; General Register Statistics                          ;
+----------------------------------------------+-------+
; Statistic                                    ; Value ;
+----------------------------------------------+-------+
; Total registers                              ; 16    ;
; Number of registers using Synchronous Clear  ; 0     ;
; Number of registers using Synchronous Load   ; 0     ;
; Number of registers using Asynchronous Clear ; 0     ;
; Number of registers using Asynchronous Load  ; 0     ;
; Number of registers using Clock Enable       ; 0     ;
; Number of registers using Preset             ; 0     ;
+----------------------------------------------+-------+


+----------------------------------------------------------------------------------------------------+
; Source assignments for ram:ram_inst|altsyncram:altsyncram_component|altsyncram_coq1:auto_generated ;
+---------------------------------+--------------------+------+--------------------------------------+
; Assignment                      ; Value              ; From ; To                                   ;
+---------------------------------+--------------------+------+--------------------------------------+
; OPTIMIZE_POWER_DURING_SYNTHESIS ; NORMAL_COMPILATION ; -    ; -                                    ;
+---------------------------------+--------------------+------+--------------------------------------+


+-------------------------------------------------------------------------------------------+
; Parameter Settings for User Entity Instance: ram:ram_inst|altsyncram:altsyncram_component ;
+------------------------------------+----------------------+-------------------------------+
; Parameter Name                     ; Value                ; Type                          ;
+------------------------------------+----------------------+-------------------------------+
; BYTE_SIZE_BLOCK                    ; 8                    ; Untyped                       ;
; AUTO_CARRY_CHAINS                  ; ON                   ; AUTO_CARRY                    ;
; IGNORE_CARRY_BUFFERS               ; OFF                  ; IGNORE_CARRY                  ;
; AUTO_CASCADE_CHAINS                ; ON                   ; AUTO_CASCADE                  ;
; IGNORE_CASCADE_BUFFERS             ; OFF                  ; IGNORE_CASCADE                ;
; WIDTH_BYTEENA                      ; 1                    ; Untyped                       ;
; OPERATION_MODE                     ; DUAL_PORT            ; Untyped                       ;
; WIDTH_A                            ; 16                   ; Signed Integer                ;
; WIDTHAD_A                          ; 5                    ; Signed Integer                ;
; NUMWORDS_A                         ; 32                   ; Signed Integer                ;
; OUTDATA_REG_A                      ; UNREGISTERED         ; Untyped                       ;
; ADDRESS_ACLR_A                     ; NONE                 ; Untyped                       ;
; OUTDATA_ACLR_A                     ; NONE                 ; Untyped                       ;
; WRCONTROL_ACLR_A                   ; NONE                 ; Untyped                       ;
; INDATA_ACLR_A                      ; NONE                 ; Untyped                       ;
; BYTEENA_ACLR_A                     ; NONE                 ; Untyped                       ;
; WIDTH_B                            ; 16                   ; Signed Integer                ;
; WIDTHAD_B                          ; 5                    ; Signed Integer                ;
; NUMWORDS_B                         ; 32                   ; Signed Integer                ;
; INDATA_REG_B                       ; CLOCK1               ; Untyped                       ;
; WRCONTROL_WRADDRESS_REG_B          ; CLOCK1               ; Untyped                       ;
; RDCONTROL_REG_B                    ; CLOCK1               ; Untyped                       ;
; ADDRESS_REG_B                      ; CLOCK0               ; Untyped                       ;
; OUTDATA_REG_B                      ; UNREGISTERED         ; Untyped                       ;
; BYTEENA_REG_B                      ; CLOCK1               ; Untyped                       ;
; INDATA_ACLR_B                      ; NONE                 ; Untyped                       ;
; WRCONTROL_ACLR_B                   ; NONE                 ; Untyped                       ;
; ADDRESS_ACLR_B                     ; NONE                 ; Untyped                       ;
; OUTDATA_ACLR_B                     ; NONE                 ; Untyped                       ;
; RDCONTROL_ACLR_B                   ; NONE                 ; Untyped                       ;
; BYTEENA_ACLR_B                     ; NONE                 ; Untyped                       ;
; WIDTH_BYTEENA_A                    ; 1                    ; Signed Integer                ;
; WIDTH_BYTEENA_B                    ; 1                    ; Untyped                       ;
; RAM_BLOCK_TYPE                     ; AUTO                 ; Untyped                       ;
; BYTE_SIZE                          ; 8                    ; Untyped                       ;
; READ_DURING_WRITE_MODE_MIXED_PORTS ; DONT_CARE            ; Untyped                       ;
; READ_DURING_WRITE_MODE_PORT_A      ; NEW_DATA_NO_NBE_READ ; Untyped                       ;
; READ_DURING_WRITE_MODE_PORT_B      ; NEW_DATA_NO_NBE_READ ; Untyped                       ;
; INIT_FILE                          ; ram.hex              ; Untyped                       ;
; INIT_FILE_LAYOUT                   ; PORT_A               ; Untyped                       ;
; MAXIMUM_DEPTH                      ; 0                    ; Untyped                       ;
; CLOCK_ENABLE_INPUT_A               ; BYPASS               ; Untyped                       ;
; CLOCK_ENABLE_INPUT_B               ; BYPASS               ; Untyped                       ;
; CLOCK_ENABLE_OUTPUT_A              ; BYPASS               ; Untyped                       ;
; CLOCK_ENABLE_OUTPUT_B              ; BYPASS               ; Untyped                       ;
; CLOCK_ENABLE_CORE_A                ; USE_INPUT_CLKEN      ; Untyped                       ;
; CLOCK_ENABLE_CORE_B                ; USE_INPUT_CLKEN      ; Untyped                       ;
; ENABLE_ECC                         ; FALSE                ; Untyped                       ;
; DEVICE_FAMILY                      ; Cyclone II           ; Untyped                       ;
; CBXI_PARAMETER                     ; altsyncram_coq1      ; Untyped                       ;
+------------------------------------+----------------------+-------------------------------+
Note: In order to hide this table in the UI and the text report file, please set the "Show Parameter Settings Tables in Synthesis Report" option in "Analysis and Synthesis Settings -> More Settings" to "Off".


+-----------------------------------------------------------------------------------------+
; Parameter Settings for User Entity Instance: mult:mult_inst|lpm_mult:lpm_mult_component ;
+------------------------------------------------+------------+---------------------------+
; Parameter Name                                 ; Value      ; Type                      ;
+------------------------------------------------+------------+---------------------------+
; AUTO_CARRY_CHAINS                              ; ON         ; AUTO_CARRY                ;
; IGNORE_CARRY_BUFFERS                           ; OFF        ; IGNORE_CARRY              ;
; AUTO_CASCADE_CHAINS                            ; ON         ; AUTO_CASCADE              ;
; IGNORE_CASCADE_BUFFERS                         ; OFF        ; IGNORE_CASCADE            ;
; LPM_WIDTHA                                     ; 8          ; Signed Integer            ;
; LPM_WIDTHB                                     ; 8          ; Signed Integer            ;
; LPM_WIDTHP                                     ; 16         ; Signed Integer            ;
; LPM_WIDTHR                                     ; 0          ; Untyped                   ;
; LPM_WIDTHS                                     ; 1          ; Signed Integer            ;
; LPM_REPRESENTATION                             ; UNSIGNED   ; Untyped                   ;
; LPM_PIPELINE                                   ; 2          ; Signed Integer            ;
; LATENCY                                        ; 0          ; Untyped                   ;
; INPUT_A_IS_CONSTANT                            ; NO         ; Untyped                   ;
; INPUT_B_IS_CONSTANT                            ; NO         ; Untyped                   ;
; USE_EAB                                        ; OFF        ; Untyped                   ;
; MAXIMIZE_SPEED                                 ; 5          ; Untyped                   ;
; DEVICE_FAMILY                                  ; Cyclone II ; Untyped                   ;
; CARRY_CHAIN                                    ; MANUAL     ; Untyped                   ;
; APEX20K_TECHNOLOGY_MAPPER                      ; LUT        ; TECH_MAPPER_APEX20K       ;
; DEDICATED_MULTIPLIER_CIRCUITRY                 ; AUTO       ; Untyped                   ;
; DEDICATED_MULTIPLIER_MIN_INPUT_WIDTH_FOR_AUTO  ; 0          ; Untyped                   ;
; DEDICATED_MULTIPLIER_MIN_OUTPUT_WIDTH_FOR_AUTO ; 0          ; Untyped                   ;
; CBXI_PARAMETER                                 ; mult_ccq   ; Untyped                   ;
; INPUT_A_FIXED_VALUE                            ; Bx         ; Untyped                   ;
; INPUT_B_FIXED_VALUE                            ; Bx         ; Untyped                   ;
; USE_AHDL_IMPLEMENTATION                        ; OFF        ; Untyped                   ;
+------------------------------------------------+------------+---------------------------+
Note: In order to hide this table in the UI and the text report file, please set the "Show Parameter Settings Tables in Synthesis Report" option in "Analysis and Synthesis Settings -> More Settings" to "Off".


+------------------------------------------------------------------------------------+
; lpm_mult Parameter Settings by Entity Instance                                     ;
+---------------------------------------+--------------------------------------------+
; Name                                  ; Value                                      ;
+---------------------------------------+--------------------------------------------+
; Number of entity instances            ; 1                                          ;
; Entity Instance                       ; mult:mult_inst|lpm_mult:lpm_mult_component ;
;     -- LPM_WIDTHA                     ; 8                                          ;
;     -- LPM_WIDTHB                     ; 8                                          ;
;     -- LPM_WIDTHP                     ; 16                                         ;
;     -- LPM_REPRESENTATION             ; UNSIGNED                                   ;
;     -- INPUT_A_IS_CONSTANT            ; NO                                         ;
;     -- INPUT_B_IS_CONSTANT            ; NO                                         ;
;     -- USE_EAB                        ; OFF                                        ;
;     -- DEDICATED_MULTIPLIER_CIRCUITRY ; AUTO                                       ;
;     -- INPUT_A_FIXED_VALUE            ; Bx                                         ;
;     -- INPUT_B_FIXED_VALUE            ; Bx                                         ;
+---------------------------------------+--------------------------------------------+


+-------------------------------+
; Analysis & Synthesis Messages ;
+-------------------------------+
Info: *******************************************************************
Info: Running Quartus II Analysis & Synthesis
    Info: Version 7.2 Build 151 09/26/2007 SJ Full Version
    Info: Processing started: Fri Sep 28 18:01:16 2007
Info: Command: quartus_map --read_settings_files=on --write_settings_files=off pipemult -c pipemult
Info: Found 1 design units, including 1 entities, in source file pipemult.bdf
    Info: Found entity 1: pipemult
Info: Elaborating entity "pipemult" for the top level hierarchy
Warning: Processing legacy GDF or BDF entity "pipemult" with Max+Plus II bus and instance naming rules
Warning: Using design file ram.v, which is not specified as a design file for the current project, but contains definitions for 1 design units and 1 entities in project
    Info: Found entity 1: ram
Info: Elaborating entity "ram" for hierarchy "ram:ram_inst"
Info: Found 1 design units, including 1 entities, in source file ../../../../../../altera/72/quartus/libraries/megafunctions/altsyncram.tdf
    Info: Found entity 1: altsyncram
Info: Elaborating entity "altsyncram" for hierarchy "ram:ram_inst|altsyncram:altsyncram_component"
Info: Elaborated megafunction instantiation "ram:ram_inst|altsyncram:altsyncram_component"
Info: Found 1 design units, including 1 entities, in source file db/altsyncram_coq1.tdf
    Info: Found entity 1: altsyncram_coq1
Info: Elaborating entity "altsyncram_coq1" for hierarchy "ram:ram_inst|altsyncram:altsyncram_component|altsyncram_coq1:auto_generated"
Warning: Using design file mult.v, which is not specified as a design file for the current project, but contains definitions for 1 design units and 1 entities in project
    Info: Found entity 1: mult
Info: Elaborating entity "mult" for hierarchy "mult:mult_inst"
Info: Found 1 design units, including 1 entities, in source file ../../../../../../altera/72/quartus/libraries/megafunctions/lpm_mult.tdf
    Info: Found entity 1: lpm_mult
Info: Elaborating entity "lpm_mult" for hierarchy "mult:mult_inst|lpm_mult:lpm_mult_component"
Info: Elaborated megafunction instantiation "mult:mult_inst|lpm_mult:lpm_mult_component"
Info: Found 1 design units, including 1 entities, in source file db/mult_ccq.tdf
    Info: Found entity 1: mult_ccq
Info: Elaborating entity "mult_ccq" for hierarchy "mult:mult_inst|lpm_mult:lpm_mult_component|mult_ccq:auto_generated"
Info: Implemented 78 device resources after synthesis - the final resource count might be different
    Info: Implemented 28 input pins
    Info: Implemented 16 output pins
    Info: Implemented 17 logic cells
    Info: Implemented 16 RAM segments
    Info: Implemented 1 DSP elements
Info: Quartus II Analysis & Synthesis was successful. 0 errors, 3 warnings
    Info: Allocated 142 megabytes of memory during processing
    Info: Processing ended: Fri Sep 28 18:01:25 2007
    Info: Elapsed time: 00:00:09


