Flow report for pipemult_lc_phys_syn
Mon Mar 30 17:18:39 2009
Quartus II Version 8.0 Build 215 05/29/2008 SJ Full Version


---------------------
; Table of Contents ;
---------------------
  1. Legal Notice
  2. Flow Summary
  3. Flow Settings
  4. Flow Non-Default Global Settings
  5. Flow Elapsed Time
  6. Flow Log



----------------
; Legal Notice ;
----------------
Copyright (C) 1991-2008 Altera Corporation
Your use of Altera Corporation's design tools, logic functions 
and other software and tools, and its AMPP partner logic 
functions, and any output files from any of the foregoing 
(including device programming or simulation files), and any 
associated documentation or information are expressly subject 
to the terms and conditions of the Altera Program License 
Subscription Agreement, Altera MegaCore Function License 
Agreement, or other applicable license agreement, including, 
without limitation, that your use is for the sole purpose of 
programming logic devices manufactured by Altera and sold by 
Altera or its authorized distributors.  Please refer to the 
applicable agreement for further details.



+-------------------------------------------------------------------------------+
; Flow Summary                                                                  ;
+------------------------------------+------------------------------------------+
; Flow Status                        ; Successful - Mon Mar 30 17:18:34 2009    ;
; Quartus II Version                 ; 8.0 Build 215 05/29/2008 SJ Full Version ;
; Revision Name                      ; pipemult_lc_phys_syn                     ;
; Top-level Entity Name              ; pipemult                                 ;
; Family                             ; Cyclone II                               ;
; Device                             ; EP2C5F256C6                              ;
; Timing Models                      ; Final                                    ;
; Met timing requirements            ; N/A                                      ;
; Total logic elements               ; 103 / 4,608 ( 2 % )                      ;
;     Total combinational functions  ; 101 / 4,608 ( 2 % )                      ;
;     Dedicated logic registers      ; 54 / 4,608 ( 1 % )                       ;
; Total registers                    ; 70                                       ;
; Total pins                         ; 44 / 158 ( 28 % )                        ;
; Total virtual pins                 ; 0                                        ;
; Total memory bits                  ; 512 / 119,808 ( < 1 % )                  ;
; Embedded Multiplier 9-bit elements ; 0 / 26 ( 0 % )                           ;
; Total PLLs                         ; 0 / 2 ( 0 % )                            ;
+------------------------------------+------------------------------------------+


+------------------------------------------+
; Flow Settings                            ;
+-------------------+----------------------+
; Option            ; Setting              ;
+-------------------+----------------------+
; Start date & time ; 03/30/2009 17:18:05  ;
; Main task         ; Compilation          ;
; Revision Name     ; pipemult_lc_phys_syn ;
+-------------------+----------------------+


+-----------------------------------------------------------------------------------------------------------------------+
; Flow Non-Default Global Settings                                                                                      ;
+--------------------------------------+------------------------------+----------------------+-------------+------------+
; Assignment Name                      ; Value                        ; Default Value        ; Entity Name ; Section Id ;
+--------------------------------------+------------------------------+----------------------+-------------+------------+
; COMPILER_SIGNATURE_ID                ; 106808666999.123840468403672 ; --                   ; --          ; --         ;
; PARTITION_COLOR                      ; 2147039                      ; --                   ; pipemult    ; Top        ;
; PARTITION_NETLIST_TYPE               ; SOURCE                       ; --                   ; pipemult    ; Top        ;
; PHYSICAL_SYNTHESIS_REGISTER_RETIMING ; On                           ; Off                  ; --          ; --         ;
; TIMEQUEST_DO_CCPP_REMOVAL            ; On                           ; Off                  ; --          ; --         ;
; TIMEQUEST_DO_REPORT_TIMING           ; On                           ; Off                  ; --          ; --         ;
; TOP_LEVEL_ENTITY                     ; pipemult                     ; pipemult_lc_phys_syn ; --          ; --         ;
; USE_TIMEQUEST_TIMING_ANALYZER        ; On                           ; Off                  ; --          ; --         ;
+--------------------------------------+------------------------------+----------------------+-------------+------------+


+-------------------------------------------------------------------------------------------------------------------------------+
; Flow Elapsed Time                                                                                                             ;
+---------------------------+--------------+-------------------------+---------------------+------------------------------------+
; Module Name               ; Elapsed Time ; Average Processors Used ; Peak Virtual Memory ; Total CPU Time (on all processors) ;
+---------------------------+--------------+-------------------------+---------------------+------------------------------------+
; Analysis & Synthesis      ; 00:00:05     ; 1.0                     ; 165 MB              ; 00:00:05                           ;
; Fitter                    ; 00:00:17     ; 1.0                     ; 191 MB              ; 00:00:14                           ;
; Assembler                 ; 00:00:00     ; 1.0                     ; 128 MB              ; 00:00:00                           ;
; TimeQuest Timing Analyzer ; 00:00:03     ; 1.0                     ; 140 MB              ; 00:00:03                           ;
; Total                     ; 00:00:25     ; --                      ; --                  ; 00:00:22                           ;
+---------------------------+--------------+-------------------------+---------------------+------------------------------------+


------------
; Flow Log ;
------------
quartus_map --read_settings_files=on --write_settings_files=off pipemult -c pipemult_lc_phys_syn
quartus_fit --read_settings_files=off --write_settings_files=off pipemult -c pipemult_lc_phys_syn
quartus_asm --read_settings_files=off --write_settings_files=off pipemult -c pipemult_lc_phys_syn
quartus_sta pipemult -c pipemult_lc_phys_syn



